Performing C SOURCE FILE Test C_LD_GOLD_RESULT failed with the following output:
Change Dir: /Users/qiaoyifan/mysql-server/CMakeFiles/CMakeTmp

Run Build Command(s):/usr/bin/make cmTC_54e07/fast && /Library/Developer/CommandLineTools/usr/bin/make -f CMakeFiles/cmTC_54e07.dir/build.make CMakeFiles/cmTC_54e07.dir/build
Building C object CMakeFiles/cmTC_54e07.dir/src.c.o
/Library/Developer/CommandLineTools/usr/bin/cc   -fPIC -fno-omit-frame-pointer  -DC_LD_GOLD_RESULT -isysroot /Library/Developer/CommandLineTools/SDKs/MacOSX10.14.sdk   -o CMakeFiles/cmTC_54e07.dir/src.c.o   -c /Users/qiaoyifan/mysql-server/CMakeFiles/CMakeTmp/src.c
Linking C executable cmTC_54e07
/usr/local/Cellar/cmake/3.15.3/bin/cmake -E cmake_link_script CMakeFiles/cmTC_54e07.dir/link.txt --verbose=1
/Library/Developer/CommandLineTools/usr/bin/cc -fPIC -fno-omit-frame-pointer  -DC_LD_GOLD_RESULT -isysroot /Library/Developer/CommandLineTools/SDKs/MacOSX10.14.sdk -Wl,-search_paths_first -Wl,-headerpad_max_install_names   CMakeFiles/cmTC_54e07.dir/src.c.o  -o cmTC_54e07 -fuse-ld=gold 
clang: error: invalid linker name in argument '-fuse-ld=gold'
make[1]: *** [cmTC_54e07] Error 1
make: *** [cmTC_54e07/fast] Error 2


Source file was:
int main() {}
Performing C++ SOURCE FILE Test CXX_LD_GOLD_RESULT failed with the following output:
Change Dir: /Users/qiaoyifan/mysql-server/CMakeFiles/CMakeTmp

Run Build Command(s):/usr/bin/make cmTC_11332/fast && /Library/Developer/CommandLineTools/usr/bin/make -f CMakeFiles/cmTC_11332.dir/build.make CMakeFiles/cmTC_11332.dir/build
Building CXX object CMakeFiles/cmTC_11332.dir/src.cxx.o
/Library/Developer/CommandLineTools/usr/bin/c++    -fPIC -std=c++14 -fno-omit-frame-pointer  -DCXX_LD_GOLD_RESULT -isysroot /Library/Developer/CommandLineTools/SDKs/MacOSX10.14.sdk   -o CMakeFiles/cmTC_11332.dir/src.cxx.o -c /Users/qiaoyifan/mysql-server/CMakeFiles/CMakeTmp/src.cxx
Linking CXX executable cmTC_11332
/usr/local/Cellar/cmake/3.15.3/bin/cmake -E cmake_link_script CMakeFiles/cmTC_11332.dir/link.txt --verbose=1
/Library/Developer/CommandLineTools/usr/bin/c++  -fPIC -std=c++14 -fno-omit-frame-pointer  -DCXX_LD_GOLD_RESULT -isysroot /Library/Developer/CommandLineTools/SDKs/MacOSX10.14.sdk -Wl,-search_paths_first -Wl,-headerpad_max_install_names   CMakeFiles/cmTC_11332.dir/src.cxx.o  -o cmTC_11332 -fuse-ld=gold 
clang: error: invalid linker name in argument '-fuse-ld=gold'
make[1]: *** [cmTC_11332] Error 1
make: *** [cmTC_11332/fast] Error 2


Source file was:
int main() {}
Determining if the function __infinity exists failed with the following output:
Change Dir: /Users/qiaoyifan/mysql-server/CMakeFiles/CMakeTmp

Run Build Command(s):/usr/bin/make cmTC_1b80c/fast && /Library/Developer/CommandLineTools/usr/bin/make -f CMakeFiles/cmTC_1b80c.dir/build.make CMakeFiles/cmTC_1b80c.dir/build
Building C object CMakeFiles/cmTC_1b80c.dir/CheckFunctionExists.c.o
/Library/Developer/CommandLineTools/usr/bin/cc   -fPIC -fno-omit-frame-pointer  -DCHECK_FUNCTION_EXISTS=__infinity -isysroot /Library/Developer/CommandLineTools/SDKs/MacOSX10.14.sdk   -o CMakeFiles/cmTC_1b80c.dir/CheckFunctionExists.c.o   -c /usr/local/Cellar/cmake/3.15.3/share/cmake/Modules/CheckFunctionExists.c
Linking C executable cmTC_1b80c
/usr/local/Cellar/cmake/3.15.3/bin/cmake -E cmake_link_script CMakeFiles/cmTC_1b80c.dir/link.txt --verbose=1
/Library/Developer/CommandLineTools/usr/bin/cc -fPIC -fno-omit-frame-pointer  -DCHECK_FUNCTION_EXISTS=__infinity -isysroot /Library/Developer/CommandLineTools/SDKs/MacOSX10.14.sdk -Wl,-search_paths_first -Wl,-headerpad_max_install_names   CMakeFiles/cmTC_1b80c.dir/CheckFunctionExists.c.o  -o cmTC_1b80c 
Undefined symbols for architecture x86_64:
  "___infinity", referenced from:
      _main in CheckFunctionExists.c.o
ld: symbol(s) not found for architecture x86_64
clang: error: linker command failed with exit code 1 (use -v to see invocation)
make[1]: *** [cmTC_1b80c] Error 1
make: *** [cmTC_1b80c/fast] Error 2



Determining if the function __infinity exists in the m failed with the following output:
Change Dir: /Users/qiaoyifan/mysql-server/CMakeFiles/CMakeTmp

Run Build Command(s):/usr/bin/make cmTC_09fbd/fast && /Library/Developer/CommandLineTools/usr/bin/make -f CMakeFiles/cmTC_09fbd.dir/build.make CMakeFiles/cmTC_09fbd.dir/build
Building C object CMakeFiles/cmTC_09fbd.dir/CheckFunctionExists.c.o
/Library/Developer/CommandLineTools/usr/bin/cc   -fPIC -fno-omit-frame-pointer  -DCHECK_FUNCTION_EXISTS=__infinity -isysroot /Library/Developer/CommandLineTools/SDKs/MacOSX10.14.sdk   -o CMakeFiles/cmTC_09fbd.dir/CheckFunctionExists.c.o   -c /usr/local/Cellar/cmake/3.15.3/share/cmake/Modules/CheckFunctionExists.c
Linking C executable cmTC_09fbd
/usr/local/Cellar/cmake/3.15.3/bin/cmake -E cmake_link_script CMakeFiles/cmTC_09fbd.dir/link.txt --verbose=1
/Library/Developer/CommandLineTools/usr/bin/cc -fPIC -fno-omit-frame-pointer  -DCHECK_FUNCTION_EXISTS=__infinity -isysroot /Library/Developer/CommandLineTools/SDKs/MacOSX10.14.sdk -Wl,-search_paths_first -Wl,-headerpad_max_install_names   CMakeFiles/cmTC_09fbd.dir/CheckFunctionExists.c.o  -o cmTC_09fbd -lm 
Undefined symbols for architecture x86_64:
  "___infinity", referenced from:
      _main in CheckFunctionExists.c.o
ld: symbol(s) not found for architecture x86_64
clang: error: linker command failed with exit code 1 (use -v to see invocation)
make[1]: *** [cmTC_09fbd] Error 1
make: *** [cmTC_09fbd/fast] Error 2



Determining if the function gethostbyname_r exists failed with the following output:
Change Dir: /Users/qiaoyifan/mysql-server/CMakeFiles/CMakeTmp

Run Build Command(s):/usr/bin/make cmTC_18ec8/fast && /Library/Developer/CommandLineTools/usr/bin/make -f CMakeFiles/cmTC_18ec8.dir/build.make CMakeFiles/cmTC_18ec8.dir/build
Building C object CMakeFiles/cmTC_18ec8.dir/CheckFunctionExists.c.o
/Library/Developer/CommandLineTools/usr/bin/cc   -fPIC -fno-omit-frame-pointer  -DCHECK_FUNCTION_EXISTS=gethostbyname_r -isysroot /Library/Developer/CommandLineTools/SDKs/MacOSX10.14.sdk   -o CMakeFiles/cmTC_18ec8.dir/CheckFunctionExists.c.o   -c /usr/local/Cellar/cmake/3.15.3/share/cmake/Modules/CheckFunctionExists.c
Linking C executable cmTC_18ec8
/usr/local/Cellar/cmake/3.15.3/bin/cmake -E cmake_link_script CMakeFiles/cmTC_18ec8.dir/link.txt --verbose=1
/Library/Developer/CommandLineTools/usr/bin/cc -fPIC -fno-omit-frame-pointer  -DCHECK_FUNCTION_EXISTS=gethostbyname_r -isysroot /Library/Developer/CommandLineTools/SDKs/MacOSX10.14.sdk -Wl,-search_paths_first -Wl,-headerpad_max_install_names   CMakeFiles/cmTC_18ec8.dir/CheckFunctionExists.c.o  -o cmTC_18ec8 
Undefined symbols for architecture x86_64:
  "_gethostbyname_r", referenced from:
      _main in CheckFunctionExists.c.o
ld: symbol(s) not found for architecture x86_64
clang: error: linker command failed with exit code 1 (use -v to see invocation)
make[1]: *** [cmTC_18ec8] Error 1
make: *** [cmTC_18ec8/fast] Error 2



Determining if the function gethostbyname_r exists in the nsl_r failed with the following output:
Change Dir: /Users/qiaoyifan/mysql-server/CMakeFiles/CMakeTmp

Run Build Command(s):/usr/bin/make cmTC_ee96e/fast && /Library/Developer/CommandLineTools/usr/bin/make -f CMakeFiles/cmTC_ee96e.dir/build.make CMakeFiles/cmTC_ee96e.dir/build
Building C object CMakeFiles/cmTC_ee96e.dir/CheckFunctionExists.c.o
/Library/Developer/CommandLineTools/usr/bin/cc   -fPIC -fno-omit-frame-pointer  -DCHECK_FUNCTION_EXISTS=gethostbyname_r -isysroot /Library/Developer/CommandLineTools/SDKs/MacOSX10.14.sdk   -o CMakeFiles/cmTC_ee96e.dir/CheckFunctionExists.c.o   -c /usr/local/Cellar/cmake/3.15.3/share/cmake/Modules/CheckFunctionExists.c
Linking C executable cmTC_ee96e
/usr/local/Cellar/cmake/3.15.3/bin/cmake -E cmake_link_script CMakeFiles/cmTC_ee96e.dir/link.txt --verbose=1
/Library/Developer/CommandLineTools/usr/bin/cc -fPIC -fno-omit-frame-pointer  -DCHECK_FUNCTION_EXISTS=gethostbyname_r -isysroot /Library/Developer/CommandLineTools/SDKs/MacOSX10.14.sdk -Wl,-search_paths_first -Wl,-headerpad_max_install_names   CMakeFiles/cmTC_ee96e.dir/CheckFunctionExists.c.o  -o cmTC_ee96e -lnsl_r 
ld: library not found for -lnsl_r
clang: error: linker command failed with exit code 1 (use -v to see invocation)
make[1]: *** [cmTC_ee96e] Error 1
make: *** [cmTC_ee96e/fast] Error 2



Determining if the function gethostbyname_r exists in the nsl failed with the following output:
Change Dir: /Users/qiaoyifan/mysql-server/CMakeFiles/CMakeTmp

Run Build Command(s):/usr/bin/make cmTC_b2deb/fast && /Library/Developer/CommandLineTools/usr/bin/make -f CMakeFiles/cmTC_b2deb.dir/build.make CMakeFiles/cmTC_b2deb.dir/build
Building C object CMakeFiles/cmTC_b2deb.dir/CheckFunctionExists.c.o
/Library/Developer/CommandLineTools/usr/bin/cc   -fPIC -fno-omit-frame-pointer  -DCHECK_FUNCTION_EXISTS=gethostbyname_r -isysroot /Library/Developer/CommandLineTools/SDKs/MacOSX10.14.sdk   -o CMakeFiles/cmTC_b2deb.dir/CheckFunctionExists.c.o   -c /usr/local/Cellar/cmake/3.15.3/share/cmake/Modules/CheckFunctionExists.c
Linking C executable cmTC_b2deb
/usr/local/Cellar/cmake/3.15.3/bin/cmake -E cmake_link_script CMakeFiles/cmTC_b2deb.dir/link.txt --verbose=1
/Library/Developer/CommandLineTools/usr/bin/cc -fPIC -fno-omit-frame-pointer  -DCHECK_FUNCTION_EXISTS=gethostbyname_r -isysroot /Library/Developer/CommandLineTools/SDKs/MacOSX10.14.sdk -Wl,-search_paths_first -Wl,-headerpad_max_install_names   CMakeFiles/cmTC_b2deb.dir/CheckFunctionExists.c.o  -o cmTC_b2deb -lnsl 
ld: library not found for -lnsl
clang: error: linker command failed with exit code 1 (use -v to see invocation)
make[1]: *** [cmTC_b2deb] Error 1
make: *** [cmTC_b2deb/fast] Error 2



Determining if the function timer_create exists failed with the following output:
Change Dir: /Users/qiaoyifan/mysql-server/CMakeFiles/CMakeTmp

Run Build Command(s):/usr/bin/make cmTC_1d137/fast && /Library/Developer/CommandLineTools/usr/bin/make -f CMakeFiles/cmTC_1d137.dir/build.make CMakeFiles/cmTC_1d137.dir/build
Building C object CMakeFiles/cmTC_1d137.dir/CheckFunctionExists.c.o
/Library/Developer/CommandLineTools/usr/bin/cc   -fPIC -fno-omit-frame-pointer  -DCHECK_FUNCTION_EXISTS=timer_create -isysroot /Library/Developer/CommandLineTools/SDKs/MacOSX10.14.sdk   -o CMakeFiles/cmTC_1d137.dir/CheckFunctionExists.c.o   -c /usr/local/Cellar/cmake/3.15.3/share/cmake/Modules/CheckFunctionExists.c
Linking C executable cmTC_1d137
/usr/local/Cellar/cmake/3.15.3/bin/cmake -E cmake_link_script CMakeFiles/cmTC_1d137.dir/link.txt --verbose=1
/Library/Developer/CommandLineTools/usr/bin/cc -fPIC -fno-omit-frame-pointer  -DCHECK_FUNCTION_EXISTS=timer_create -isysroot /Library/Developer/CommandLineTools/SDKs/MacOSX10.14.sdk -Wl,-search_paths_first -Wl,-headerpad_max_install_names   CMakeFiles/cmTC_1d137.dir/CheckFunctionExists.c.o  -o cmTC_1d137 
Undefined symbols for architecture x86_64:
  "_timer_create", referenced from:
      _main in CheckFunctionExists.c.o
ld: symbol(s) not found for architecture x86_64
clang: error: linker command failed with exit code 1 (use -v to see invocation)
make[1]: *** [cmTC_1d137] Error 1
make: *** [cmTC_1d137/fast] Error 2



Determining if the function timer_create exists in the rt failed with the following output:
Change Dir: /Users/qiaoyifan/mysql-server/CMakeFiles/CMakeTmp

Run Build Command(s):/usr/bin/make cmTC_4d839/fast && /Library/Developer/CommandLineTools/usr/bin/make -f CMakeFiles/cmTC_4d839.dir/build.make CMakeFiles/cmTC_4d839.dir/build
Building C object CMakeFiles/cmTC_4d839.dir/CheckFunctionExists.c.o
/Library/Developer/CommandLineTools/usr/bin/cc   -fPIC -fno-omit-frame-pointer  -DCHECK_FUNCTION_EXISTS=timer_create -isysroot /Library/Developer/CommandLineTools/SDKs/MacOSX10.14.sdk   -o CMakeFiles/cmTC_4d839.dir/CheckFunctionExists.c.o   -c /usr/local/Cellar/cmake/3.15.3/share/cmake/Modules/CheckFunctionExists.c
Linking C executable cmTC_4d839
/usr/local/Cellar/cmake/3.15.3/bin/cmake -E cmake_link_script CMakeFiles/cmTC_4d839.dir/link.txt --verbose=1
/Library/Developer/CommandLineTools/usr/bin/cc -fPIC -fno-omit-frame-pointer  -DCHECK_FUNCTION_EXISTS=timer_create -isysroot /Library/Developer/CommandLineTools/SDKs/MacOSX10.14.sdk -Wl,-search_paths_first -Wl,-headerpad_max_install_names   CMakeFiles/cmTC_4d839.dir/CheckFunctionExists.c.o  -o cmTC_4d839 -lrt 
ld: library not found for -lrt
clang: error: linker command failed with exit code 1 (use -v to see invocation)
make[1]: *** [cmTC_4d839] Error 1
make: *** [cmTC_4d839/fast] Error 2



Determining if files endian.h exist failed with the following output:
Change Dir: /Users/qiaoyifan/mysql-server/CMakeFiles/CMakeTmp

Run Build Command(s):/usr/bin/make cmTC_9a337/fast && /Library/Developer/CommandLineTools/usr/bin/make -f CMakeFiles/cmTC_9a337.dir/build.make CMakeFiles/cmTC_9a337.dir/build
Building C object CMakeFiles/cmTC_9a337.dir/HAVE_ENDIAN_H.c.o
/Library/Developer/CommandLineTools/usr/bin/cc   -fPIC -fno-omit-frame-pointer   -isysroot /Library/Developer/CommandLineTools/SDKs/MacOSX10.14.sdk   -o CMakeFiles/cmTC_9a337.dir/HAVE_ENDIAN_H.c.o   -c /Users/qiaoyifan/mysql-server/CMakeFiles/CheckIncludeFiles/HAVE_ENDIAN_H.c
/Users/qiaoyifan/mysql-server/CMakeFiles/CheckIncludeFiles/HAVE_ENDIAN_H.c:2:10: fatal error: 'endian.h' file not found
#include <endian.h>
         ^~~~~~~~~~
1 error generated.
make[1]: *** [CMakeFiles/cmTC_9a337.dir/HAVE_ENDIAN_H.c.o] Error 1
make: *** [cmTC_9a337/fast] Error 2


Source:
/* */
#include <endian.h>


int main(void){return 0;}

Determining if files fpu_control.h exist failed with the following output:
Change Dir: /Users/qiaoyifan/mysql-server/CMakeFiles/CMakeTmp

Run Build Command(s):/usr/bin/make cmTC_33d80/fast && /Library/Developer/CommandLineTools/usr/bin/make -f CMakeFiles/cmTC_33d80.dir/build.make CMakeFiles/cmTC_33d80.dir/build
Building C object CMakeFiles/cmTC_33d80.dir/HAVE_FPU_CONTROL_H.c.o
/Library/Developer/CommandLineTools/usr/bin/cc   -fPIC -fno-omit-frame-pointer   -isysroot /Library/Developer/CommandLineTools/SDKs/MacOSX10.14.sdk   -o CMakeFiles/cmTC_33d80.dir/HAVE_FPU_CONTROL_H.c.o   -c /Users/qiaoyifan/mysql-server/CMakeFiles/CheckIncludeFiles/HAVE_FPU_CONTROL_H.c
/Users/qiaoyifan/mysql-server/CMakeFiles/CheckIncludeFiles/HAVE_FPU_CONTROL_H.c:2:10: fatal error: 'fpu_control.h' file not found
#include <fpu_control.h>
         ^~~~~~~~~~~~~~~
1 error generated.
make[1]: *** [CMakeFiles/cmTC_33d80.dir/HAVE_FPU_CONTROL_H.c.o] Error 1
make: *** [cmTC_33d80/fast] Error 2


Source:
/* */
#include <fpu_control.h>


int main(void){return 0;}

Determining if files ieeefp.h exist failed with the following output:
Change Dir: /Users/qiaoyifan/mysql-server/CMakeFiles/CMakeTmp

Run Build Command(s):/usr/bin/make cmTC_78e29/fast && /Library/Developer/CommandLineTools/usr/bin/make -f CMakeFiles/cmTC_78e29.dir/build.make CMakeFiles/cmTC_78e29.dir/build
Building C object CMakeFiles/cmTC_78e29.dir/HAVE_IEEEFP_H.c.o
/Library/Developer/CommandLineTools/usr/bin/cc   -fPIC -fno-omit-frame-pointer   -isysroot /Library/Developer/CommandLineTools/SDKs/MacOSX10.14.sdk   -o CMakeFiles/cmTC_78e29.dir/HAVE_IEEEFP_H.c.o   -c /Users/qiaoyifan/mysql-server/CMakeFiles/CheckIncludeFiles/HAVE_IEEEFP_H.c
/Users/qiaoyifan/mysql-server/CMakeFiles/CheckIncludeFiles/HAVE_IEEEFP_H.c:2:10: fatal error: 'ieeefp.h' file not found
#include <ieeefp.h>
         ^~~~~~~~~~
1 error generated.
make[1]: *** [CMakeFiles/cmTC_78e29.dir/HAVE_IEEEFP_H.c.o] Error 1
make: *** [cmTC_78e29/fast] Error 2


Source:
/* */
#include <ieeefp.h>


int main(void){return 0;}

Determining if files malloc.h exist failed with the following output:
Change Dir: /Users/qiaoyifan/mysql-server/CMakeFiles/CMakeTmp

Run Build Command(s):/usr/bin/make cmTC_c6c58/fast && /Library/Developer/CommandLineTools/usr/bin/make -f CMakeFiles/cmTC_c6c58.dir/build.make CMakeFiles/cmTC_c6c58.dir/build
Building C object CMakeFiles/cmTC_c6c58.dir/HAVE_MALLOC_H.c.o
/Library/Developer/CommandLineTools/usr/bin/cc   -fPIC -fno-omit-frame-pointer   -isysroot /Library/Developer/CommandLineTools/SDKs/MacOSX10.14.sdk   -o CMakeFiles/cmTC_c6c58.dir/HAVE_MALLOC_H.c.o   -c /Users/qiaoyifan/mysql-server/CMakeFiles/CheckIncludeFiles/HAVE_MALLOC_H.c
/Users/qiaoyifan/mysql-server/CMakeFiles/CheckIncludeFiles/HAVE_MALLOC_H.c:2:10: fatal error: 'malloc.h' file not found
#include <malloc.h>
         ^~~~~~~~~~
1 error generated.
make[1]: *** [CMakeFiles/cmTC_c6c58.dir/HAVE_MALLOC_H.c.o] Error 1
make: *** [cmTC_c6c58/fast] Error 2


Source:
/* */
#include <malloc.h>


int main(void){return 0;}

Determining if files sys/prctl.h exist failed with the following output:
Change Dir: /Users/qiaoyifan/mysql-server/CMakeFiles/CMakeTmp

Run Build Command(s):/usr/bin/make cmTC_0d1e6/fast && /Library/Developer/CommandLineTools/usr/bin/make -f CMakeFiles/cmTC_0d1e6.dir/build.make CMakeFiles/cmTC_0d1e6.dir/build
Building C object CMakeFiles/cmTC_0d1e6.dir/HAVE_SYS_PRCTL_H.c.o
/Library/Developer/CommandLineTools/usr/bin/cc   -fPIC -fno-omit-frame-pointer   -isysroot /Library/Developer/CommandLineTools/SDKs/MacOSX10.14.sdk   -o CMakeFiles/cmTC_0d1e6.dir/HAVE_SYS_PRCTL_H.c.o   -c /Users/qiaoyifan/mysql-server/CMakeFiles/CheckIncludeFiles/HAVE_SYS_PRCTL_H.c
/Users/qiaoyifan/mysql-server/CMakeFiles/CheckIncludeFiles/HAVE_SYS_PRCTL_H.c:2:10: fatal error: 'sys/prctl.h' file not found
#include <sys/prctl.h>
         ^~~~~~~~~~~~~
1 error generated.
make[1]: *** [CMakeFiles/cmTC_0d1e6.dir/HAVE_SYS_PRCTL_H.c.o] Error 1
make: *** [cmTC_0d1e6/fast] Error 2


Source:
/* */
#include <sys/prctl.h>


int main(void){return 0;}

Determining if files termio.h exist failed with the following output:
Change Dir: /Users/qiaoyifan/mysql-server/CMakeFiles/CMakeTmp

Run Build Command(s):/usr/bin/make cmTC_17e27/fast && /Library/Developer/CommandLineTools/usr/bin/make -f CMakeFiles/cmTC_17e27.dir/build.make CMakeFiles/cmTC_17e27.dir/build
Building C object CMakeFiles/cmTC_17e27.dir/HAVE_TERMIO_H.c.o
/Library/Developer/CommandLineTools/usr/bin/cc   -fPIC -fno-omit-frame-pointer   -isysroot /Library/Developer/CommandLineTools/SDKs/MacOSX10.14.sdk   -o CMakeFiles/cmTC_17e27.dir/HAVE_TERMIO_H.c.o   -c /Users/qiaoyifan/mysql-server/CMakeFiles/CheckIncludeFiles/HAVE_TERMIO_H.c
/Users/qiaoyifan/mysql-server/CMakeFiles/CheckIncludeFiles/HAVE_TERMIO_H.c:2:10: fatal error: 'termio.h' file not found
#include <termio.h>
         ^~~~~~~~~~
1 error generated.
make[1]: *** [CMakeFiles/cmTC_17e27.dir/HAVE_TERMIO_H.c.o] Error 1
make: *** [cmTC_17e27/fast] Error 2


Source:
/* */
#include <termio.h>


int main(void){return 0;}

Determining if files sys/devpoll.h exist failed with the following output:
Change Dir: /Users/qiaoyifan/mysql-server/CMakeFiles/CMakeTmp

Run Build Command(s):/usr/bin/make cmTC_592fe/fast && /Library/Developer/CommandLineTools/usr/bin/make -f CMakeFiles/cmTC_592fe.dir/build.make CMakeFiles/cmTC_592fe.dir/build
Building C object CMakeFiles/cmTC_592fe.dir/HAVE_DEVPOLL.c.o
/Library/Developer/CommandLineTools/usr/bin/cc   -fPIC -fno-omit-frame-pointer   -isysroot /Library/Developer/CommandLineTools/SDKs/MacOSX10.14.sdk   -o CMakeFiles/cmTC_592fe.dir/HAVE_DEVPOLL.c.o   -c /Users/qiaoyifan/mysql-server/CMakeFiles/CheckIncludeFiles/HAVE_DEVPOLL.c
/Users/qiaoyifan/mysql-server/CMakeFiles/CheckIncludeFiles/HAVE_DEVPOLL.c:2:10: fatal error: 'sys/devpoll.h' file not found
#include <sys/devpoll.h>
         ^~~~~~~~~~~~~~~
1 error generated.
make[1]: *** [CMakeFiles/cmTC_592fe.dir/HAVE_DEVPOLL.c.o] Error 1
make: *** [cmTC_592fe/fast] Error 2


Source:
/* */
#include <sys/devpoll.h>


int main(void){return 0;}

Determining if files sys/epoll.h exist failed with the following output:
Change Dir: /Users/qiaoyifan/mysql-server/CMakeFiles/CMakeTmp

Run Build Command(s):/usr/bin/make cmTC_fb275/fast && /Library/Developer/CommandLineTools/usr/bin/make -f CMakeFiles/cmTC_fb275.dir/build.make CMakeFiles/cmTC_fb275.dir/build
Building C object CMakeFiles/cmTC_fb275.dir/HAVE_SYS_EPOLL_H.c.o
/Library/Developer/CommandLineTools/usr/bin/cc   -fPIC -fno-omit-frame-pointer   -isysroot /Library/Developer/CommandLineTools/SDKs/MacOSX10.14.sdk   -o CMakeFiles/cmTC_fb275.dir/HAVE_SYS_EPOLL_H.c.o   -c /Users/qiaoyifan/mysql-server/CMakeFiles/CheckIncludeFiles/HAVE_SYS_EPOLL_H.c
/Users/qiaoyifan/mysql-server/CMakeFiles/CheckIncludeFiles/HAVE_SYS_EPOLL_H.c:2:10: fatal error: 'sys/epoll.h' file not found
#include <sys/epoll.h>
         ^~~~~~~~~~~~~
1 error generated.
make[1]: *** [CMakeFiles/cmTC_fb275.dir/HAVE_SYS_EPOLL_H.c.o] Error 1
make: *** [cmTC_fb275/fast] Error 2


Source:
/* */
#include <sys/epoll.h>


int main(void){return 0;}

Determining if the function _aligned_malloc exists failed with the following output:
Change Dir: /Users/qiaoyifan/mysql-server/CMakeFiles/CMakeTmp

Run Build Command(s):/usr/bin/make cmTC_1c713/fast && /Library/Developer/CommandLineTools/usr/bin/make -f CMakeFiles/cmTC_1c713.dir/build.make CMakeFiles/cmTC_1c713.dir/build
Building C object CMakeFiles/cmTC_1c713.dir/CheckFunctionExists.c.o
/Library/Developer/CommandLineTools/usr/bin/cc   -fPIC -fno-omit-frame-pointer  -DCHECK_FUNCTION_EXISTS=_aligned_malloc -isysroot /Library/Developer/CommandLineTools/SDKs/MacOSX10.14.sdk   -o CMakeFiles/cmTC_1c713.dir/CheckFunctionExists.c.o   -c /usr/local/Cellar/cmake/3.15.3/share/cmake/Modules/CheckFunctionExists.c
Linking C executable cmTC_1c713
/usr/local/Cellar/cmake/3.15.3/bin/cmake -E cmake_link_script CMakeFiles/cmTC_1c713.dir/link.txt --verbose=1
/Library/Developer/CommandLineTools/usr/bin/cc -fPIC -fno-omit-frame-pointer  -DCHECK_FUNCTION_EXISTS=_aligned_malloc -isysroot /Library/Developer/CommandLineTools/SDKs/MacOSX10.14.sdk -Wl,-search_paths_first -Wl,-headerpad_max_install_names   CMakeFiles/cmTC_1c713.dir/CheckFunctionExists.c.o  -o cmTC_1c713 
Undefined symbols for architecture x86_64:
  "__aligned_malloc", referenced from:
      _main in CheckFunctionExists.c.o
ld: symbol(s) not found for architecture x86_64
clang: error: linker command failed with exit code 1 (use -v to see invocation)
make[1]: *** [cmTC_1c713] Error 1
make: *** [cmTC_1c713/fast] Error 2



Determining if the function cuserid exists failed with the following output:
Change Dir: /Users/qiaoyifan/mysql-server/CMakeFiles/CMakeTmp

Run Build Command(s):/usr/bin/make cmTC_e76b9/fast && /Library/Developer/CommandLineTools/usr/bin/make -f CMakeFiles/cmTC_e76b9.dir/build.make CMakeFiles/cmTC_e76b9.dir/build
Building C object CMakeFiles/cmTC_e76b9.dir/CheckFunctionExists.c.o
/Library/Developer/CommandLineTools/usr/bin/cc   -fPIC -fno-omit-frame-pointer  -DCHECK_FUNCTION_EXISTS=cuserid -isysroot /Library/Developer/CommandLineTools/SDKs/MacOSX10.14.sdk   -o CMakeFiles/cmTC_e76b9.dir/CheckFunctionExists.c.o   -c /usr/local/Cellar/cmake/3.15.3/share/cmake/Modules/CheckFunctionExists.c
Linking C executable cmTC_e76b9
/usr/local/Cellar/cmake/3.15.3/bin/cmake -E cmake_link_script CMakeFiles/cmTC_e76b9.dir/link.txt --verbose=1
/Library/Developer/CommandLineTools/usr/bin/cc -fPIC -fno-omit-frame-pointer  -DCHECK_FUNCTION_EXISTS=cuserid -isysroot /Library/Developer/CommandLineTools/SDKs/MacOSX10.14.sdk -Wl,-search_paths_first -Wl,-headerpad_max_install_names   CMakeFiles/cmTC_e76b9.dir/CheckFunctionExists.c.o  -o cmTC_e76b9 
Undefined symbols for architecture x86_64:
  "_cuserid", referenced from:
      _main in CheckFunctionExists.c.o
ld: symbol(s) not found for architecture x86_64
clang: error: linker command failed with exit code 1 (use -v to see invocation)
make[1]: *** [cmTC_e76b9] Error 1
make: *** [cmTC_e76b9/fast] Error 2



Determining if the function directio exists failed with the following output:
Change Dir: /Users/qiaoyifan/mysql-server/CMakeFiles/CMakeTmp

Run Build Command(s):/usr/bin/make cmTC_763f8/fast && /Library/Developer/CommandLineTools/usr/bin/make -f CMakeFiles/cmTC_763f8.dir/build.make CMakeFiles/cmTC_763f8.dir/build
Building C object CMakeFiles/cmTC_763f8.dir/CheckFunctionExists.c.o
/Library/Developer/CommandLineTools/usr/bin/cc   -fPIC -fno-omit-frame-pointer  -DCHECK_FUNCTION_EXISTS=directio -isysroot /Library/Developer/CommandLineTools/SDKs/MacOSX10.14.sdk   -o CMakeFiles/cmTC_763f8.dir/CheckFunctionExists.c.o   -c /usr/local/Cellar/cmake/3.15.3/share/cmake/Modules/CheckFunctionExists.c
Linking C executable cmTC_763f8
/usr/local/Cellar/cmake/3.15.3/bin/cmake -E cmake_link_script CMakeFiles/cmTC_763f8.dir/link.txt --verbose=1
/Library/Developer/CommandLineTools/usr/bin/cc -fPIC -fno-omit-frame-pointer  -DCHECK_FUNCTION_EXISTS=directio -isysroot /Library/Developer/CommandLineTools/SDKs/MacOSX10.14.sdk -Wl,-search_paths_first -Wl,-headerpad_max_install_names   CMakeFiles/cmTC_763f8.dir/CheckFunctionExists.c.o  -o cmTC_763f8 
Undefined symbols for architecture x86_64:
  "_directio", referenced from:
      _main in CheckFunctionExists.c.o
ld: symbol(s) not found for architecture x86_64
clang: error: linker command failed with exit code 1 (use -v to see invocation)
make[1]: *** [cmTC_763f8] Error 1
make: *** [cmTC_763f8/fast] Error 2



Determining if the fdatasync exist failed with the following output:
Change Dir: /Users/qiaoyifan/mysql-server/CMakeFiles/CMakeTmp

Run Build Command(s):/usr/bin/make cmTC_d704c/fast && /Library/Developer/CommandLineTools/usr/bin/make -f CMakeFiles/cmTC_d704c.dir/build.make CMakeFiles/cmTC_d704c.dir/build
Building C object CMakeFiles/cmTC_d704c.dir/CheckSymbolExists.c.o
/Library/Developer/CommandLineTools/usr/bin/cc   -fPIC -fno-omit-frame-pointer   -isysroot /Library/Developer/CommandLineTools/SDKs/MacOSX10.14.sdk   -o CMakeFiles/cmTC_d704c.dir/CheckSymbolExists.c.o   -c /Users/qiaoyifan/mysql-server/CMakeFiles/CMakeTmp/CheckSymbolExists.c
/Users/qiaoyifan/mysql-server/CMakeFiles/CMakeTmp/CheckSymbolExists.c:8:19: error: use of undeclared identifier 'fdatasync'
  return ((int*)(&fdatasync))[argc];
                  ^
1 error generated.
make[1]: *** [CMakeFiles/cmTC_d704c.dir/CheckSymbolExists.c.o] Error 1
make: *** [cmTC_d704c/fast] Error 2


File /Users/qiaoyifan/mysql-server/CMakeFiles/CMakeTmp/CheckSymbolExists.c:
/* */
#include <unistd.h>

int main(int argc, char** argv)
{
  (void)argv;
#ifndef fdatasync
  return ((int*)(&fdatasync))[argc];
#else
  (void)argc;
  return 0;
#endif
}

Determining if the function fedisableexcept exists failed with the following output:
Change Dir: /Users/qiaoyifan/mysql-server/CMakeFiles/CMakeTmp

Run Build Command(s):/usr/bin/make cmTC_be9a7/fast && /Library/Developer/CommandLineTools/usr/bin/make -f CMakeFiles/cmTC_be9a7.dir/build.make CMakeFiles/cmTC_be9a7.dir/build
Building C object CMakeFiles/cmTC_be9a7.dir/CheckFunctionExists.c.o
/Library/Developer/CommandLineTools/usr/bin/cc   -fPIC -fno-omit-frame-pointer  -DCHECK_FUNCTION_EXISTS=fedisableexcept -isysroot /Library/Developer/CommandLineTools/SDKs/MacOSX10.14.sdk   -o CMakeFiles/cmTC_be9a7.dir/CheckFunctionExists.c.o   -c /usr/local/Cellar/cmake/3.15.3/share/cmake/Modules/CheckFunctionExists.c
Linking C executable cmTC_be9a7
/usr/local/Cellar/cmake/3.15.3/bin/cmake -E cmake_link_script CMakeFiles/cmTC_be9a7.dir/link.txt --verbose=1
/Library/Developer/CommandLineTools/usr/bin/cc -fPIC -fno-omit-frame-pointer  -DCHECK_FUNCTION_EXISTS=fedisableexcept -isysroot /Library/Developer/CommandLineTools/SDKs/MacOSX10.14.sdk -Wl,-search_paths_first -Wl,-headerpad_max_install_names   CMakeFiles/cmTC_be9a7.dir/CheckFunctionExists.c.o  -o cmTC_be9a7 
Undefined symbols for architecture x86_64:
  "_fedisableexcept", referenced from:
      _main in CheckFunctionExists.c.o
ld: symbol(s) not found for architecture x86_64
clang: error: linker command failed with exit code 1 (use -v to see invocation)
make[1]: *** [cmTC_be9a7] Error 1
make: *** [cmTC_be9a7/fast] Error 2



Determining if the function gethrtime exists failed with the following output:
Change Dir: /Users/qiaoyifan/mysql-server/CMakeFiles/CMakeTmp

Run Build Command(s):/usr/bin/make cmTC_0825f/fast && /Library/Developer/CommandLineTools/usr/bin/make -f CMakeFiles/cmTC_0825f.dir/build.make CMakeFiles/cmTC_0825f.dir/build
Building C object CMakeFiles/cmTC_0825f.dir/CheckFunctionExists.c.o
/Library/Developer/CommandLineTools/usr/bin/cc   -fPIC -fno-omit-frame-pointer  -DCHECK_FUNCTION_EXISTS=gethrtime -isysroot /Library/Developer/CommandLineTools/SDKs/MacOSX10.14.sdk   -o CMakeFiles/cmTC_0825f.dir/CheckFunctionExists.c.o   -c /usr/local/Cellar/cmake/3.15.3/share/cmake/Modules/CheckFunctionExists.c
Linking C executable cmTC_0825f
/usr/local/Cellar/cmake/3.15.3/bin/cmake -E cmake_link_script CMakeFiles/cmTC_0825f.dir/link.txt --verbose=1
/Library/Developer/CommandLineTools/usr/bin/cc -fPIC -fno-omit-frame-pointer  -DCHECK_FUNCTION_EXISTS=gethrtime -isysroot /Library/Developer/CommandLineTools/SDKs/MacOSX10.14.sdk -Wl,-search_paths_first -Wl,-headerpad_max_install_names   CMakeFiles/cmTC_0825f.dir/CheckFunctionExists.c.o  -o cmTC_0825f 
Undefined symbols for architecture x86_64:
  "_gethrtime", referenced from:
      _main in CheckFunctionExists.c.o
ld: symbol(s) not found for architecture x86_64
clang: error: linker command failed with exit code 1 (use -v to see invocation)
make[1]: *** [cmTC_0825f] Error 1
make: *** [cmTC_0825f/fast] Error 2



Determining if the function getpassphrase exists failed with the following output:
Change Dir: /Users/qiaoyifan/mysql-server/CMakeFiles/CMakeTmp

Run Build Command(s):/usr/bin/make cmTC_1c961/fast && /Library/Developer/CommandLineTools/usr/bin/make -f CMakeFiles/cmTC_1c961.dir/build.make CMakeFiles/cmTC_1c961.dir/build
Building C object CMakeFiles/cmTC_1c961.dir/CheckFunctionExists.c.o
/Library/Developer/CommandLineTools/usr/bin/cc   -fPIC -fno-omit-frame-pointer  -DCHECK_FUNCTION_EXISTS=getpassphrase -isysroot /Library/Developer/CommandLineTools/SDKs/MacOSX10.14.sdk   -o CMakeFiles/cmTC_1c961.dir/CheckFunctionExists.c.o   -c /usr/local/Cellar/cmake/3.15.3/share/cmake/Modules/CheckFunctionExists.c
Linking C executable cmTC_1c961
/usr/local/Cellar/cmake/3.15.3/bin/cmake -E cmake_link_script CMakeFiles/cmTC_1c961.dir/link.txt --verbose=1
/Library/Developer/CommandLineTools/usr/bin/cc -fPIC -fno-omit-frame-pointer  -DCHECK_FUNCTION_EXISTS=getpassphrase -isysroot /Library/Developer/CommandLineTools/SDKs/MacOSX10.14.sdk -Wl,-search_paths_first -Wl,-headerpad_max_install_names   CMakeFiles/cmTC_1c961.dir/CheckFunctionExists.c.o  -o cmTC_1c961 
Undefined symbols for architecture x86_64:
  "_getpassphrase", referenced from:
      _main in CheckFunctionExists.c.o
ld: symbol(s) not found for architecture x86_64
clang: error: linker command failed with exit code 1 (use -v to see invocation)
make[1]: *** [cmTC_1c961] Error 1
make: *** [cmTC_1c961/fast] Error 2



Determining if the function malloc_info exists failed with the following output:
Change Dir: /Users/qiaoyifan/mysql-server/CMakeFiles/CMakeTmp

Run Build Command(s):/usr/bin/make cmTC_c15d2/fast && /Library/Developer/CommandLineTools/usr/bin/make -f CMakeFiles/cmTC_c15d2.dir/build.make CMakeFiles/cmTC_c15d2.dir/build
Building C object CMakeFiles/cmTC_c15d2.dir/CheckFunctionExists.c.o
/Library/Developer/CommandLineTools/usr/bin/cc   -fPIC -fno-omit-frame-pointer  -DCHECK_FUNCTION_EXISTS=malloc_info -isysroot /Library/Developer/CommandLineTools/SDKs/MacOSX10.14.sdk   -o CMakeFiles/cmTC_c15d2.dir/CheckFunctionExists.c.o   -c /usr/local/Cellar/cmake/3.15.3/share/cmake/Modules/CheckFunctionExists.c
Linking C executable cmTC_c15d2
/usr/local/Cellar/cmake/3.15.3/bin/cmake -E cmake_link_script CMakeFiles/cmTC_c15d2.dir/link.txt --verbose=1
/Library/Developer/CommandLineTools/usr/bin/cc -fPIC -fno-omit-frame-pointer  -DCHECK_FUNCTION_EXISTS=malloc_info -isysroot /Library/Developer/CommandLineTools/SDKs/MacOSX10.14.sdk -Wl,-search_paths_first -Wl,-headerpad_max_install_names   CMakeFiles/cmTC_c15d2.dir/CheckFunctionExists.c.o  -o cmTC_c15d2 
Undefined symbols for architecture x86_64:
  "_malloc_info", referenced from:
      _main in CheckFunctionExists.c.o
ld: symbol(s) not found for architecture x86_64
clang: error: linker command failed with exit code 1 (use -v to see invocation)
make[1]: *** [cmTC_c15d2] Error 1
make: *** [cmTC_c15d2/fast] Error 2



Determining if the function memrchr exists failed with the following output:
Change Dir: /Users/qiaoyifan/mysql-server/CMakeFiles/CMakeTmp

Run Build Command(s):/usr/bin/make cmTC_6d63f/fast && /Library/Developer/CommandLineTools/usr/bin/make -f CMakeFiles/cmTC_6d63f.dir/build.make CMakeFiles/cmTC_6d63f.dir/build
Building C object CMakeFiles/cmTC_6d63f.dir/CheckFunctionExists.c.o
/Library/Developer/CommandLineTools/usr/bin/cc   -fPIC -fno-omit-frame-pointer  -DCHECK_FUNCTION_EXISTS=memrchr -isysroot /Library/Developer/CommandLineTools/SDKs/MacOSX10.14.sdk   -o CMakeFiles/cmTC_6d63f.dir/CheckFunctionExists.c.o   -c /usr/local/Cellar/cmake/3.15.3/share/cmake/Modules/CheckFunctionExists.c
Linking C executable cmTC_6d63f
/usr/local/Cellar/cmake/3.15.3/bin/cmake -E cmake_link_script CMakeFiles/cmTC_6d63f.dir/link.txt --verbose=1
/Library/Developer/CommandLineTools/usr/bin/cc -fPIC -fno-omit-frame-pointer  -DCHECK_FUNCTION_EXISTS=memrchr -isysroot /Library/Developer/CommandLineTools/SDKs/MacOSX10.14.sdk -Wl,-search_paths_first -Wl,-headerpad_max_install_names   CMakeFiles/cmTC_6d63f.dir/CheckFunctionExists.c.o  -o cmTC_6d63f 
Undefined symbols for architecture x86_64:
  "_memrchr", referenced from:
      _main in CheckFunctionExists.c.o
ld: symbol(s) not found for architecture x86_64
clang: error: linker command failed with exit code 1 (use -v to see invocation)
make[1]: *** [cmTC_6d63f] Error 1
make: *** [cmTC_6d63f/fast] Error 2



Determining if the function mmap64 exists failed with the following output:
Change Dir: /Users/qiaoyifan/mysql-server/CMakeFiles/CMakeTmp

Run Build Command(s):/usr/bin/make cmTC_30930/fast && /Library/Developer/CommandLineTools/usr/bin/make -f CMakeFiles/cmTC_30930.dir/build.make CMakeFiles/cmTC_30930.dir/build
Building C object CMakeFiles/cmTC_30930.dir/CheckFunctionExists.c.o
/Library/Developer/CommandLineTools/usr/bin/cc   -fPIC -fno-omit-frame-pointer  -DCHECK_FUNCTION_EXISTS=mmap64 -isysroot /Library/Developer/CommandLineTools/SDKs/MacOSX10.14.sdk   -o CMakeFiles/cmTC_30930.dir/CheckFunctionExists.c.o   -c /usr/local/Cellar/cmake/3.15.3/share/cmake/Modules/CheckFunctionExists.c
Linking C executable cmTC_30930
/usr/local/Cellar/cmake/3.15.3/bin/cmake -E cmake_link_script CMakeFiles/cmTC_30930.dir/link.txt --verbose=1
/Library/Developer/CommandLineTools/usr/bin/cc -fPIC -fno-omit-frame-pointer  -DCHECK_FUNCTION_EXISTS=mmap64 -isysroot /Library/Developer/CommandLineTools/SDKs/MacOSX10.14.sdk -Wl,-search_paths_first -Wl,-headerpad_max_install_names   CMakeFiles/cmTC_30930.dir/CheckFunctionExists.c.o  -o cmTC_30930 
Undefined symbols for architecture x86_64:
  "_mmap64", referenced from:
      _main in CheckFunctionExists.c.o
ld: symbol(s) not found for architecture x86_64
clang: error: linker command failed with exit code 1 (use -v to see invocation)
make[1]: *** [cmTC_30930] Error 1
make: *** [cmTC_30930/fast] Error 2



Determining if the function posix_fallocate exists failed with the following output:
Change Dir: /Users/qiaoyifan/mysql-server/CMakeFiles/CMakeTmp

Run Build Command(s):/usr/bin/make cmTC_6c326/fast && /Library/Developer/CommandLineTools/usr/bin/make -f CMakeFiles/cmTC_6c326.dir/build.make CMakeFiles/cmTC_6c326.dir/build
Building C object CMakeFiles/cmTC_6c326.dir/CheckFunctionExists.c.o
/Library/Developer/CommandLineTools/usr/bin/cc   -fPIC -fno-omit-frame-pointer  -DCHECK_FUNCTION_EXISTS=posix_fallocate -isysroot /Library/Developer/CommandLineTools/SDKs/MacOSX10.14.sdk   -o CMakeFiles/cmTC_6c326.dir/CheckFunctionExists.c.o   -c /usr/local/Cellar/cmake/3.15.3/share/cmake/Modules/CheckFunctionExists.c
Linking C executable cmTC_6c326
/usr/local/Cellar/cmake/3.15.3/bin/cmake -E cmake_link_script CMakeFiles/cmTC_6c326.dir/link.txt --verbose=1
/Library/Developer/CommandLineTools/usr/bin/cc -fPIC -fno-omit-frame-pointer  -DCHECK_FUNCTION_EXISTS=posix_fallocate -isysroot /Library/Developer/CommandLineTools/SDKs/MacOSX10.14.sdk -Wl,-search_paths_first -Wl,-headerpad_max_install_names   CMakeFiles/cmTC_6c326.dir/CheckFunctionExists.c.o  -o cmTC_6c326 
Undefined symbols for architecture x86_64:
  "_posix_fallocate", referenced from:
      _main in CheckFunctionExists.c.o
ld: symbol(s) not found for architecture x86_64
clang: error: linker command failed with exit code 1 (use -v to see invocation)
make[1]: *** [cmTC_6c326] Error 1
make: *** [cmTC_6c326/fast] Error 2



Determining if the function pthread_condattr_setclock exists failed with the following output:
Change Dir: /Users/qiaoyifan/mysql-server/CMakeFiles/CMakeTmp

Run Build Command(s):/usr/bin/make cmTC_4ddc7/fast && /Library/Developer/CommandLineTools/usr/bin/make -f CMakeFiles/cmTC_4ddc7.dir/build.make CMakeFiles/cmTC_4ddc7.dir/build
Building C object CMakeFiles/cmTC_4ddc7.dir/CheckFunctionExists.c.o
/Library/Developer/CommandLineTools/usr/bin/cc   -fPIC -fno-omit-frame-pointer  -DCHECK_FUNCTION_EXISTS=pthread_condattr_setclock -isysroot /Library/Developer/CommandLineTools/SDKs/MacOSX10.14.sdk   -o CMakeFiles/cmTC_4ddc7.dir/CheckFunctionExists.c.o   -c /usr/local/Cellar/cmake/3.15.3/share/cmake/Modules/CheckFunctionExists.c
Linking C executable cmTC_4ddc7
/usr/local/Cellar/cmake/3.15.3/bin/cmake -E cmake_link_script CMakeFiles/cmTC_4ddc7.dir/link.txt --verbose=1
/Library/Developer/CommandLineTools/usr/bin/cc -fPIC -fno-omit-frame-pointer  -DCHECK_FUNCTION_EXISTS=pthread_condattr_setclock -isysroot /Library/Developer/CommandLineTools/SDKs/MacOSX10.14.sdk -Wl,-search_paths_first -Wl,-headerpad_max_install_names   CMakeFiles/cmTC_4ddc7.dir/CheckFunctionExists.c.o  -o cmTC_4ddc7 
Undefined symbols for architecture x86_64:
  "_pthread_condattr_setclock", referenced from:
      _main in CheckFunctionExists.c.o
ld: symbol(s) not found for architecture x86_64
clang: error: linker command failed with exit code 1 (use -v to see invocation)
make[1]: *** [cmTC_4ddc7] Error 1
make: *** [cmTC_4ddc7/fast] Error 2



Determining if the function pthread_getaffinity_np exists failed with the following output:
Change Dir: /Users/qiaoyifan/mysql-server/CMakeFiles/CMakeTmp

Run Build Command(s):/usr/bin/make cmTC_7e8cf/fast && /Library/Developer/CommandLineTools/usr/bin/make -f CMakeFiles/cmTC_7e8cf.dir/build.make CMakeFiles/cmTC_7e8cf.dir/build
Building C object CMakeFiles/cmTC_7e8cf.dir/CheckFunctionExists.c.o
/Library/Developer/CommandLineTools/usr/bin/cc   -fPIC -fno-omit-frame-pointer  -DCHECK_FUNCTION_EXISTS=pthread_getaffinity_np -isysroot /Library/Developer/CommandLineTools/SDKs/MacOSX10.14.sdk   -o CMakeFiles/cmTC_7e8cf.dir/CheckFunctionExists.c.o   -c /usr/local/Cellar/cmake/3.15.3/share/cmake/Modules/CheckFunctionExists.c
Linking C executable cmTC_7e8cf
/usr/local/Cellar/cmake/3.15.3/bin/cmake -E cmake_link_script CMakeFiles/cmTC_7e8cf.dir/link.txt --verbose=1
/Library/Developer/CommandLineTools/usr/bin/cc -fPIC -fno-omit-frame-pointer  -DCHECK_FUNCTION_EXISTS=pthread_getaffinity_np -isysroot /Library/Developer/CommandLineTools/SDKs/MacOSX10.14.sdk -Wl,-search_paths_first -Wl,-headerpad_max_install_names   CMakeFiles/cmTC_7e8cf.dir/CheckFunctionExists.c.o  -o cmTC_7e8cf 
Undefined symbols for architecture x86_64:
  "_pthread_getaffinity_np", referenced from:
      _main in CheckFunctionExists.c.o
ld: symbol(s) not found for architecture x86_64
clang: error: linker command failed with exit code 1 (use -v to see invocation)
make[1]: *** [cmTC_7e8cf] Error 1
make: *** [cmTC_7e8cf/fast] Error 2



Determining if the function setfd exists failed with the following output:
Change Dir: /Users/qiaoyifan/mysql-server/CMakeFiles/CMakeTmp

Run Build Command(s):/usr/bin/make cmTC_d3408/fast && /Library/Developer/CommandLineTools/usr/bin/make -f CMakeFiles/cmTC_d3408.dir/build.make CMakeFiles/cmTC_d3408.dir/build
Building C object CMakeFiles/cmTC_d3408.dir/CheckFunctionExists.c.o
/Library/Developer/CommandLineTools/usr/bin/cc   -fPIC -fno-omit-frame-pointer  -DCHECK_FUNCTION_EXISTS=setfd -isysroot /Library/Developer/CommandLineTools/SDKs/MacOSX10.14.sdk   -o CMakeFiles/cmTC_d3408.dir/CheckFunctionExists.c.o   -c /usr/local/Cellar/cmake/3.15.3/share/cmake/Modules/CheckFunctionExists.c
Linking C executable cmTC_d3408
/usr/local/Cellar/cmake/3.15.3/bin/cmake -E cmake_link_script CMakeFiles/cmTC_d3408.dir/link.txt --verbose=1
/Library/Developer/CommandLineTools/usr/bin/cc -fPIC -fno-omit-frame-pointer  -DCHECK_FUNCTION_EXISTS=setfd -isysroot /Library/Developer/CommandLineTools/SDKs/MacOSX10.14.sdk -Wl,-search_paths_first -Wl,-headerpad_max_install_names   CMakeFiles/cmTC_d3408.dir/CheckFunctionExists.c.o  -o cmTC_d3408 
Undefined symbols for architecture x86_64:
  "_setfd", referenced from:
      _main in CheckFunctionExists.c.o
ld: symbol(s) not found for architecture x86_64
clang: error: linker command failed with exit code 1 (use -v to see invocation)
make[1]: *** [cmTC_d3408] Error 1
make: *** [cmTC_d3408/fast] Error 2



Determining if the function tell exists failed with the following output:
Change Dir: /Users/qiaoyifan/mysql-server/CMakeFiles/CMakeTmp

Run Build Command(s):/usr/bin/make cmTC_4c89b/fast && /Library/Developer/CommandLineTools/usr/bin/make -f CMakeFiles/cmTC_4c89b.dir/build.make CMakeFiles/cmTC_4c89b.dir/build
Building C object CMakeFiles/cmTC_4c89b.dir/CheckFunctionExists.c.o
/Library/Developer/CommandLineTools/usr/bin/cc   -fPIC -fno-omit-frame-pointer  -DCHECK_FUNCTION_EXISTS=tell -isysroot /Library/Developer/CommandLineTools/SDKs/MacOSX10.14.sdk   -o CMakeFiles/cmTC_4c89b.dir/CheckFunctionExists.c.o   -c /usr/local/Cellar/cmake/3.15.3/share/cmake/Modules/CheckFunctionExists.c
Linking C executable cmTC_4c89b
/usr/local/Cellar/cmake/3.15.3/bin/cmake -E cmake_link_script CMakeFiles/cmTC_4c89b.dir/link.txt --verbose=1
/Library/Developer/CommandLineTools/usr/bin/cc -fPIC -fno-omit-frame-pointer  -DCHECK_FUNCTION_EXISTS=tell -isysroot /Library/Developer/CommandLineTools/SDKs/MacOSX10.14.sdk -Wl,-search_paths_first -Wl,-headerpad_max_install_names   CMakeFiles/cmTC_4c89b.dir/CheckFunctionExists.c.o  -o cmTC_4c89b 
Undefined symbols for architecture x86_64:
  "_tell", referenced from:
      _main in CheckFunctionExists.c.o
ld: symbol(s) not found for architecture x86_64
clang: error: linker command failed with exit code 1 (use -v to see invocation)
make[1]: *** [cmTC_4c89b] Error 1
make: *** [cmTC_4c89b/fast] Error 2



Determining if the function memalign exists failed with the following output:
Change Dir: /Users/qiaoyifan/mysql-server/CMakeFiles/CMakeTmp

Run Build Command(s):/usr/bin/make cmTC_322b5/fast && /Library/Developer/CommandLineTools/usr/bin/make -f CMakeFiles/cmTC_322b5.dir/build.make CMakeFiles/cmTC_322b5.dir/build
Building C object CMakeFiles/cmTC_322b5.dir/CheckFunctionExists.c.o
/Library/Developer/CommandLineTools/usr/bin/cc   -fPIC -fno-omit-frame-pointer  -DCHECK_FUNCTION_EXISTS=memalign -isysroot /Library/Developer/CommandLineTools/SDKs/MacOSX10.14.sdk   -o CMakeFiles/cmTC_322b5.dir/CheckFunctionExists.c.o   -c /usr/local/Cellar/cmake/3.15.3/share/cmake/Modules/CheckFunctionExists.c
Linking C executable cmTC_322b5
/usr/local/Cellar/cmake/3.15.3/bin/cmake -E cmake_link_script CMakeFiles/cmTC_322b5.dir/link.txt --verbose=1
/Library/Developer/CommandLineTools/usr/bin/cc -fPIC -fno-omit-frame-pointer  -DCHECK_FUNCTION_EXISTS=memalign -isysroot /Library/Developer/CommandLineTools/SDKs/MacOSX10.14.sdk -Wl,-search_paths_first -Wl,-headerpad_max_install_names   CMakeFiles/cmTC_322b5.dir/CheckFunctionExists.c.o  -o cmTC_322b5 
Undefined symbols for architecture x86_64:
  "_memalign", referenced from:
      _main in CheckFunctionExists.c.o
ld: symbol(s) not found for architecture x86_64
clang: error: linker command failed with exit code 1 (use -v to see invocation)
make[1]: *** [cmTC_322b5] Error 1
make: *** [cmTC_322b5/fast] Error 2



Determining if the function ntohll exists failed with the following output:
Change Dir: /Users/qiaoyifan/mysql-server/CMakeFiles/CMakeTmp

Run Build Command(s):/usr/bin/make cmTC_18954/fast && /Library/Developer/CommandLineTools/usr/bin/make -f CMakeFiles/cmTC_18954.dir/build.make CMakeFiles/cmTC_18954.dir/build
Building C object CMakeFiles/cmTC_18954.dir/CheckFunctionExists.c.o
/Library/Developer/CommandLineTools/usr/bin/cc   -fPIC -fno-omit-frame-pointer  -DCHECK_FUNCTION_EXISTS=ntohll -isysroot /Library/Developer/CommandLineTools/SDKs/MacOSX10.14.sdk   -o CMakeFiles/cmTC_18954.dir/CheckFunctionExists.c.o   -c /usr/local/Cellar/cmake/3.15.3/share/cmake/Modules/CheckFunctionExists.c
Linking C executable cmTC_18954
/usr/local/Cellar/cmake/3.15.3/bin/cmake -E cmake_link_script CMakeFiles/cmTC_18954.dir/link.txt --verbose=1
/Library/Developer/CommandLineTools/usr/bin/cc -fPIC -fno-omit-frame-pointer  -DCHECK_FUNCTION_EXISTS=ntohll -isysroot /Library/Developer/CommandLineTools/SDKs/MacOSX10.14.sdk -Wl,-search_paths_first -Wl,-headerpad_max_install_names   CMakeFiles/cmTC_18954.dir/CheckFunctionExists.c.o  -o cmTC_18954 
Undefined symbols for architecture x86_64:
  "_ntohll", referenced from:
      _main in CheckFunctionExists.c.o
ld: symbol(s) not found for architecture x86_64
clang: error: linker command failed with exit code 1 (use -v to see invocation)
make[1]: *** [cmTC_18954] Error 1
make: *** [cmTC_18954/fast] Error 2



Determining if the function epoll_create exists failed with the following output:
Change Dir: /Users/qiaoyifan/mysql-server/CMakeFiles/CMakeTmp

Run Build Command(s):/usr/bin/make cmTC_d8060/fast && /Library/Developer/CommandLineTools/usr/bin/make -f CMakeFiles/cmTC_d8060.dir/build.make CMakeFiles/cmTC_d8060.dir/build
Building C object CMakeFiles/cmTC_d8060.dir/CheckFunctionExists.c.o
/Library/Developer/CommandLineTools/usr/bin/cc   -fPIC -fno-omit-frame-pointer  -DCHECK_FUNCTION_EXISTS=epoll_create -isysroot /Library/Developer/CommandLineTools/SDKs/MacOSX10.14.sdk   -o CMakeFiles/cmTC_d8060.dir/CheckFunctionExists.c.o   -c /usr/local/Cellar/cmake/3.15.3/share/cmake/Modules/CheckFunctionExists.c
Linking C executable cmTC_d8060
/usr/local/Cellar/cmake/3.15.3/bin/cmake -E cmake_link_script CMakeFiles/cmTC_d8060.dir/link.txt --verbose=1
/Library/Developer/CommandLineTools/usr/bin/cc -fPIC -fno-omit-frame-pointer  -DCHECK_FUNCTION_EXISTS=epoll_create -isysroot /Library/Developer/CommandLineTools/SDKs/MacOSX10.14.sdk -Wl,-search_paths_first -Wl,-headerpad_max_install_names   CMakeFiles/cmTC_d8060.dir/CheckFunctionExists.c.o  -o cmTC_d8060 
Undefined symbols for architecture x86_64:
  "_epoll_create", referenced from:
      _main in CheckFunctionExists.c.o
ld: symbol(s) not found for architecture x86_64
clang: error: linker command failed with exit code 1 (use -v to see invocation)
make[1]: *** [cmTC_d8060] Error 1
make: *** [cmTC_d8060/fast] Error 2



Determining if the MADV_DONTDUMP exist failed with the following output:
Change Dir: /Users/qiaoyifan/mysql-server/CMakeFiles/CMakeTmp

Run Build Command(s):/usr/bin/make cmTC_bd413/fast && /Library/Developer/CommandLineTools/usr/bin/make -f CMakeFiles/cmTC_bd413.dir/build.make CMakeFiles/cmTC_bd413.dir/build
Building C object CMakeFiles/cmTC_bd413.dir/CheckSymbolExists.c.o
/Library/Developer/CommandLineTools/usr/bin/cc   -fPIC -fno-omit-frame-pointer   -isysroot /Library/Developer/CommandLineTools/SDKs/MacOSX10.14.sdk   -o CMakeFiles/cmTC_bd413.dir/CheckSymbolExists.c.o   -c /Users/qiaoyifan/mysql-server/CMakeFiles/CMakeTmp/CheckSymbolExists.c
/Users/qiaoyifan/mysql-server/CMakeFiles/CMakeTmp/CheckSymbolExists.c:8:19: error: use of undeclared identifier 'MADV_DONTDUMP'
  return ((int*)(&MADV_DONTDUMP))[argc];
                  ^
1 error generated.
make[1]: *** [CMakeFiles/cmTC_bd413.dir/CheckSymbolExists.c.o] Error 1
make: *** [cmTC_bd413/fast] Error 2


File /Users/qiaoyifan/mysql-server/CMakeFiles/CMakeTmp/CheckSymbolExists.c:
/* */
#include <sys/mman.h>

int main(int argc, char** argv)
{
  (void)argv;
#ifndef MADV_DONTDUMP
  return ((int*)(&MADV_DONTDUMP))[argc];
#else
  (void)argc;
  return 0;
#endif
}

Performing C++ SOURCE FILE Test HAVE_O_TMPFILE failed with the following output:
Change Dir: /Users/qiaoyifan/mysql-server/CMakeFiles/CMakeTmp

Run Build Command(s):/usr/bin/make cmTC_d3292/fast && /Library/Developer/CommandLineTools/usr/bin/make -f CMakeFiles/cmTC_d3292.dir/build.make CMakeFiles/cmTC_d3292.dir/build
Building CXX object CMakeFiles/cmTC_d3292.dir/src.cxx.o
/Library/Developer/CommandLineTools/usr/bin/c++    -fPIC -std=c++14 -fno-omit-frame-pointer  -DHAVE_O_TMPFILE -isysroot /Library/Developer/CommandLineTools/SDKs/MacOSX10.14.sdk   -o CMakeFiles/cmTC_d3292.dir/src.cxx.o -c /Users/qiaoyifan/mysql-server/CMakeFiles/CMakeTmp/src.cxx
/Users/qiaoyifan/mysql-server/CMakeFiles/CMakeTmp/src.cxx:5:23: error: use of undeclared identifier 'O_TMPFILE'
  long long int foo = O_TMPFILE;
                      ^
1 error generated.
make[1]: *** [CMakeFiles/cmTC_d3292.dir/src.cxx.o] Error 1
make: *** [cmTC_d3292/fast] Error 2


Source file was:
#include <sys/types.h>
 #include <sys/stat.h>
 #include <fcntl.h>
int main() {
  long long int foo = O_TMPFILE;
}
Determining if the function timer_create exists failed with the following output:
Change Dir: /Users/qiaoyifan/mysql-server/CMakeFiles/CMakeTmp

Run Build Command(s):/usr/bin/make cmTC_1d15b/fast && /Library/Developer/CommandLineTools/usr/bin/make -f CMakeFiles/cmTC_1d15b.dir/build.make CMakeFiles/cmTC_1d15b.dir/build
Building C object CMakeFiles/cmTC_1d15b.dir/CheckFunctionExists.c.o
/Library/Developer/CommandLineTools/usr/bin/cc   -fPIC -fno-omit-frame-pointer  -DCHECK_FUNCTION_EXISTS=timer_create -isysroot /Library/Developer/CommandLineTools/SDKs/MacOSX10.14.sdk   -o CMakeFiles/cmTC_1d15b.dir/CheckFunctionExists.c.o   -c /usr/local/Cellar/cmake/3.15.3/share/cmake/Modules/CheckFunctionExists.c
Linking C executable cmTC_1d15b
/usr/local/Cellar/cmake/3.15.3/bin/cmake -E cmake_link_script CMakeFiles/cmTC_1d15b.dir/link.txt --verbose=1
/Library/Developer/CommandLineTools/usr/bin/cc -fPIC -fno-omit-frame-pointer  -DCHECK_FUNCTION_EXISTS=timer_create -isysroot /Library/Developer/CommandLineTools/SDKs/MacOSX10.14.sdk -Wl,-search_paths_first -Wl,-headerpad_max_install_names   CMakeFiles/cmTC_1d15b.dir/CheckFunctionExists.c.o  -o cmTC_1d15b 
Undefined symbols for architecture x86_64:
  "_timer_create", referenced from:
      _main in CheckFunctionExists.c.o
ld: symbol(s) not found for architecture x86_64
clang: error: linker command failed with exit code 1 (use -v to see invocation)
make[1]: *** [cmTC_1d15b] Error 1
make: *** [cmTC_1d15b/fast] Error 2



Determining if the function timer_settime exists failed with the following output:
Change Dir: /Users/qiaoyifan/mysql-server/CMakeFiles/CMakeTmp

Run Build Command(s):/usr/bin/make cmTC_f2720/fast && /Library/Developer/CommandLineTools/usr/bin/make -f CMakeFiles/cmTC_f2720.dir/build.make CMakeFiles/cmTC_f2720.dir/build
Building C object CMakeFiles/cmTC_f2720.dir/CheckFunctionExists.c.o
/Library/Developer/CommandLineTools/usr/bin/cc   -fPIC -fno-omit-frame-pointer  -DCHECK_FUNCTION_EXISTS=timer_settime -isysroot /Library/Developer/CommandLineTools/SDKs/MacOSX10.14.sdk   -o CMakeFiles/cmTC_f2720.dir/CheckFunctionExists.c.o   -c /usr/local/Cellar/cmake/3.15.3/share/cmake/Modules/CheckFunctionExists.c
Linking C executable cmTC_f2720
/usr/local/Cellar/cmake/3.15.3/bin/cmake -E cmake_link_script CMakeFiles/cmTC_f2720.dir/link.txt --verbose=1
/Library/Developer/CommandLineTools/usr/bin/cc -fPIC -fno-omit-frame-pointer  -DCHECK_FUNCTION_EXISTS=timer_settime -isysroot /Library/Developer/CommandLineTools/SDKs/MacOSX10.14.sdk -Wl,-search_paths_first -Wl,-headerpad_max_install_names   CMakeFiles/cmTC_f2720.dir/CheckFunctionExists.c.o  -o cmTC_f2720 
Undefined symbols for architecture x86_64:
  "_timer_settime", referenced from:
      _main in CheckFunctionExists.c.o
ld: symbol(s) not found for architecture x86_64
clang: error: linker command failed with exit code 1 (use -v to see invocation)
make[1]: *** [cmTC_f2720] Error 1
make: *** [cmTC_f2720/fast] Error 2



Performing C SOURCE FILE Test HAVE_SETNS failed with the following compile output:
Change Dir: /Users/qiaoyifan/mysql-server/CMakeFiles/CMakeTmp

Run Build Command(s):/usr/bin/make cmTC_ff519/fast && /Library/Developer/CommandLineTools/usr/bin/make -f CMakeFiles/cmTC_ff519.dir/build.make CMakeFiles/cmTC_ff519.dir/build
Building C object CMakeFiles/cmTC_ff519.dir/src.c.o
/Library/Developer/CommandLineTools/usr/bin/cc   -fPIC -fno-omit-frame-pointer  -DHAVE_SETNS -isysroot /Library/Developer/CommandLineTools/SDKs/MacOSX10.14.sdk   -o CMakeFiles/cmTC_ff519.dir/src.c.o   -c /Users/qiaoyifan/mysql-server/CMakeFiles/CMakeTmp/src.c
/Users/qiaoyifan/mysql-server/CMakeFiles/CMakeTmp/src.c:8:9: warning: implicit declaration of function 'setns' is invalid in C99 [-Wimplicit-function-declaration]
  (void)setns(0, 0);
        ^
1 warning generated.
Linking C executable cmTC_ff519
/usr/local/Cellar/cmake/3.15.3/bin/cmake -E cmake_link_script CMakeFiles/cmTC_ff519.dir/link.txt --verbose=1
/Library/Developer/CommandLineTools/usr/bin/cc -fPIC -fno-omit-frame-pointer  -DHAVE_SETNS -isysroot /Library/Developer/CommandLineTools/SDKs/MacOSX10.14.sdk -Wl,-search_paths_first -Wl,-headerpad_max_install_names   CMakeFiles/cmTC_ff519.dir/src.c.o  -o cmTC_ff519 
Undefined symbols for architecture x86_64:
  "_setns", referenced from:
      _main in src.c.o
ld: symbol(s) not found for architecture x86_64
clang: error: linker command failed with exit code 1 (use -v to see invocation)
make[1]: *** [cmTC_ff519] Error 1
make: *** [cmTC_ff519/fast] Error 2


...and run output:

Return value: 1
Source file was:

#ifndef _GNU_SOURCE
#define _GNU_SOURCE
#endif
#include <sched.h>
int main()
{
  (void)setns(0, 0);
  return 0;
}
Determining size of ulong failed with the following output:
Change Dir: /Users/qiaoyifan/mysql-server/CMakeFiles/CMakeTmp

Run Build Command(s):/usr/bin/make cmTC_c66f7/fast && /Library/Developer/CommandLineTools/usr/bin/make -f CMakeFiles/cmTC_c66f7.dir/build.make CMakeFiles/cmTC_c66f7.dir/build
Building C object CMakeFiles/cmTC_c66f7.dir/SIZEOF_ULONG.c.o
/Library/Developer/CommandLineTools/usr/bin/cc -D_FILE_OFFSET_BITS=64 -D_GNU_SOURCE -D__STDC_CONSTANT_MACROS -D__STDC_FORMAT_MACROS -D__STDC_LIMIT_MACROS  -fPIC -fno-omit-frame-pointer   -isysroot /Library/Developer/CommandLineTools/SDKs/MacOSX10.14.sdk   -o CMakeFiles/cmTC_c66f7.dir/SIZEOF_ULONG.c.o   -c /Users/qiaoyifan/mysql-server/CMakeFiles/CheckTypeSize/SIZEOF_ULONG.c
/Users/qiaoyifan/mysql-server/CMakeFiles/CheckTypeSize/SIZEOF_ULONG.c:29:12: error: use of undeclared identifier 'ulong'; did you mean 'long'?
  ('0' + ((SIZE / 10000)%10)),
           ^
/Users/qiaoyifan/mysql-server/CMakeFiles/CheckTypeSize/SIZEOF_ULONG.c:27:22: note: expanded from macro 'SIZE'
#define SIZE (sizeof(ulong))
                     ^
/Users/qiaoyifan/mysql-server/CMakeFiles/CheckTypeSize/SIZEOF_ULONG.c:29:12: error: reference to overloaded function could not be resolved; did you mean to call it?
  ('0' + ((SIZE / 10000)%10)),
           ^~~~
/Users/qiaoyifan/mysql-server/CMakeFiles/CheckTypeSize/SIZEOF_ULONG.c:27:21: note: expanded from macro 'SIZE'
#define SIZE (sizeof(ulong))
                    ^~~~~~~
/Users/qiaoyifan/mysql-server/CMakeFiles/CheckTypeSize/SIZEOF_ULONG.c:30:12: error: use of undeclared identifier 'ulong'; did you mean 'long'?
  ('0' + ((SIZE / 1000)%10)),
           ^
/Users/qiaoyifan/mysql-server/CMakeFiles/CheckTypeSize/SIZEOF_ULONG.c:27:22: note: expanded from macro 'SIZE'
#define SIZE (sizeof(ulong))
                     ^
/Users/qiaoyifan/mysql-server/CMakeFiles/CheckTypeSize/SIZEOF_ULONG.c:30:12: error: reference to overloaded function could not be resolved; did you mean to call it?
  ('0' + ((SIZE / 1000)%10)),
           ^~~~
/Users/qiaoyifan/mysql-server/CMakeFiles/CheckTypeSize/SIZEOF_ULONG.c:27:21: note: expanded from macro 'SIZE'
#define SIZE (sizeof(ulong))
                    ^~~~~~~
/Users/qiaoyifan/mysql-server/CMakeFiles/CheckTypeSize/SIZEOF_ULONG.c:31:12: error: use of undeclared identifier 'ulong'; did you mean 'long'?
  ('0' + ((SIZE / 100)%10)),
           ^
/Users/qiaoyifan/mysql-server/CMakeFiles/CheckTypeSize/SIZEOF_ULONG.c:27:22: note: expanded from macro 'SIZE'
#define SIZE (sizeof(ulong))
                     ^
/Users/qiaoyifan/mysql-server/CMakeFiles/CheckTypeSize/SIZEOF_ULONG.c:31:12: error: reference to overloaded function could not be resolved; did you mean to call it?
  ('0' + ((SIZE / 100)%10)),
           ^~~~
/Users/qiaoyifan/mysql-server/CMakeFiles/CheckTypeSize/SIZEOF_ULONG.c:27:21: note: expanded from macro 'SIZE'
#define SIZE (sizeof(ulong))
                    ^~~~~~~
/Users/qiaoyifan/mysql-server/CMakeFiles/CheckTypeSize/SIZEOF_ULONG.c:32:12: error: use of undeclared identifier 'ulong'; did you mean 'long'?
  ('0' + ((SIZE / 10)%10)),
           ^
/Users/qiaoyifan/mysql-server/CMakeFiles/CheckTypeSize/SIZEOF_ULONG.c:27:22: note: expanded from macro 'SIZE'
#define SIZE (sizeof(ulong))
                     ^
/Users/qiaoyifan/mysql-server/CMakeFiles/CheckTypeSize/SIZEOF_ULONG.c:32:12: error: reference to overloaded function could not be resolved; did you mean to call it?
  ('0' + ((SIZE / 10)%10)),
           ^~~~
/Users/qiaoyifan/mysql-server/CMakeFiles/CheckTypeSize/SIZEOF_ULONG.c:27:21: note: expanded from macro 'SIZE'
#define SIZE (sizeof(ulong))
                    ^~~~~~~
/Users/qiaoyifan/mysql-server/CMakeFiles/CheckTypeSize/SIZEOF_ULONG.c:33:12: error: use of undeclared identifier 'ulong'; did you mean 'long'?
  ('0' +  (SIZE    % 10)),
           ^
/Users/qiaoyifan/mysql-server/CMakeFiles/CheckTypeSize/SIZEOF_ULONG.c:27:22: note: expanded from macro 'SIZE'
#define SIZE (sizeof(ulong))
                     ^
/Users/qiaoyifan/mysql-server/CMakeFiles/CheckTypeSize/SIZEOF_ULONG.c:33:12: error: reference to overloaded function could not be resolved; did you mean to call it?
  ('0' +  (SIZE    % 10)),
           ^~~~
/Users/qiaoyifan/mysql-server/CMakeFiles/CheckTypeSize/SIZEOF_ULONG.c:27:21: note: expanded from macro 'SIZE'
#define SIZE (sizeof(ulong))
                    ^~~~~~~
10 errors generated.
make[1]: *** [CMakeFiles/cmTC_c66f7.dir/SIZEOF_ULONG.c.o] Error 1
make: *** [cmTC_c66f7/fast] Error 2


/Users/qiaoyifan/mysql-server/CMakeFiles/CheckTypeSize/SIZEOF_ULONG.c:
#include <sys/types.h>
#include <stdint.h>
#include <stddef.h>
#include "stdint.h"
#include "stdio.h"
#include "sys/types.h"
#include "time.h"


#undef KEY
#if defined(__i386)
# define KEY '_','_','i','3','8','6'
#elif defined(__x86_64)
# define KEY '_','_','x','8','6','_','6','4'
#elif defined(__ppc__)
# define KEY '_','_','p','p','c','_','_'
#elif defined(__ppc64__)
# define KEY '_','_','p','p','c','6','4','_','_'
#elif defined(__aarch64__)
# define KEY '_','_','a','a','r','c','h','6','4','_','_'
#elif defined(__ARM_ARCH_7A__)
# define KEY '_','_','A','R','M','_','A','R','C','H','_','7','A','_','_'
#elif defined(__ARM_ARCH_7S__)
# define KEY '_','_','A','R','M','_','A','R','C','H','_','7','S','_','_'
#endif

#define SIZE (sizeof(ulong))
static char info_size[] =  {'I', 'N', 'F', 'O', ':', 's','i','z','e','[',
  ('0' + ((SIZE / 10000)%10)),
  ('0' + ((SIZE / 1000)%10)),
  ('0' + ((SIZE / 100)%10)),
  ('0' + ((SIZE / 10)%10)),
  ('0' +  (SIZE    % 10)),
  ']',
#ifdef KEY
  ' ','k','e','y','[', KEY, ']',
#endif
  '\0'};

#ifdef __CLASSIC_C__
int main(argc, argv) int argc; char *argv[];
#else
int main(int argc, char *argv[])
#endif
{
  int require = 0;
  require += info_size[argc];
  (void)argv;
  return require;
}


Performing C SOURCE FILE Test HAVE_PTHREAD_GETTHREADID_NP failed with the following output:
Change Dir: /Users/qiaoyifan/mysql-server/CMakeFiles/CMakeTmp

Run Build Command(s):/usr/bin/make cmTC_e6951/fast && /Library/Developer/CommandLineTools/usr/bin/make -f CMakeFiles/cmTC_e6951.dir/build.make CMakeFiles/cmTC_e6951.dir/build
Building C object CMakeFiles/cmTC_e6951.dir/src.c.o
/Library/Developer/CommandLineTools/usr/bin/cc -D_FILE_OFFSET_BITS=64 -D_GNU_SOURCE -D__STDC_CONSTANT_MACROS -D__STDC_FORMAT_MACROS -D__STDC_LIMIT_MACROS  -fPIC -fno-omit-frame-pointer  -DHAVE_PTHREAD_GETTHREADID_NP -isysroot /Library/Developer/CommandLineTools/SDKs/MacOSX10.14.sdk   -o CMakeFiles/cmTC_e6951.dir/src.c.o   -c /Users/qiaoyifan/mysql-server/CMakeFiles/CMakeTmp/src.c
/Users/qiaoyifan/mysql-server/CMakeFiles/CMakeTmp/src.c:2:10: fatal error: 'pthread_np.h' file not found
#include <pthread_np.h>
         ^~~~~~~~~~~~~~
1 error generated.
make[1]: *** [CMakeFiles/cmTC_e6951.dir/src.c.o] Error 1
make: *** [cmTC_e6951/fast] Error 2


Source file was:

#include <pthread_np.h>
int main(int ac, char **av)
{
  unsigned long long tid = pthread_getthreadid_np();
  return (tid != 0 ? 0 : 1);
}
Performing C SOURCE FILE Test HAVE_INTEGER_PTHREAD_SELF failed with the following output:
Change Dir: /Users/qiaoyifan/mysql-server/CMakeFiles/CMakeTmp

Run Build Command(s):/usr/bin/make cmTC_dfabd/fast && /Library/Developer/CommandLineTools/usr/bin/make -f CMakeFiles/cmTC_dfabd.dir/build.make CMakeFiles/cmTC_dfabd.dir/build
Building C object CMakeFiles/cmTC_dfabd.dir/src.c.o
/Library/Developer/CommandLineTools/usr/bin/cc -D_FILE_OFFSET_BITS=64 -D_GNU_SOURCE -D__STDC_CONSTANT_MACROS -D__STDC_FORMAT_MACROS -D__STDC_LIMIT_MACROS  -fPIC -fno-omit-frame-pointer  -DHAVE_INTEGER_PTHREAD_SELF -isysroot /Library/Developer/CommandLineTools/SDKs/MacOSX10.14.sdk   -o CMakeFiles/cmTC_dfabd.dir/src.c.o   -c /Users/qiaoyifan/mysql-server/CMakeFiles/CMakeTmp/src.c
/Users/qiaoyifan/mysql-server/CMakeFiles/CMakeTmp/src.c:6:22: warning: incompatible pointer to integer conversion initializing 'unsigned long long' with an expression of type 'pthread_t _Nonnull' (aka 'struct _opaque_pthread_t *') [-Wint-conversion]
  unsigned long long tid = pthread_self();
                     ^     ~~~~~~~~~~~~~~
1 warning generated.
Linking C executable cmTC_dfabd
/usr/local/Cellar/cmake/3.15.3/bin/cmake -E cmake_link_script CMakeFiles/cmTC_dfabd.dir/link.txt --verbose=1
/Library/Developer/CommandLineTools/usr/bin/cc -fPIC -fno-omit-frame-pointer  -DHAVE_INTEGER_PTHREAD_SELF -isysroot /Library/Developer/CommandLineTools/SDKs/MacOSX10.14.sdk -Wl,-search_paths_first -Wl,-headerpad_max_install_names   CMakeFiles/cmTC_dfabd.dir/src.c.o  -o cmTC_dfabd 


Source file was:

#include <sys/types.h>
#include <pthread.h>
int main(int ac, char **av)
{
  unsigned long long tid = pthread_self();
  return (tid != 0 ? 0 : 1);
}
Determining if the include file netinet/in6.h exists failed with the following output:
Change Dir: /Users/qiaoyifan/mysql-server/CMakeFiles/CMakeTmp

Run Build Command(s):/usr/bin/make cmTC_a4aaa/fast && /Library/Developer/CommandLineTools/usr/bin/make -f CMakeFiles/cmTC_a4aaa.dir/build.make CMakeFiles/cmTC_a4aaa.dir/build
Building C object CMakeFiles/cmTC_a4aaa.dir/CheckIncludeFile.c.o
/Library/Developer/CommandLineTools/usr/bin/cc -D_FILE_OFFSET_BITS=64 -D_GNU_SOURCE -D__STDC_CONSTANT_MACROS -D__STDC_FORMAT_MACROS -D__STDC_LIMIT_MACROS  -fPIC -fno-omit-frame-pointer   -isysroot /Library/Developer/CommandLineTools/SDKs/MacOSX10.14.sdk   -o CMakeFiles/cmTC_a4aaa.dir/CheckIncludeFile.c.o   -c /Users/qiaoyifan/mysql-server/CMakeFiles/CMakeTmp/CheckIncludeFile.c
/Users/qiaoyifan/mysql-server/CMakeFiles/CMakeTmp/CheckIncludeFile.c:1:10: fatal error: 'netinet/in6.h' file not found
#include <netinet/in6.h>
         ^~~~~~~~~~~~~~~
1 error generated.
make[1]: *** [CMakeFiles/cmTC_a4aaa.dir/CheckIncludeFile.c.o] Error 1
make: *** [cmTC_a4aaa/fast] Error 2



Determining size of struct in6_addr failed with the following output:
Change Dir: /Users/qiaoyifan/mysql-server/CMakeFiles/CMakeTmp

Run Build Command(s):/usr/bin/make cmTC_effd5/fast && /Library/Developer/CommandLineTools/usr/bin/make -f CMakeFiles/cmTC_effd5.dir/build.make CMakeFiles/cmTC_effd5.dir/build
Building C object CMakeFiles/cmTC_effd5.dir/SIZEOF_IN6_ADDR.c.o
/Library/Developer/CommandLineTools/usr/bin/cc -D_FILE_OFFSET_BITS=64 -D_GNU_SOURCE -D__STDC_CONSTANT_MACROS -D__STDC_FORMAT_MACROS -D__STDC_LIMIT_MACROS  -fPIC -fno-omit-frame-pointer   -isysroot /Library/Developer/CommandLineTools/SDKs/MacOSX10.14.sdk   -o CMakeFiles/cmTC_effd5.dir/SIZEOF_IN6_ADDR.c.o   -c /Users/qiaoyifan/mysql-server/CMakeFiles/CheckTypeSize/SIZEOF_IN6_ADDR.c
/Users/qiaoyifan/mysql-server/CMakeFiles/CheckTypeSize/SIZEOF_IN6_ADDR.c:25:12: error: invalid application of 'sizeof' to an incomplete type 'struct in6_addr'
  ('0' + ((SIZE / 10000)%10)),
           ^~~~
/Users/qiaoyifan/mysql-server/CMakeFiles/CheckTypeSize/SIZEOF_IN6_ADDR.c:23:15: note: expanded from macro 'SIZE'
#define SIZE (sizeof(struct in6_addr))
              ^     ~~~~~~~~~~~~~~~~~
/Users/qiaoyifan/mysql-server/CMakeFiles/CheckTypeSize/SIZEOF_IN6_ADDR.c:25:12: note: forward declaration of 'struct in6_addr'
/Users/qiaoyifan/mysql-server/CMakeFiles/CheckTypeSize/SIZEOF_IN6_ADDR.c:23:29: note: expanded from macro 'SIZE'
#define SIZE (sizeof(struct in6_addr))
                            ^
/Users/qiaoyifan/mysql-server/CMakeFiles/CheckTypeSize/SIZEOF_IN6_ADDR.c:26:12: error: invalid application of 'sizeof' to an incomplete type 'struct in6_addr'
  ('0' + ((SIZE / 1000)%10)),
           ^~~~
/Users/qiaoyifan/mysql-server/CMakeFiles/CheckTypeSize/SIZEOF_IN6_ADDR.c:23:15: note: expanded from macro 'SIZE'
#define SIZE (sizeof(struct in6_addr))
              ^     ~~~~~~~~~~~~~~~~~
/Users/qiaoyifan/mysql-server/CMakeFiles/CheckTypeSize/SIZEOF_IN6_ADDR.c:25:12: note: forward declaration of 'struct in6_addr'
  ('0' + ((SIZE / 10000)%10)),
           ^
/Users/qiaoyifan/mysql-server/CMakeFiles/CheckTypeSize/SIZEOF_IN6_ADDR.c:23:29: note: expanded from macro 'SIZE'
#define SIZE (sizeof(struct in6_addr))
                            ^
/Users/qiaoyifan/mysql-server/CMakeFiles/CheckTypeSize/SIZEOF_IN6_ADDR.c:27:12: error: invalid application of 'sizeof' to an incomplete type 'struct in6_addr'
  ('0' + ((SIZE / 100)%10)),
           ^~~~
/Users/qiaoyifan/mysql-server/CMakeFiles/CheckTypeSize/SIZEOF_IN6_ADDR.c:23:15: note: expanded from macro 'SIZE'
#define SIZE (sizeof(struct in6_addr))
              ^     ~~~~~~~~~~~~~~~~~
/Users/qiaoyifan/mysql-server/CMakeFiles/CheckTypeSize/SIZEOF_IN6_ADDR.c:25:12: note: forward declaration of 'struct in6_addr'
  ('0' + ((SIZE / 10000)%10)),
           ^
/Users/qiaoyifan/mysql-server/CMakeFiles/CheckTypeSize/SIZEOF_IN6_ADDR.c:23:29: note: expanded from macro 'SIZE'
#define SIZE (sizeof(struct in6_addr))
                            ^
/Users/qiaoyifan/mysql-server/CMakeFiles/CheckTypeSize/SIZEOF_IN6_ADDR.c:28:12: error: invalid application of 'sizeof' to an incomplete type 'struct in6_addr'
  ('0' + ((SIZE / 10)%10)),
           ^~~~
/Users/qiaoyifan/mysql-server/CMakeFiles/CheckTypeSize/SIZEOF_IN6_ADDR.c:23:15: note: expanded from macro 'SIZE'
#define SIZE (sizeof(struct in6_addr))
              ^     ~~~~~~~~~~~~~~~~~
/Users/qiaoyifan/mysql-server/CMakeFiles/CheckTypeSize/SIZEOF_IN6_ADDR.c:25:12: note: forward declaration of 'struct in6_addr'
  ('0' + ((SIZE / 10000)%10)),
           ^
/Users/qiaoyifan/mysql-server/CMakeFiles/CheckTypeSize/SIZEOF_IN6_ADDR.c:23:29: note: expanded from macro 'SIZE'
#define SIZE (sizeof(struct in6_addr))
                            ^
/Users/qiaoyifan/mysql-server/CMakeFiles/CheckTypeSize/SIZEOF_IN6_ADDR.c:29:12: error: invalid application of 'sizeof' to an incomplete type 'struct in6_addr'
  ('0' +  (SIZE    % 10)),
           ^~~~
/Users/qiaoyifan/mysql-server/CMakeFiles/CheckTypeSize/SIZEOF_IN6_ADDR.c:23:15: note: expanded from macro 'SIZE'
#define SIZE (sizeof(struct in6_addr))
              ^     ~~~~~~~~~~~~~~~~~
/Users/qiaoyifan/mysql-server/CMakeFiles/CheckTypeSize/SIZEOF_IN6_ADDR.c:25:12: note: forward declaration of 'struct in6_addr'
  ('0' + ((SIZE / 10000)%10)),
           ^
/Users/qiaoyifan/mysql-server/CMakeFiles/CheckTypeSize/SIZEOF_IN6_ADDR.c:23:29: note: expanded from macro 'SIZE'
#define SIZE (sizeof(struct in6_addr))
                            ^
5 errors generated.
make[1]: *** [CMakeFiles/cmTC_effd5.dir/SIZEOF_IN6_ADDR.c.o] Error 1
make: *** [cmTC_effd5/fast] Error 2


/Users/qiaoyifan/mysql-server/CMakeFiles/CheckTypeSize/SIZEOF_IN6_ADDR.c:
#include <sys/types.h>
#include <stdint.h>
#include <stddef.h>


#undef KEY
#if defined(__i386)
# define KEY '_','_','i','3','8','6'
#elif defined(__x86_64)
# define KEY '_','_','x','8','6','_','6','4'
#elif defined(__ppc__)
# define KEY '_','_','p','p','c','_','_'
#elif defined(__ppc64__)
# define KEY '_','_','p','p','c','6','4','_','_'
#elif defined(__aarch64__)
# define KEY '_','_','a','a','r','c','h','6','4','_','_'
#elif defined(__ARM_ARCH_7A__)
# define KEY '_','_','A','R','M','_','A','R','C','H','_','7','A','_','_'
#elif defined(__ARM_ARCH_7S__)
# define KEY '_','_','A','R','M','_','A','R','C','H','_','7','S','_','_'
#endif

#define SIZE (sizeof(struct in6_addr))
static char info_size[] =  {'I', 'N', 'F', 'O', ':', 's','i','z','e','[',
  ('0' + ((SIZE / 10000)%10)),
  ('0' + ((SIZE / 1000)%10)),
  ('0' + ((SIZE / 100)%10)),
  ('0' + ((SIZE / 10)%10)),
  ('0' +  (SIZE    % 10)),
  ']',
#ifdef KEY
  ' ','k','e','y','[', KEY, ']',
#endif
  '\0'};

#ifdef __CLASSIC_C__
int main(argc, argv) int argc; char *argv[];
#else
int main(int argc, char *argv[])
#endif
{
  int require = 0;
  require += info_size[argc];
  (void)argv;
  return require;
}


Determining if files numa.h exist failed with the following output:
Change Dir: /Users/qiaoyifan/mysql-server/CMakeFiles/CMakeTmp

Run Build Command(s):/usr/bin/make cmTC_ab3be/fast && /Library/Developer/CommandLineTools/usr/bin/make -f CMakeFiles/cmTC_ab3be.dir/build.make CMakeFiles/cmTC_ab3be.dir/build
Building C object CMakeFiles/cmTC_ab3be.dir/HAVE_NUMA_H.c.o
/Library/Developer/CommandLineTools/usr/bin/cc -D_FILE_OFFSET_BITS=64 -D_GNU_SOURCE -D__STDC_CONSTANT_MACROS -D__STDC_FORMAT_MACROS -D__STDC_LIMIT_MACROS  -fPIC -fno-omit-frame-pointer   -isysroot /Library/Developer/CommandLineTools/SDKs/MacOSX10.14.sdk   -o CMakeFiles/cmTC_ab3be.dir/HAVE_NUMA_H.c.o   -c /Users/qiaoyifan/mysql-server/CMakeFiles/CheckIncludeFiles/HAVE_NUMA_H.c
/Users/qiaoyifan/mysql-server/CMakeFiles/CheckIncludeFiles/HAVE_NUMA_H.c:2:10: fatal error: 'numa.h' file not found
#include <numa.h>
         ^~~~~~~~
1 error generated.
make[1]: *** [CMakeFiles/cmTC_ab3be.dir/HAVE_NUMA_H.c.o] Error 1
make: *** [cmTC_ab3be/fast] Error 2


Source:
/* */
#include <numa.h>


int main(void){return 0;}

Determining if files numaif.h exist failed with the following output:
Change Dir: /Users/qiaoyifan/mysql-server/CMakeFiles/CMakeTmp

Run Build Command(s):/usr/bin/make cmTC_60f0d/fast && /Library/Developer/CommandLineTools/usr/bin/make -f CMakeFiles/cmTC_60f0d.dir/build.make CMakeFiles/cmTC_60f0d.dir/build
Building C object CMakeFiles/cmTC_60f0d.dir/HAVE_NUMAIF_H.c.o
/Library/Developer/CommandLineTools/usr/bin/cc -D_FILE_OFFSET_BITS=64 -D_GNU_SOURCE -D__STDC_CONSTANT_MACROS -D__STDC_FORMAT_MACROS -D__STDC_LIMIT_MACROS  -fPIC -fno-omit-frame-pointer   -isysroot /Library/Developer/CommandLineTools/SDKs/MacOSX10.14.sdk   -o CMakeFiles/cmTC_60f0d.dir/HAVE_NUMAIF_H.c.o   -c /Users/qiaoyifan/mysql-server/CMakeFiles/CheckIncludeFiles/HAVE_NUMAIF_H.c
/Users/qiaoyifan/mysql-server/CMakeFiles/CheckIncludeFiles/HAVE_NUMAIF_H.c:2:10: fatal error: 'numaif.h' file not found
#include <numaif.h>
         ^~~~~~~~~~
1 error generated.
make[1]: *** [CMakeFiles/cmTC_60f0d.dir/HAVE_NUMAIF_H.c.o] Error 1
make: *** [cmTC_60f0d/fast] Error 2


Source:
/* */
#include <numaif.h>


int main(void){return 0;}

Determining size of off64_t failed with the following output:
Change Dir: /Users/qiaoyifan/mysql-server/CMakeFiles/CMakeTmp

Run Build Command(s):/usr/bin/make cmTC_b11d1/fast && /Library/Developer/CommandLineTools/usr/bin/make -f CMakeFiles/cmTC_b11d1.dir/build.make CMakeFiles/cmTC_b11d1.dir/build
Building C object CMakeFiles/cmTC_b11d1.dir/OFF64_T.c.o
/Library/Developer/CommandLineTools/usr/bin/cc -DHAVE_STDDEF_H -DHAVE_STDINT_H -DHAVE_SYS_TYPES_H -D_LARGEFILE64_SOURCE=1  -fPIC -fno-omit-frame-pointer   -isysroot /Library/Developer/CommandLineTools/SDKs/MacOSX10.14.sdk   -o CMakeFiles/cmTC_b11d1.dir/OFF64_T.c.o   -c /Users/qiaoyifan/mysql-server/CMakeFiles/CheckTypeSize/OFF64_T.c
/Users/qiaoyifan/mysql-server/CMakeFiles/CheckTypeSize/OFF64_T.c:25:12: error: use of undeclared identifier 'off64_t'
  ('0' + ((SIZE / 10000)%10)),
           ^
/Users/qiaoyifan/mysql-server/CMakeFiles/CheckTypeSize/OFF64_T.c:23:22: note: expanded from macro 'SIZE'
#define SIZE (sizeof(off64_t))
                     ^
/Users/qiaoyifan/mysql-server/CMakeFiles/CheckTypeSize/OFF64_T.c:26:12: error: use of undeclared identifier 'off64_t'
  ('0' + ((SIZE / 1000)%10)),
           ^
/Users/qiaoyifan/mysql-server/CMakeFiles/CheckTypeSize/OFF64_T.c:23:22: note: expanded from macro 'SIZE'
#define SIZE (sizeof(off64_t))
                     ^
/Users/qiaoyifan/mysql-server/CMakeFiles/CheckTypeSize/OFF64_T.c:27:12: error: use of undeclared identifier 'off64_t'
  ('0' + ((SIZE / 100)%10)),
           ^
/Users/qiaoyifan/mysql-server/CMakeFiles/CheckTypeSize/OFF64_T.c:23:22: note: expanded from macro 'SIZE'
#define SIZE (sizeof(off64_t))
                     ^
/Users/qiaoyifan/mysql-server/CMakeFiles/CheckTypeSize/OFF64_T.c:28:12: error: use of undeclared identifier 'off64_t'
  ('0' + ((SIZE / 10)%10)),
           ^
/Users/qiaoyifan/mysql-server/CMakeFiles/CheckTypeSize/OFF64_T.c:23:22: note: expanded from macro 'SIZE'
#define SIZE (sizeof(off64_t))
                     ^
/Users/qiaoyifan/mysql-server/CMakeFiles/CheckTypeSize/OFF64_T.c:29:12: error: use of undeclared identifier 'off64_t'
  ('0' +  (SIZE    % 10)),
           ^
/Users/qiaoyifan/mysql-server/CMakeFiles/CheckTypeSize/OFF64_T.c:23:22: note: expanded from macro 'SIZE'
#define SIZE (sizeof(off64_t))
                     ^
5 errors generated.
make[1]: *** [CMakeFiles/cmTC_b11d1.dir/OFF64_T.c.o] Error 1
make: *** [cmTC_b11d1/fast] Error 2


/Users/qiaoyifan/mysql-server/CMakeFiles/CheckTypeSize/OFF64_T.c:
#include <sys/types.h>
#include <stdint.h>
#include <stddef.h>


#undef KEY
#if defined(__i386)
# define KEY '_','_','i','3','8','6'
#elif defined(__x86_64)
# define KEY '_','_','x','8','6','_','6','4'
#elif defined(__ppc__)
# define KEY '_','_','p','p','c','_','_'
#elif defined(__ppc64__)
# define KEY '_','_','p','p','c','6','4','_','_'
#elif defined(__aarch64__)
# define KEY '_','_','a','a','r','c','h','6','4','_','_'
#elif defined(__ARM_ARCH_7A__)
# define KEY '_','_','A','R','M','_','A','R','C','H','_','7','A','_','_'
#elif defined(__ARM_ARCH_7S__)
# define KEY '_','_','A','R','M','_','A','R','C','H','_','7','S','_','_'
#endif

#define SIZE (sizeof(off64_t))
static char info_size[] =  {'I', 'N', 'F', 'O', ':', 's','i','z','e','[',
  ('0' + ((SIZE / 10000)%10)),
  ('0' + ((SIZE / 1000)%10)),
  ('0' + ((SIZE / 100)%10)),
  ('0' + ((SIZE / 10)%10)),
  ('0' +  (SIZE    % 10)),
  ']',
#ifdef KEY
  ' ','k','e','y','[', KEY, ']',
#endif
  '\0'};

#ifdef __CLASSIC_C__
int main(argc, argv) int argc; char *argv[];
#else
int main(int argc, char *argv[])
#endif
{
  int require = 0;
  require += info_size[argc];
  (void)argv;
  return require;
}


Performing C SOURCE FILE Test HAVE_STRINGOP_OVERFLOW failed with the following output:
Change Dir: /Users/qiaoyifan/mysql-server/CMakeFiles/CMakeTmp

Run Build Command(s):/usr/bin/make cmTC_d5804/fast && /Library/Developer/CommandLineTools/usr/bin/make -f CMakeFiles/cmTC_d5804.dir/build.make CMakeFiles/cmTC_d5804.dir/build
Building C object CMakeFiles/cmTC_d5804.dir/src.c.o
/Library/Developer/CommandLineTools/usr/bin/cc -D_FILE_OFFSET_BITS=64 -D_GNU_SOURCE -D__STDC_CONSTANT_MACROS -D__STDC_FORMAT_MACROS -D__STDC_LIMIT_MACROS -I/usr/local/opt/openssl/include  -fPIC -fno-omit-frame-pointer  -DHAVE_STRINGOP_OVERFLOW  -Wstringop-overflow -isysroot /Library/Developer/CommandLineTools/SDKs/MacOSX10.14.sdk   -o CMakeFiles/cmTC_d5804.dir/src.c.o   -c /Users/qiaoyifan/mysql-server/CMakeFiles/CMakeTmp/src.c
warning: unknown warning option '-Wstringop-overflow'; did you mean '-Wshift-overflow'? [-Wunknown-warning-option]
1 warning generated.
Linking C executable cmTC_d5804
/usr/local/Cellar/cmake/3.15.3/bin/cmake -E cmake_link_script CMakeFiles/cmTC_d5804.dir/link.txt --verbose=1
/Library/Developer/CommandLineTools/usr/bin/cc -fPIC -fno-omit-frame-pointer  -DHAVE_STRINGOP_OVERFLOW  -Wstringop-overflow -isysroot /Library/Developer/CommandLineTools/SDKs/MacOSX10.14.sdk -Wl,-search_paths_first -Wl,-headerpad_max_install_names   CMakeFiles/cmTC_d5804.dir/src.c.o  -o cmTC_d5804 


Source file was:
int main(void) { return 0; }
Determining if the __GNU_LIBRARY__ exist failed with the following output:
Change Dir: /Users/qiaoyifan/mysql-server/CMakeFiles/CMakeTmp

Run Build Command(s):/usr/bin/make cmTC_a464f/fast && /Library/Developer/CommandLineTools/usr/bin/make -f CMakeFiles/cmTC_a464f.dir/build.make CMakeFiles/cmTC_a464f.dir/build
Building C object CMakeFiles/cmTC_a464f.dir/CheckSymbolExists.c.o
/Library/Developer/CommandLineTools/usr/bin/cc -D_FILE_OFFSET_BITS=64 -D_GNU_SOURCE -D__STDC_CONSTANT_MACROS -D__STDC_FORMAT_MACROS -D__STDC_LIMIT_MACROS -I/usr/local/opt/openssl/include  -fPIC -fno-omit-frame-pointer  -Wno-error=deprecated-declarations -Wno-unused-function -Qunused-arguments  -isysroot /Library/Developer/CommandLineTools/SDKs/MacOSX10.14.sdk   -o CMakeFiles/cmTC_a464f.dir/CheckSymbolExists.c.o   -c /Users/qiaoyifan/mysql-server/CMakeFiles/CMakeTmp/CheckSymbolExists.c
/Users/qiaoyifan/mysql-server/CMakeFiles/CMakeTmp/CheckSymbolExists.c:2:10: fatal error: 'features.h' file not found
#include <features.h>
         ^~~~~~~~~~~~
1 error generated.
make[1]: *** [CMakeFiles/cmTC_a464f.dir/CheckSymbolExists.c.o] Error 1
make: *** [cmTC_a464f/fast] Error 2


File /Users/qiaoyifan/mysql-server/CMakeFiles/CMakeTmp/CheckSymbolExists.c:
/* */
#include <features.h>

int main(int argc, char** argv)
{
  (void)argv;
#ifndef __GNU_LIBRARY__
  return ((int*)(&__GNU_LIBRARY__))[argc];
#else
  (void)argc;
  return 0;
#endif
}

Determining if the include file netinet/in6.h exists failed with the following output:
Change Dir: /Users/qiaoyifan/mysql-server/CMakeFiles/CMakeTmp

Run Build Command(s):/usr/bin/make cmTC_fe62f/fast && /Library/Developer/CommandLineTools/usr/bin/make -f CMakeFiles/cmTC_fe62f.dir/build.make CMakeFiles/cmTC_fe62f.dir/build
Building C object CMakeFiles/cmTC_fe62f.dir/CheckIncludeFile.c.o
/Library/Developer/CommandLineTools/usr/bin/cc -D_FILE_OFFSET_BITS=64 -D_GNU_SOURCE -D__STDC_CONSTANT_MACROS -D__STDC_FORMAT_MACROS -D__STDC_LIMIT_MACROS -I/usr/local/opt/openssl/include  -fPIC -fno-omit-frame-pointer  -Wno-error=deprecated-declarations -Wno-unused-function -Qunused-arguments  -isysroot /Library/Developer/CommandLineTools/SDKs/MacOSX10.14.sdk   -o CMakeFiles/cmTC_fe62f.dir/CheckIncludeFile.c.o   -c /Users/qiaoyifan/mysql-server/CMakeFiles/CMakeTmp/CheckIncludeFile.c
/Users/qiaoyifan/mysql-server/CMakeFiles/CMakeTmp/CheckIncludeFile.c:1:10: fatal error: 'netinet/in6.h' file not found
#include <netinet/in6.h>
         ^~~~~~~~~~~~~~~
1 error generated.
make[1]: *** [CMakeFiles/cmTC_fe62f.dir/CheckIncludeFile.c.o] Error 1
make: *** [cmTC_fe62f/fast] Error 2



Determining if the include file port.h exists failed with the following output:
Change Dir: /Users/qiaoyifan/mysql-server/CMakeFiles/CMakeTmp

Run Build Command(s):/usr/bin/make cmTC_071ea/fast && /Library/Developer/CommandLineTools/usr/bin/make -f CMakeFiles/cmTC_071ea.dir/build.make CMakeFiles/cmTC_071ea.dir/build
Building C object CMakeFiles/cmTC_071ea.dir/CheckIncludeFile.c.o
/Library/Developer/CommandLineTools/usr/bin/cc -D_FILE_OFFSET_BITS=64 -D_GNU_SOURCE -D__STDC_CONSTANT_MACROS -D__STDC_FORMAT_MACROS -D__STDC_LIMIT_MACROS -I/usr/local/opt/openssl/include  -fPIC -fno-omit-frame-pointer  -Wno-error=deprecated-declarations -Wno-unused-function -Qunused-arguments  -isysroot /Library/Developer/CommandLineTools/SDKs/MacOSX10.14.sdk   -o CMakeFiles/cmTC_071ea.dir/CheckIncludeFile.c.o   -c /Users/qiaoyifan/mysql-server/CMakeFiles/CMakeTmp/CheckIncludeFile.c
/Users/qiaoyifan/mysql-server/CMakeFiles/CMakeTmp/CheckIncludeFile.c:1:10: fatal error: 'port.h' file not found
#include <port.h>
         ^~~~~~~~
1 error generated.
make[1]: *** [CMakeFiles/cmTC_071ea.dir/CheckIncludeFile.c.o] Error 1
make: *** [cmTC_071ea/fast] Error 2



Determining if the include file sys/devpoll.h exists failed with the following output:
Change Dir: /Users/qiaoyifan/mysql-server/CMakeFiles/CMakeTmp

Run Build Command(s):/usr/bin/make cmTC_8763e/fast && /Library/Developer/CommandLineTools/usr/bin/make -f CMakeFiles/cmTC_8763e.dir/build.make CMakeFiles/cmTC_8763e.dir/build
Building C object CMakeFiles/cmTC_8763e.dir/CheckIncludeFile.c.o
/Library/Developer/CommandLineTools/usr/bin/cc -D_FILE_OFFSET_BITS=64 -D_GNU_SOURCE -D__STDC_CONSTANT_MACROS -D__STDC_FORMAT_MACROS -D__STDC_LIMIT_MACROS -I/usr/local/opt/openssl/include  -fPIC -fno-omit-frame-pointer  -Wno-error=deprecated-declarations -Wno-unused-function -Qunused-arguments  -isysroot /Library/Developer/CommandLineTools/SDKs/MacOSX10.14.sdk   -o CMakeFiles/cmTC_8763e.dir/CheckIncludeFile.c.o   -c /Users/qiaoyifan/mysql-server/CMakeFiles/CMakeTmp/CheckIncludeFile.c
/Users/qiaoyifan/mysql-server/CMakeFiles/CMakeTmp/CheckIncludeFile.c:1:10: fatal error: 'sys/devpoll.h' file not found
#include <sys/devpoll.h>
         ^~~~~~~~~~~~~~~
1 error generated.
make[1]: *** [CMakeFiles/cmTC_8763e.dir/CheckIncludeFile.c.o] Error 1
make: *** [cmTC_8763e/fast] Error 2



Determining if the include file sys/epoll.h exists failed with the following output:
Change Dir: /Users/qiaoyifan/mysql-server/CMakeFiles/CMakeTmp

Run Build Command(s):/usr/bin/make cmTC_f5240/fast && /Library/Developer/CommandLineTools/usr/bin/make -f CMakeFiles/cmTC_f5240.dir/build.make CMakeFiles/cmTC_f5240.dir/build
Building C object CMakeFiles/cmTC_f5240.dir/CheckIncludeFile.c.o
/Library/Developer/CommandLineTools/usr/bin/cc -D_FILE_OFFSET_BITS=64 -D_GNU_SOURCE -D__STDC_CONSTANT_MACROS -D__STDC_FORMAT_MACROS -D__STDC_LIMIT_MACROS -I/usr/local/opt/openssl/include  -fPIC -fno-omit-frame-pointer  -Wno-error=deprecated-declarations -Wno-unused-function -Qunused-arguments  -isysroot /Library/Developer/CommandLineTools/SDKs/MacOSX10.14.sdk   -o CMakeFiles/cmTC_f5240.dir/CheckIncludeFile.c.o   -c /Users/qiaoyifan/mysql-server/CMakeFiles/CMakeTmp/CheckIncludeFile.c
/Users/qiaoyifan/mysql-server/CMakeFiles/CMakeTmp/CheckIncludeFile.c:1:10: fatal error: 'sys/epoll.h' file not found
#include <sys/epoll.h>
         ^~~~~~~~~~~~~
1 error generated.
make[1]: *** [CMakeFiles/cmTC_f5240.dir/CheckIncludeFile.c.o] Error 1
make: *** [cmTC_f5240/fast] Error 2



Determining if the include file sys/eventfd.h exists failed with the following output:
Change Dir: /Users/qiaoyifan/mysql-server/CMakeFiles/CMakeTmp

Run Build Command(s):/usr/bin/make cmTC_0c7e0/fast && /Library/Developer/CommandLineTools/usr/bin/make -f CMakeFiles/cmTC_0c7e0.dir/build.make CMakeFiles/cmTC_0c7e0.dir/build
Building C object CMakeFiles/cmTC_0c7e0.dir/CheckIncludeFile.c.o
/Library/Developer/CommandLineTools/usr/bin/cc -D_FILE_OFFSET_BITS=64 -D_GNU_SOURCE -D__STDC_CONSTANT_MACROS -D__STDC_FORMAT_MACROS -D__STDC_LIMIT_MACROS -I/usr/local/opt/openssl/include  -fPIC -fno-omit-frame-pointer  -Wno-error=deprecated-declarations -Wno-unused-function -Qunused-arguments  -isysroot /Library/Developer/CommandLineTools/SDKs/MacOSX10.14.sdk   -o CMakeFiles/cmTC_0c7e0.dir/CheckIncludeFile.c.o   -c /Users/qiaoyifan/mysql-server/CMakeFiles/CMakeTmp/CheckIncludeFile.c
/Users/qiaoyifan/mysql-server/CMakeFiles/CMakeTmp/CheckIncludeFile.c:1:10: fatal error: 'sys/eventfd.h' file not found
#include <sys/eventfd.h>
         ^~~~~~~~~~~~~~~
1 error generated.
make[1]: *** [CMakeFiles/cmTC_0c7e0.dir/CheckIncludeFile.c.o] Error 1
make: *** [cmTC_0c7e0/fast] Error 2



Determining if the include file sys/sendfile.h exists failed with the following output:
Change Dir: /Users/qiaoyifan/mysql-server/CMakeFiles/CMakeTmp

Run Build Command(s):/usr/bin/make cmTC_0411e/fast && /Library/Developer/CommandLineTools/usr/bin/make -f CMakeFiles/cmTC_0411e.dir/build.make CMakeFiles/cmTC_0411e.dir/build
Building C object CMakeFiles/cmTC_0411e.dir/CheckIncludeFile.c.o
/Library/Developer/CommandLineTools/usr/bin/cc -D_FILE_OFFSET_BITS=64 -D_GNU_SOURCE -D__STDC_CONSTANT_MACROS -D__STDC_FORMAT_MACROS -D__STDC_LIMIT_MACROS -I/usr/local/opt/openssl/include  -fPIC -fno-omit-frame-pointer  -Wno-error=deprecated-declarations -Wno-unused-function -Qunused-arguments  -isysroot /Library/Developer/CommandLineTools/SDKs/MacOSX10.14.sdk   -o CMakeFiles/cmTC_0411e.dir/CheckIncludeFile.c.o   -c /Users/qiaoyifan/mysql-server/CMakeFiles/CMakeTmp/CheckIncludeFile.c
/Users/qiaoyifan/mysql-server/CMakeFiles/CMakeTmp/CheckIncludeFile.c:1:10: fatal error: 'sys/sendfile.h' file not found
#include <sys/sendfile.h>
         ^~~~~~~~~~~~~~~~
1 error generated.
make[1]: *** [CMakeFiles/cmTC_0411e.dir/CheckIncludeFile.c.o] Error 1
make: *** [cmTC_0411e/fast] Error 2



Determining if the include file sys/timerfd.h exists failed with the following output:
Change Dir: /Users/qiaoyifan/mysql-server/CMakeFiles/CMakeTmp

Run Build Command(s):/usr/bin/make cmTC_d9be2/fast && /Library/Developer/CommandLineTools/usr/bin/make -f CMakeFiles/cmTC_d9be2.dir/build.make CMakeFiles/cmTC_d9be2.dir/build
Building C object CMakeFiles/cmTC_d9be2.dir/CheckIncludeFile.c.o
/Library/Developer/CommandLineTools/usr/bin/cc -D_FILE_OFFSET_BITS=64 -D_GNU_SOURCE -D__STDC_CONSTANT_MACROS -D__STDC_FORMAT_MACROS -D__STDC_LIMIT_MACROS -I/usr/local/opt/openssl/include  -fPIC -fno-omit-frame-pointer  -Wno-error=deprecated-declarations -Wno-unused-function -Qunused-arguments  -isysroot /Library/Developer/CommandLineTools/SDKs/MacOSX10.14.sdk   -o CMakeFiles/cmTC_d9be2.dir/CheckIncludeFile.c.o   -c /Users/qiaoyifan/mysql-server/CMakeFiles/CMakeTmp/CheckIncludeFile.c
/Users/qiaoyifan/mysql-server/CMakeFiles/CMakeTmp/CheckIncludeFile.c:1:10: fatal error: 'sys/timerfd.h' file not found
#include <sys/timerfd.h>
         ^~~~~~~~~~~~~~~
1 error generated.
make[1]: *** [CMakeFiles/cmTC_d9be2.dir/CheckIncludeFile.c.o] Error 1
make: *** [cmTC_d9be2/fast] Error 2



Determining if the function epoll_create exists failed with the following output:
Change Dir: /Users/qiaoyifan/mysql-server/CMakeFiles/CMakeTmp

Run Build Command(s):/usr/bin/make cmTC_1d844/fast && /Library/Developer/CommandLineTools/usr/bin/make -f CMakeFiles/cmTC_1d844.dir/build.make CMakeFiles/cmTC_1d844.dir/build
Building C object CMakeFiles/cmTC_1d844.dir/CheckFunctionExistsEx.c.o
/Library/Developer/CommandLineTools/usr/bin/cc -D_FILE_OFFSET_BITS=64 -D_GNU_SOURCE -D__STDC_CONSTANT_MACROS -D__STDC_FORMAT_MACROS -D__STDC_LIMIT_MACROS -I/usr/local/opt/openssl/include  -fPIC -fno-omit-frame-pointer  -Wno-error=deprecated-declarations -Wno-unused-function -Qunused-arguments -DCHECK_FUNCTION_EXISTS=epoll_create -isysroot /Library/Developer/CommandLineTools/SDKs/MacOSX10.14.sdk   -o CMakeFiles/cmTC_1d844.dir/CheckFunctionExistsEx.c.o   -c /Users/qiaoyifan/mysql-server/extra/libevent/cmake/CheckFunctionExistsEx.c
Linking C executable cmTC_1d844
/usr/local/Cellar/cmake/3.15.3/bin/cmake -E cmake_link_script CMakeFiles/cmTC_1d844.dir/link.txt --verbose=1
/Library/Developer/CommandLineTools/usr/bin/cc -fPIC -fno-omit-frame-pointer  -Wno-error=deprecated-declarations -Wno-unused-function -Qunused-arguments -DCHECK_FUNCTION_EXISTS=epoll_create -isysroot /Library/Developer/CommandLineTools/SDKs/MacOSX10.14.sdk -Wl,-search_paths_first -Wl,-headerpad_max_install_names   CMakeFiles/cmTC_1d844.dir/CheckFunctionExistsEx.c.o  -o cmTC_1d844 
Undefined symbols for architecture x86_64:
  "_epoll_create", referenced from:
      _main in CheckFunctionExistsEx.c.o
ld: symbol(s) not found for architecture x86_64
clang: error: linker command failed with exit code 1 (use -v to see invocation)
make[1]: *** [cmTC_1d844] Error 1
make: *** [cmTC_1d844/fast] Error 2



Determining if the function epoll_ctl exists failed with the following output:
Change Dir: /Users/qiaoyifan/mysql-server/CMakeFiles/CMakeTmp

Run Build Command(s):/usr/bin/make cmTC_c1ecf/fast && /Library/Developer/CommandLineTools/usr/bin/make -f CMakeFiles/cmTC_c1ecf.dir/build.make CMakeFiles/cmTC_c1ecf.dir/build
Building C object CMakeFiles/cmTC_c1ecf.dir/CheckFunctionExistsEx.c.o
/Library/Developer/CommandLineTools/usr/bin/cc -D_FILE_OFFSET_BITS=64 -D_GNU_SOURCE -D__STDC_CONSTANT_MACROS -D__STDC_FORMAT_MACROS -D__STDC_LIMIT_MACROS -I/usr/local/opt/openssl/include  -fPIC -fno-omit-frame-pointer  -Wno-error=deprecated-declarations -Wno-unused-function -Qunused-arguments -DCHECK_FUNCTION_EXISTS=epoll_ctl -isysroot /Library/Developer/CommandLineTools/SDKs/MacOSX10.14.sdk   -o CMakeFiles/cmTC_c1ecf.dir/CheckFunctionExistsEx.c.o   -c /Users/qiaoyifan/mysql-server/extra/libevent/cmake/CheckFunctionExistsEx.c
Linking C executable cmTC_c1ecf
/usr/local/Cellar/cmake/3.15.3/bin/cmake -E cmake_link_script CMakeFiles/cmTC_c1ecf.dir/link.txt --verbose=1
/Library/Developer/CommandLineTools/usr/bin/cc -fPIC -fno-omit-frame-pointer  -Wno-error=deprecated-declarations -Wno-unused-function -Qunused-arguments -DCHECK_FUNCTION_EXISTS=epoll_ctl -isysroot /Library/Developer/CommandLineTools/SDKs/MacOSX10.14.sdk -Wl,-search_paths_first -Wl,-headerpad_max_install_names   CMakeFiles/cmTC_c1ecf.dir/CheckFunctionExistsEx.c.o  -o cmTC_c1ecf 
Undefined symbols for architecture x86_64:
  "_epoll_ctl", referenced from:
      _main in CheckFunctionExistsEx.c.o
ld: symbol(s) not found for architecture x86_64
clang: error: linker command failed with exit code 1 (use -v to see invocation)
make[1]: *** [cmTC_c1ecf] Error 1
make: *** [cmTC_c1ecf/fast] Error 2



Determining if the function eventfd exists failed with the following output:
Change Dir: /Users/qiaoyifan/mysql-server/CMakeFiles/CMakeTmp

Run Build Command(s):/usr/bin/make cmTC_b6105/fast && /Library/Developer/CommandLineTools/usr/bin/make -f CMakeFiles/cmTC_b6105.dir/build.make CMakeFiles/cmTC_b6105.dir/build
Building C object CMakeFiles/cmTC_b6105.dir/CheckFunctionExistsEx.c.o
/Library/Developer/CommandLineTools/usr/bin/cc -D_FILE_OFFSET_BITS=64 -D_GNU_SOURCE -D__STDC_CONSTANT_MACROS -D__STDC_FORMAT_MACROS -D__STDC_LIMIT_MACROS -I/usr/local/opt/openssl/include  -fPIC -fno-omit-frame-pointer  -Wno-error=deprecated-declarations -Wno-unused-function -Qunused-arguments -DCHECK_FUNCTION_EXISTS=eventfd -isysroot /Library/Developer/CommandLineTools/SDKs/MacOSX10.14.sdk   -o CMakeFiles/cmTC_b6105.dir/CheckFunctionExistsEx.c.o   -c /Users/qiaoyifan/mysql-server/extra/libevent/cmake/CheckFunctionExistsEx.c
Linking C executable cmTC_b6105
/usr/local/Cellar/cmake/3.15.3/bin/cmake -E cmake_link_script CMakeFiles/cmTC_b6105.dir/link.txt --verbose=1
/Library/Developer/CommandLineTools/usr/bin/cc -fPIC -fno-omit-frame-pointer  -Wno-error=deprecated-declarations -Wno-unused-function -Qunused-arguments -DCHECK_FUNCTION_EXISTS=eventfd -isysroot /Library/Developer/CommandLineTools/SDKs/MacOSX10.14.sdk -Wl,-search_paths_first -Wl,-headerpad_max_install_names   CMakeFiles/cmTC_b6105.dir/CheckFunctionExistsEx.c.o  -o cmTC_b6105 
Undefined symbols for architecture x86_64:
  "_eventfd", referenced from:
      _main in CheckFunctionExistsEx.c.o
ld: symbol(s) not found for architecture x86_64
clang: error: linker command failed with exit code 1 (use -v to see invocation)
make[1]: *** [cmTC_b6105] Error 1
make: *** [cmTC_b6105/fast] Error 2



Determining if the function pipe2 exists failed with the following output:
Change Dir: /Users/qiaoyifan/mysql-server/CMakeFiles/CMakeTmp

Run Build Command(s):/usr/bin/make cmTC_4105a/fast && /Library/Developer/CommandLineTools/usr/bin/make -f CMakeFiles/cmTC_4105a.dir/build.make CMakeFiles/cmTC_4105a.dir/build
Building C object CMakeFiles/cmTC_4105a.dir/CheckFunctionExistsEx.c.o
/Library/Developer/CommandLineTools/usr/bin/cc -D_FILE_OFFSET_BITS=64 -D_GNU_SOURCE -D__STDC_CONSTANT_MACROS -D__STDC_FORMAT_MACROS -D__STDC_LIMIT_MACROS -I/usr/local/opt/openssl/include  -fPIC -fno-omit-frame-pointer  -Wno-error=deprecated-declarations -Wno-unused-function -Qunused-arguments -DCHECK_FUNCTION_EXISTS=pipe2 -isysroot /Library/Developer/CommandLineTools/SDKs/MacOSX10.14.sdk   -o CMakeFiles/cmTC_4105a.dir/CheckFunctionExistsEx.c.o   -c /Users/qiaoyifan/mysql-server/extra/libevent/cmake/CheckFunctionExistsEx.c
Linking C executable cmTC_4105a
/usr/local/Cellar/cmake/3.15.3/bin/cmake -E cmake_link_script CMakeFiles/cmTC_4105a.dir/link.txt --verbose=1
/Library/Developer/CommandLineTools/usr/bin/cc -fPIC -fno-omit-frame-pointer  -Wno-error=deprecated-declarations -Wno-unused-function -Qunused-arguments -DCHECK_FUNCTION_EXISTS=pipe2 -isysroot /Library/Developer/CommandLineTools/SDKs/MacOSX10.14.sdk -Wl,-search_paths_first -Wl,-headerpad_max_install_names   CMakeFiles/cmTC_4105a.dir/CheckFunctionExistsEx.c.o  -o cmTC_4105a 
Undefined symbols for architecture x86_64:
  "_pipe2", referenced from:
      _main in CheckFunctionExistsEx.c.o
ld: symbol(s) not found for architecture x86_64
clang: error: linker command failed with exit code 1 (use -v to see invocation)
make[1]: *** [cmTC_4105a] Error 1
make: *** [cmTC_4105a/fast] Error 2



Determining if the function port_create exists failed with the following output:
Change Dir: /Users/qiaoyifan/mysql-server/CMakeFiles/CMakeTmp

Run Build Command(s):/usr/bin/make cmTC_c2c08/fast && /Library/Developer/CommandLineTools/usr/bin/make -f CMakeFiles/cmTC_c2c08.dir/build.make CMakeFiles/cmTC_c2c08.dir/build
Building C object CMakeFiles/cmTC_c2c08.dir/CheckFunctionExistsEx.c.o
/Library/Developer/CommandLineTools/usr/bin/cc -D_FILE_OFFSET_BITS=64 -D_GNU_SOURCE -D__STDC_CONSTANT_MACROS -D__STDC_FORMAT_MACROS -D__STDC_LIMIT_MACROS -I/usr/local/opt/openssl/include  -fPIC -fno-omit-frame-pointer  -Wno-error=deprecated-declarations -Wno-unused-function -Qunused-arguments -DCHECK_FUNCTION_EXISTS=port_create -isysroot /Library/Developer/CommandLineTools/SDKs/MacOSX10.14.sdk   -o CMakeFiles/cmTC_c2c08.dir/CheckFunctionExistsEx.c.o   -c /Users/qiaoyifan/mysql-server/extra/libevent/cmake/CheckFunctionExistsEx.c
Linking C executable cmTC_c2c08
/usr/local/Cellar/cmake/3.15.3/bin/cmake -E cmake_link_script CMakeFiles/cmTC_c2c08.dir/link.txt --verbose=1
/Library/Developer/CommandLineTools/usr/bin/cc -fPIC -fno-omit-frame-pointer  -Wno-error=deprecated-declarations -Wno-unused-function -Qunused-arguments -DCHECK_FUNCTION_EXISTS=port_create -isysroot /Library/Developer/CommandLineTools/SDKs/MacOSX10.14.sdk -Wl,-search_paths_first -Wl,-headerpad_max_install_names   CMakeFiles/cmTC_c2c08.dir/CheckFunctionExistsEx.c.o  -o cmTC_c2c08 
Undefined symbols for architecture x86_64:
  "_port_create", referenced from:
      _main in CheckFunctionExistsEx.c.o
ld: symbol(s) not found for architecture x86_64
clang: error: linker command failed with exit code 1 (use -v to see invocation)
make[1]: *** [cmTC_c2c08] Error 1
make: *** [cmTC_c2c08/fast] Error 2



Determining if the function splice exists failed with the following output:
Change Dir: /Users/qiaoyifan/mysql-server/CMakeFiles/CMakeTmp

Run Build Command(s):/usr/bin/make cmTC_295b0/fast && /Library/Developer/CommandLineTools/usr/bin/make -f CMakeFiles/cmTC_295b0.dir/build.make CMakeFiles/cmTC_295b0.dir/build
Building C object CMakeFiles/cmTC_295b0.dir/CheckFunctionExistsEx.c.o
/Library/Developer/CommandLineTools/usr/bin/cc -D_FILE_OFFSET_BITS=64 -D_GNU_SOURCE -D__STDC_CONSTANT_MACROS -D__STDC_FORMAT_MACROS -D__STDC_LIMIT_MACROS -I/usr/local/opt/openssl/include  -fPIC -fno-omit-frame-pointer  -Wno-error=deprecated-declarations -Wno-unused-function -Qunused-arguments -DCHECK_FUNCTION_EXISTS=splice -isysroot /Library/Developer/CommandLineTools/SDKs/MacOSX10.14.sdk   -o CMakeFiles/cmTC_295b0.dir/CheckFunctionExistsEx.c.o   -c /Users/qiaoyifan/mysql-server/extra/libevent/cmake/CheckFunctionExistsEx.c
Linking C executable cmTC_295b0
/usr/local/Cellar/cmake/3.15.3/bin/cmake -E cmake_link_script CMakeFiles/cmTC_295b0.dir/link.txt --verbose=1
/Library/Developer/CommandLineTools/usr/bin/cc -fPIC -fno-omit-frame-pointer  -Wno-error=deprecated-declarations -Wno-unused-function -Qunused-arguments -DCHECK_FUNCTION_EXISTS=splice -isysroot /Library/Developer/CommandLineTools/SDKs/MacOSX10.14.sdk -Wl,-search_paths_first -Wl,-headerpad_max_install_names   CMakeFiles/cmTC_295b0.dir/CheckFunctionExistsEx.c.o  -o cmTC_295b0 
Undefined symbols for architecture x86_64:
  "_splice", referenced from:
      _main in CheckFunctionExistsEx.c.o
ld: symbol(s) not found for architecture x86_64
clang: error: linker command failed with exit code 1 (use -v to see invocation)
make[1]: *** [cmTC_295b0] Error 1
make: *** [cmTC_295b0/fast] Error 2



Determining if the function accept4 exists failed with the following output:
Change Dir: /Users/qiaoyifan/mysql-server/CMakeFiles/CMakeTmp

Run Build Command(s):/usr/bin/make cmTC_bbb5a/fast && /Library/Developer/CommandLineTools/usr/bin/make -f CMakeFiles/cmTC_bbb5a.dir/build.make CMakeFiles/cmTC_bbb5a.dir/build
Building C object CMakeFiles/cmTC_bbb5a.dir/CheckFunctionExistsEx.c.o
/Library/Developer/CommandLineTools/usr/bin/cc -D_FILE_OFFSET_BITS=64 -D_GNU_SOURCE -D__STDC_CONSTANT_MACROS -D__STDC_FORMAT_MACROS -D__STDC_LIMIT_MACROS -I/usr/local/opt/openssl/include  -fPIC -fno-omit-frame-pointer  -Wno-error=deprecated-declarations -Wno-unused-function -Qunused-arguments -DCHECK_FUNCTION_EXISTS=accept4 -isysroot /Library/Developer/CommandLineTools/SDKs/MacOSX10.14.sdk   -o CMakeFiles/cmTC_bbb5a.dir/CheckFunctionExistsEx.c.o   -c /Users/qiaoyifan/mysql-server/extra/libevent/cmake/CheckFunctionExistsEx.c
Linking C executable cmTC_bbb5a
/usr/local/Cellar/cmake/3.15.3/bin/cmake -E cmake_link_script CMakeFiles/cmTC_bbb5a.dir/link.txt --verbose=1
/Library/Developer/CommandLineTools/usr/bin/cc -fPIC -fno-omit-frame-pointer  -Wno-error=deprecated-declarations -Wno-unused-function -Qunused-arguments -DCHECK_FUNCTION_EXISTS=accept4 -isysroot /Library/Developer/CommandLineTools/SDKs/MacOSX10.14.sdk -Wl,-search_paths_first -Wl,-headerpad_max_install_names   CMakeFiles/cmTC_bbb5a.dir/CheckFunctionExistsEx.c.o  -o cmTC_bbb5a 
Undefined symbols for architecture x86_64:
  "_accept4", referenced from:
      _main in CheckFunctionExistsEx.c.o
ld: symbol(s) not found for architecture x86_64
clang: error: linker command failed with exit code 1 (use -v to see invocation)
make[1]: *** [cmTC_bbb5a] Error 1
make: *** [cmTC_bbb5a/fast] Error 2



Determining if the function epoll_create1 exists failed with the following output:
Change Dir: /Users/qiaoyifan/mysql-server/CMakeFiles/CMakeTmp

Run Build Command(s):/usr/bin/make cmTC_13576/fast && /Library/Developer/CommandLineTools/usr/bin/make -f CMakeFiles/cmTC_13576.dir/build.make CMakeFiles/cmTC_13576.dir/build
Building C object CMakeFiles/cmTC_13576.dir/CheckFunctionExistsEx.c.o
/Library/Developer/CommandLineTools/usr/bin/cc -D_FILE_OFFSET_BITS=64 -D_GNU_SOURCE -D__STDC_CONSTANT_MACROS -D__STDC_FORMAT_MACROS -D__STDC_LIMIT_MACROS -I/usr/local/opt/openssl/include  -fPIC -fno-omit-frame-pointer  -Wno-error=deprecated-declarations -Wno-unused-function -Qunused-arguments -DCHECK_FUNCTION_EXISTS=epoll_create1 -isysroot /Library/Developer/CommandLineTools/SDKs/MacOSX10.14.sdk   -o CMakeFiles/cmTC_13576.dir/CheckFunctionExistsEx.c.o   -c /Users/qiaoyifan/mysql-server/extra/libevent/cmake/CheckFunctionExistsEx.c
Linking C executable cmTC_13576
/usr/local/Cellar/cmake/3.15.3/bin/cmake -E cmake_link_script CMakeFiles/cmTC_13576.dir/link.txt --verbose=1
/Library/Developer/CommandLineTools/usr/bin/cc -fPIC -fno-omit-frame-pointer  -Wno-error=deprecated-declarations -Wno-unused-function -Qunused-arguments -DCHECK_FUNCTION_EXISTS=epoll_create1 -isysroot /Library/Developer/CommandLineTools/SDKs/MacOSX10.14.sdk -Wl,-search_paths_first -Wl,-headerpad_max_install_names   CMakeFiles/cmTC_13576.dir/CheckFunctionExistsEx.c.o  -o cmTC_13576 
Undefined symbols for architecture x86_64:
  "_epoll_create1", referenced from:
      _main in CheckFunctionExistsEx.c.o
ld: symbol(s) not found for architecture x86_64
clang: error: linker command failed with exit code 1 (use -v to see invocation)
make[1]: *** [cmTC_13576] Error 1
make: *** [cmTC_13576/fast] Error 2



Determining if the function timeradd exists failed with the following output:
Change Dir: /Users/qiaoyifan/mysql-server/CMakeFiles/CMakeTmp

Run Build Command(s):/usr/bin/make cmTC_5bcfc/fast && /Library/Developer/CommandLineTools/usr/bin/make -f CMakeFiles/cmTC_5bcfc.dir/build.make CMakeFiles/cmTC_5bcfc.dir/build
Building C object CMakeFiles/cmTC_5bcfc.dir/CheckFunctionExistsEx.c.o
/Library/Developer/CommandLineTools/usr/bin/cc -D_FILE_OFFSET_BITS=64 -D_GNU_SOURCE -D__STDC_CONSTANT_MACROS -D__STDC_FORMAT_MACROS -D__STDC_LIMIT_MACROS -I/usr/local/opt/openssl/include  -fPIC -fno-omit-frame-pointer  -Wno-error=deprecated-declarations -Wno-unused-function -Qunused-arguments -DCHECK_FUNCTION_EXISTS=timeradd -isysroot /Library/Developer/CommandLineTools/SDKs/MacOSX10.14.sdk   -o CMakeFiles/cmTC_5bcfc.dir/CheckFunctionExistsEx.c.o   -c /Users/qiaoyifan/mysql-server/extra/libevent/cmake/CheckFunctionExistsEx.c
Linking C executable cmTC_5bcfc
/usr/local/Cellar/cmake/3.15.3/bin/cmake -E cmake_link_script CMakeFiles/cmTC_5bcfc.dir/link.txt --verbose=1
/Library/Developer/CommandLineTools/usr/bin/cc -fPIC -fno-omit-frame-pointer  -Wno-error=deprecated-declarations -Wno-unused-function -Qunused-arguments -DCHECK_FUNCTION_EXISTS=timeradd -isysroot /Library/Developer/CommandLineTools/SDKs/MacOSX10.14.sdk -Wl,-search_paths_first -Wl,-headerpad_max_install_names   CMakeFiles/cmTC_5bcfc.dir/CheckFunctionExistsEx.c.o  -o cmTC_5bcfc 
Undefined symbols for architecture x86_64:
  "_timeradd", referenced from:
      _main in CheckFunctionExistsEx.c.o
ld: symbol(s) not found for architecture x86_64
clang: error: linker command failed with exit code 1 (use -v to see invocation)
make[1]: *** [cmTC_5bcfc] Error 1
make: *** [cmTC_5bcfc/fast] Error 2



Determining if the function timerclear exists failed with the following output:
Change Dir: /Users/qiaoyifan/mysql-server/CMakeFiles/CMakeTmp

Run Build Command(s):/usr/bin/make cmTC_38162/fast && /Library/Developer/CommandLineTools/usr/bin/make -f CMakeFiles/cmTC_38162.dir/build.make CMakeFiles/cmTC_38162.dir/build
Building C object CMakeFiles/cmTC_38162.dir/CheckFunctionExistsEx.c.o
/Library/Developer/CommandLineTools/usr/bin/cc -D_FILE_OFFSET_BITS=64 -D_GNU_SOURCE -D__STDC_CONSTANT_MACROS -D__STDC_FORMAT_MACROS -D__STDC_LIMIT_MACROS -I/usr/local/opt/openssl/include  -fPIC -fno-omit-frame-pointer  -Wno-error=deprecated-declarations -Wno-unused-function -Qunused-arguments -DCHECK_FUNCTION_EXISTS=timerclear -isysroot /Library/Developer/CommandLineTools/SDKs/MacOSX10.14.sdk   -o CMakeFiles/cmTC_38162.dir/CheckFunctionExistsEx.c.o   -c /Users/qiaoyifan/mysql-server/extra/libevent/cmake/CheckFunctionExistsEx.c
Linking C executable cmTC_38162
/usr/local/Cellar/cmake/3.15.3/bin/cmake -E cmake_link_script CMakeFiles/cmTC_38162.dir/link.txt --verbose=1
/Library/Developer/CommandLineTools/usr/bin/cc -fPIC -fno-omit-frame-pointer  -Wno-error=deprecated-declarations -Wno-unused-function -Qunused-arguments -DCHECK_FUNCTION_EXISTS=timerclear -isysroot /Library/Developer/CommandLineTools/SDKs/MacOSX10.14.sdk -Wl,-search_paths_first -Wl,-headerpad_max_install_names   CMakeFiles/cmTC_38162.dir/CheckFunctionExistsEx.c.o  -o cmTC_38162 
Undefined symbols for architecture x86_64:
  "_timerclear", referenced from:
      _main in CheckFunctionExistsEx.c.o
ld: symbol(s) not found for architecture x86_64
clang: error: linker command failed with exit code 1 (use -v to see invocation)
make[1]: *** [cmTC_38162] Error 1
make: *** [cmTC_38162/fast] Error 2



Determining if the function timercmp exists failed with the following output:
Change Dir: /Users/qiaoyifan/mysql-server/CMakeFiles/CMakeTmp

Run Build Command(s):/usr/bin/make cmTC_b20c3/fast && /Library/Developer/CommandLineTools/usr/bin/make -f CMakeFiles/cmTC_b20c3.dir/build.make CMakeFiles/cmTC_b20c3.dir/build
Building C object CMakeFiles/cmTC_b20c3.dir/CheckFunctionExistsEx.c.o
/Library/Developer/CommandLineTools/usr/bin/cc -D_FILE_OFFSET_BITS=64 -D_GNU_SOURCE -D__STDC_CONSTANT_MACROS -D__STDC_FORMAT_MACROS -D__STDC_LIMIT_MACROS -I/usr/local/opt/openssl/include  -fPIC -fno-omit-frame-pointer  -Wno-error=deprecated-declarations -Wno-unused-function -Qunused-arguments -DCHECK_FUNCTION_EXISTS=timercmp -isysroot /Library/Developer/CommandLineTools/SDKs/MacOSX10.14.sdk   -o CMakeFiles/cmTC_b20c3.dir/CheckFunctionExistsEx.c.o   -c /Users/qiaoyifan/mysql-server/extra/libevent/cmake/CheckFunctionExistsEx.c
Linking C executable cmTC_b20c3
/usr/local/Cellar/cmake/3.15.3/bin/cmake -E cmake_link_script CMakeFiles/cmTC_b20c3.dir/link.txt --verbose=1
/Library/Developer/CommandLineTools/usr/bin/cc -fPIC -fno-omit-frame-pointer  -Wno-error=deprecated-declarations -Wno-unused-function -Qunused-arguments -DCHECK_FUNCTION_EXISTS=timercmp -isysroot /Library/Developer/CommandLineTools/SDKs/MacOSX10.14.sdk -Wl,-search_paths_first -Wl,-headerpad_max_install_names   CMakeFiles/cmTC_b20c3.dir/CheckFunctionExistsEx.c.o  -o cmTC_b20c3 
Undefined symbols for architecture x86_64:
  "_timercmp", referenced from:
      _main in CheckFunctionExistsEx.c.o
ld: symbol(s) not found for architecture x86_64
clang: error: linker command failed with exit code 1 (use -v to see invocation)
make[1]: *** [cmTC_b20c3] Error 1
make: *** [cmTC_b20c3/fast] Error 2



Determining if the function timerfd_create exists failed with the following output:
Change Dir: /Users/qiaoyifan/mysql-server/CMakeFiles/CMakeTmp

Run Build Command(s):/usr/bin/make cmTC_b7dc1/fast && /Library/Developer/CommandLineTools/usr/bin/make -f CMakeFiles/cmTC_b7dc1.dir/build.make CMakeFiles/cmTC_b7dc1.dir/build
Building C object CMakeFiles/cmTC_b7dc1.dir/CheckFunctionExistsEx.c.o
/Library/Developer/CommandLineTools/usr/bin/cc -D_FILE_OFFSET_BITS=64 -D_GNU_SOURCE -D__STDC_CONSTANT_MACROS -D__STDC_FORMAT_MACROS -D__STDC_LIMIT_MACROS -I/usr/local/opt/openssl/include  -fPIC -fno-omit-frame-pointer  -Wno-error=deprecated-declarations -Wno-unused-function -Qunused-arguments -DCHECK_FUNCTION_EXISTS=timerfd_create -isysroot /Library/Developer/CommandLineTools/SDKs/MacOSX10.14.sdk   -o CMakeFiles/cmTC_b7dc1.dir/CheckFunctionExistsEx.c.o   -c /Users/qiaoyifan/mysql-server/extra/libevent/cmake/CheckFunctionExistsEx.c
Linking C executable cmTC_b7dc1
/usr/local/Cellar/cmake/3.15.3/bin/cmake -E cmake_link_script CMakeFiles/cmTC_b7dc1.dir/link.txt --verbose=1
/Library/Developer/CommandLineTools/usr/bin/cc -fPIC -fno-omit-frame-pointer  -Wno-error=deprecated-declarations -Wno-unused-function -Qunused-arguments -DCHECK_FUNCTION_EXISTS=timerfd_create -isysroot /Library/Developer/CommandLineTools/SDKs/MacOSX10.14.sdk -Wl,-search_paths_first -Wl,-headerpad_max_install_names   CMakeFiles/cmTC_b7dc1.dir/CheckFunctionExistsEx.c.o  -o cmTC_b7dc1 
Undefined symbols for architecture x86_64:
  "_timerfd_create", referenced from:
      _main in CheckFunctionExistsEx.c.o
ld: symbol(s) not found for architecture x86_64
clang: error: linker command failed with exit code 1 (use -v to see invocation)
make[1]: *** [cmTC_b7dc1] Error 1
make: *** [cmTC_b7dc1/fast] Error 2



Determining if the function timerisset exists failed with the following output:
Change Dir: /Users/qiaoyifan/mysql-server/CMakeFiles/CMakeTmp

Run Build Command(s):/usr/bin/make cmTC_3bf25/fast && /Library/Developer/CommandLineTools/usr/bin/make -f CMakeFiles/cmTC_3bf25.dir/build.make CMakeFiles/cmTC_3bf25.dir/build
Building C object CMakeFiles/cmTC_3bf25.dir/CheckFunctionExistsEx.c.o
/Library/Developer/CommandLineTools/usr/bin/cc -D_FILE_OFFSET_BITS=64 -D_GNU_SOURCE -D__STDC_CONSTANT_MACROS -D__STDC_FORMAT_MACROS -D__STDC_LIMIT_MACROS -I/usr/local/opt/openssl/include  -fPIC -fno-omit-frame-pointer  -Wno-error=deprecated-declarations -Wno-unused-function -Qunused-arguments -DCHECK_FUNCTION_EXISTS=timerisset -isysroot /Library/Developer/CommandLineTools/SDKs/MacOSX10.14.sdk   -o CMakeFiles/cmTC_3bf25.dir/CheckFunctionExistsEx.c.o   -c /Users/qiaoyifan/mysql-server/extra/libevent/cmake/CheckFunctionExistsEx.c
Linking C executable cmTC_3bf25
/usr/local/Cellar/cmake/3.15.3/bin/cmake -E cmake_link_script CMakeFiles/cmTC_3bf25.dir/link.txt --verbose=1
/Library/Developer/CommandLineTools/usr/bin/cc -fPIC -fno-omit-frame-pointer  -Wno-error=deprecated-declarations -Wno-unused-function -Qunused-arguments -DCHECK_FUNCTION_EXISTS=timerisset -isysroot /Library/Developer/CommandLineTools/SDKs/MacOSX10.14.sdk -Wl,-search_paths_first -Wl,-headerpad_max_install_names   CMakeFiles/cmTC_3bf25.dir/CheckFunctionExistsEx.c.o  -o cmTC_3bf25 
Undefined symbols for architecture x86_64:
  "_timerisset", referenced from:
      _main in CheckFunctionExistsEx.c.o
ld: symbol(s) not found for architecture x86_64
clang: error: linker command failed with exit code 1 (use -v to see invocation)
make[1]: *** [cmTC_3bf25] Error 1
make: *** [cmTC_3bf25/fast] Error 2



Determining if the function gethostbyname_r exists failed with the following output:
Change Dir: /Users/qiaoyifan/mysql-server/CMakeFiles/CMakeTmp

Run Build Command(s):/usr/bin/make cmTC_dcacb/fast && /Library/Developer/CommandLineTools/usr/bin/make -f CMakeFiles/cmTC_dcacb.dir/build.make CMakeFiles/cmTC_dcacb.dir/build
Building C object CMakeFiles/cmTC_dcacb.dir/CheckFunctionExistsEx.c.o
/Library/Developer/CommandLineTools/usr/bin/cc -D_FILE_OFFSET_BITS=64 -D_GNU_SOURCE -D__STDC_CONSTANT_MACROS -D__STDC_FORMAT_MACROS -D__STDC_LIMIT_MACROS -I/usr/local/opt/openssl/include  -fPIC -fno-omit-frame-pointer  -Wno-error=deprecated-declarations -Wno-unused-function -Qunused-arguments -DCHECK_FUNCTION_EXISTS=gethostbyname_r -isysroot /Library/Developer/CommandLineTools/SDKs/MacOSX10.14.sdk   -o CMakeFiles/cmTC_dcacb.dir/CheckFunctionExistsEx.c.o   -c /Users/qiaoyifan/mysql-server/extra/libevent/cmake/CheckFunctionExistsEx.c
Linking C executable cmTC_dcacb
/usr/local/Cellar/cmake/3.15.3/bin/cmake -E cmake_link_script CMakeFiles/cmTC_dcacb.dir/link.txt --verbose=1
/Library/Developer/CommandLineTools/usr/bin/cc -fPIC -fno-omit-frame-pointer  -Wno-error=deprecated-declarations -Wno-unused-function -Qunused-arguments -DCHECK_FUNCTION_EXISTS=gethostbyname_r -isysroot /Library/Developer/CommandLineTools/SDKs/MacOSX10.14.sdk -Wl,-search_paths_first -Wl,-headerpad_max_install_names   CMakeFiles/cmTC_dcacb.dir/CheckFunctionExistsEx.c.o  -o cmTC_dcacb 
Undefined symbols for architecture x86_64:
  "_gethostbyname_r", referenced from:
      _main in CheckFunctionExistsEx.c.o
ld: symbol(s) not found for architecture x86_64
clang: error: linker command failed with exit code 1 (use -v to see invocation)
make[1]: *** [cmTC_dcacb] Error 1
make: *** [cmTC_dcacb/fast] Error 2



Determining if the KERN_ARND exist failed with the following output:
Change Dir: /Users/qiaoyifan/mysql-server/CMakeFiles/CMakeTmp

Run Build Command(s):/usr/bin/make cmTC_53af0/fast && /Library/Developer/CommandLineTools/usr/bin/make -f CMakeFiles/cmTC_53af0.dir/build.make CMakeFiles/cmTC_53af0.dir/build
Building C object CMakeFiles/cmTC_53af0.dir/CheckSymbolExists.c.o
/Library/Developer/CommandLineTools/usr/bin/cc -D_FILE_OFFSET_BITS=64 -D_GNU_SOURCE -D__STDC_CONSTANT_MACROS -D__STDC_FORMAT_MACROS -D__STDC_LIMIT_MACROS -I/usr/local/opt/openssl/include  -fPIC -fno-omit-frame-pointer  -Wno-error=deprecated-declarations -Wno-unused-function -Qunused-arguments  -isysroot /Library/Developer/CommandLineTools/SDKs/MacOSX10.14.sdk   -o CMakeFiles/cmTC_53af0.dir/CheckSymbolExists.c.o   -c /Users/qiaoyifan/mysql-server/CMakeFiles/CMakeTmp/CheckSymbolExists.c
/Users/qiaoyifan/mysql-server/CMakeFiles/CMakeTmp/CheckSymbolExists.c:8:19: error: use of undeclared identifier 'KERN_ARND'
  return ((int*)(&KERN_ARND))[argc];
                  ^
1 error generated.
make[1]: *** [CMakeFiles/cmTC_53af0.dir/CheckSymbolExists.c.o] Error 1
make: *** [cmTC_53af0/fast] Error 2


File /Users/qiaoyifan/mysql-server/CMakeFiles/CMakeTmp/CheckSymbolExists.c:
/* */
#include <sys/sysctl.h>

int main(int argc, char** argv)
{
  (void)argv;
#ifndef KERN_ARND
  return ((int*)(&KERN_ARND))[argc];
#else
  (void)argc;
  return 0;
#endif
}

Determining if the KERN_RANDOM exist failed with the following output:
Change Dir: /Users/qiaoyifan/mysql-server/CMakeFiles/CMakeTmp

Run Build Command(s):/usr/bin/make cmTC_31b18/fast && /Library/Developer/CommandLineTools/usr/bin/make -f CMakeFiles/cmTC_31b18.dir/build.make CMakeFiles/cmTC_31b18.dir/build
Building C object CMakeFiles/cmTC_31b18.dir/CheckSymbolExists.c.o
/Library/Developer/CommandLineTools/usr/bin/cc -D_FILE_OFFSET_BITS=64 -D_GNU_SOURCE -D__STDC_CONSTANT_MACROS -D__STDC_FORMAT_MACROS -D__STDC_LIMIT_MACROS -I/usr/local/opt/openssl/include  -fPIC -fno-omit-frame-pointer  -Wno-error=deprecated-declarations -Wno-unused-function -Qunused-arguments  -isysroot /Library/Developer/CommandLineTools/SDKs/MacOSX10.14.sdk   -o CMakeFiles/cmTC_31b18.dir/CheckSymbolExists.c.o   -c /Users/qiaoyifan/mysql-server/CMakeFiles/CMakeTmp/CheckSymbolExists.c
/Users/qiaoyifan/mysql-server/CMakeFiles/CMakeTmp/CheckSymbolExists.c:8:19: error: use of undeclared identifier 'KERN_RANDOM'
  return ((int*)(&KERN_RANDOM))[argc];
                  ^
1 error generated.
make[1]: *** [CMakeFiles/cmTC_31b18.dir/CheckSymbolExists.c.o] Error 1
make: *** [cmTC_31b18/fast] Error 2


File /Users/qiaoyifan/mysql-server/CMakeFiles/CMakeTmp/CheckSymbolExists.c:
/* */
#include <sys/sysctl.h>

int main(int argc, char** argv)
{
  (void)argv;
#ifndef KERN_RANDOM
  return ((int*)(&KERN_RANDOM))[argc];
#else
  (void)argc;
  return 0;
#endif
}

Determining if the RANDOM_UUID exist failed with the following output:
Change Dir: /Users/qiaoyifan/mysql-server/CMakeFiles/CMakeTmp

Run Build Command(s):/usr/bin/make cmTC_d0e54/fast && /Library/Developer/CommandLineTools/usr/bin/make -f CMakeFiles/cmTC_d0e54.dir/build.make CMakeFiles/cmTC_d0e54.dir/build
Building C object CMakeFiles/cmTC_d0e54.dir/CheckSymbolExists.c.o
/Library/Developer/CommandLineTools/usr/bin/cc -D_FILE_OFFSET_BITS=64 -D_GNU_SOURCE -D__STDC_CONSTANT_MACROS -D__STDC_FORMAT_MACROS -D__STDC_LIMIT_MACROS -I/usr/local/opt/openssl/include  -fPIC -fno-omit-frame-pointer  -Wno-error=deprecated-declarations -Wno-unused-function -Qunused-arguments  -isysroot /Library/Developer/CommandLineTools/SDKs/MacOSX10.14.sdk   -o CMakeFiles/cmTC_d0e54.dir/CheckSymbolExists.c.o   -c /Users/qiaoyifan/mysql-server/CMakeFiles/CMakeTmp/CheckSymbolExists.c
/Users/qiaoyifan/mysql-server/CMakeFiles/CMakeTmp/CheckSymbolExists.c:8:19: error: use of undeclared identifier 'RANDOM_UUID'
  return ((int*)(&RANDOM_UUID))[argc];
                  ^
1 error generated.
make[1]: *** [CMakeFiles/cmTC_d0e54.dir/CheckSymbolExists.c.o] Error 1
make: *** [cmTC_d0e54/fast] Error 2


File /Users/qiaoyifan/mysql-server/CMakeFiles/CMakeTmp/CheckSymbolExists.c:
/* */
#include <sys/sysctl.h>

int main(int argc, char** argv)
{
  (void)argv;
#ifndef RANDOM_UUID
  return ((int*)(&RANDOM_UUID))[argc];
#else
  (void)argc;
  return 0;
#endif
}

Determining size of SSIZE_T failed with the following output:
Change Dir: /Users/qiaoyifan/mysql-server/CMakeFiles/CMakeTmp

Run Build Command(s):/usr/bin/make cmTC_f342f/fast && /Library/Developer/CommandLineTools/usr/bin/make -f CMakeFiles/cmTC_f342f.dir/build.make CMakeFiles/cmTC_f342f.dir/build
Building C object CMakeFiles/cmTC_f342f.dir/EVENT__SIZEOF_SSIZE_T_UPPER.c.o
/Library/Developer/CommandLineTools/usr/bin/cc -D_FILE_OFFSET_BITS=64 -D_GNU_SOURCE -D__STDC_CONSTANT_MACROS -D__STDC_FORMAT_MACROS -D__STDC_LIMIT_MACROS -I/usr/local/opt/openssl/include  -fPIC -fno-omit-frame-pointer  -Wno-error=deprecated-declarations -Wno-unused-function -Qunused-arguments  -isysroot /Library/Developer/CommandLineTools/SDKs/MacOSX10.14.sdk   -o CMakeFiles/cmTC_f342f.dir/EVENT__SIZEOF_SSIZE_T_UPPER.c.o   -c /Users/qiaoyifan/mysql-server/CMakeFiles/CheckTypeSize/EVENT__SIZEOF_SSIZE_T_UPPER.c
/Users/qiaoyifan/mysql-server/CMakeFiles/CheckTypeSize/EVENT__SIZEOF_SSIZE_T_UPPER.c:30:12: error: use of undeclared identifier 'SSIZE_T'
  ('0' + ((SIZE / 10000)%10)),
           ^
/Users/qiaoyifan/mysql-server/CMakeFiles/CheckTypeSize/EVENT__SIZEOF_SSIZE_T_UPPER.c:28:22: note: expanded from macro 'SIZE'
#define SIZE (sizeof(SSIZE_T))
                     ^
/Users/qiaoyifan/mysql-server/CMakeFiles/CheckTypeSize/EVENT__SIZEOF_SSIZE_T_UPPER.c:31:12: error: use of undeclared identifier 'SSIZE_T'
  ('0' + ((SIZE / 1000)%10)),
           ^
/Users/qiaoyifan/mysql-server/CMakeFiles/CheckTypeSize/EVENT__SIZEOF_SSIZE_T_UPPER.c:28:22: note: expanded from macro 'SIZE'
#define SIZE (sizeof(SSIZE_T))
                     ^
/Users/qiaoyifan/mysql-server/CMakeFiles/CheckTypeSize/EVENT__SIZEOF_SSIZE_T_UPPER.c:32:12: error: use of undeclared identifier 'SSIZE_T'
  ('0' + ((SIZE / 100)%10)),
           ^
/Users/qiaoyifan/mysql-server/CMakeFiles/CheckTypeSize/EVENT__SIZEOF_SSIZE_T_UPPER.c:28:22: note: expanded from macro 'SIZE'
#define SIZE (sizeof(SSIZE_T))
                     ^
/Users/qiaoyifan/mysql-server/CMakeFiles/CheckTypeSize/EVENT__SIZEOF_SSIZE_T_UPPER.c:33:12: error: use of undeclared identifier 'SSIZE_T'
  ('0' + ((SIZE / 10)%10)),
           ^
/Users/qiaoyifan/mysql-server/CMakeFiles/CheckTypeSize/EVENT__SIZEOF_SSIZE_T_UPPER.c:28:22: note: expanded from macro 'SIZE'
#define SIZE (sizeof(SSIZE_T))
                     ^
/Users/qiaoyifan/mysql-server/CMakeFiles/CheckTypeSize/EVENT__SIZEOF_SSIZE_T_UPPER.c:34:12: error: use of undeclared identifier 'SSIZE_T'
  ('0' +  (SIZE    % 10)),
           ^
/Users/qiaoyifan/mysql-server/CMakeFiles/CheckTypeSize/EVENT__SIZEOF_SSIZE_T_UPPER.c:28:22: note: expanded from macro 'SIZE'
#define SIZE (sizeof(SSIZE_T))
                     ^
5 errors generated.
make[1]: *** [CMakeFiles/cmTC_f342f.dir/EVENT__SIZEOF_SSIZE_T_UPPER.c.o] Error 1
make: *** [cmTC_f342f/fast] Error 2


/Users/qiaoyifan/mysql-server/CMakeFiles/CheckTypeSize/EVENT__SIZEOF_SSIZE_T_UPPER.c:
#include <sys/types.h>
#include <stdint.h>
#include <stddef.h>
#include "sys/types.h"
#include "sys/socket.h"
#include "netinet/in.h"
#include "fcntl.h"
#include "sys/time.h"


#undef KEY
#if defined(__i386)
# define KEY '_','_','i','3','8','6'
#elif defined(__x86_64)
# define KEY '_','_','x','8','6','_','6','4'
#elif defined(__ppc__)
# define KEY '_','_','p','p','c','_','_'
#elif defined(__ppc64__)
# define KEY '_','_','p','p','c','6','4','_','_'
#elif defined(__aarch64__)
# define KEY '_','_','a','a','r','c','h','6','4','_','_'
#elif defined(__ARM_ARCH_7A__)
# define KEY '_','_','A','R','M','_','A','R','C','H','_','7','A','_','_'
#elif defined(__ARM_ARCH_7S__)
# define KEY '_','_','A','R','M','_','A','R','C','H','_','7','S','_','_'
#endif

#define SIZE (sizeof(SSIZE_T))
static char info_size[] =  {'I', 'N', 'F', 'O', ':', 's','i','z','e','[',
  ('0' + ((SIZE / 10000)%10)),
  ('0' + ((SIZE / 1000)%10)),
  ('0' + ((SIZE / 100)%10)),
  ('0' + ((SIZE / 10)%10)),
  ('0' +  (SIZE    % 10)),
  ']',
#ifdef KEY
  ' ','k','e','y','[', KEY, ']',
#endif
  '\0'};

#ifdef __CLASSIC_C__
int main(argc, argv) int argc; char *argv[];
#else
int main(int argc, char *argv[])
#endif
{
  int require = 0;
  require += info_size[argc];
  (void)argv;
  return require;
}


Performing C SOURCE FILE Test EVENT__HAVE_WAITPID_WITH_WNOWAIT failed with the following compile output:
Change Dir: /Users/qiaoyifan/mysql-server/CMakeFiles/CMakeTmp

Run Build Command(s):/usr/bin/make cmTC_74c7b/fast && /Library/Developer/CommandLineTools/usr/bin/make -f CMakeFiles/cmTC_74c7b.dir/build.make CMakeFiles/cmTC_74c7b.dir/build
Building C object CMakeFiles/cmTC_74c7b.dir/src.c.o
/Library/Developer/CommandLineTools/usr/bin/cc -D_FILE_OFFSET_BITS=64 -D_GNU_SOURCE -D__STDC_CONSTANT_MACROS -D__STDC_FORMAT_MACROS -D__STDC_LIMIT_MACROS -I/usr/local/opt/openssl/include  -fPIC -fno-omit-frame-pointer  -Wno-error=deprecated-declarations -Wno-unused-function -Qunused-arguments -DEVENT__HAVE_WAITPID_WITH_WNOWAIT -isysroot /Library/Developer/CommandLineTools/SDKs/MacOSX10.14.sdk   -o CMakeFiles/cmTC_74c7b.dir/src.c.o   -c /Users/qiaoyifan/mysql-server/CMakeFiles/CMakeTmp/src.c
Linking C executable cmTC_74c7b
/usr/local/Cellar/cmake/3.15.3/bin/cmake -E cmake_link_script CMakeFiles/cmTC_74c7b.dir/link.txt --verbose=1
/Library/Developer/CommandLineTools/usr/bin/cc -fPIC -fno-omit-frame-pointer  -Wno-error=deprecated-declarations -Wno-unused-function -Qunused-arguments -DEVENT__HAVE_WAITPID_WITH_WNOWAIT -isysroot /Library/Developer/CommandLineTools/SDKs/MacOSX10.14.sdk -Wl,-search_paths_first -Wl,-headerpad_max_install_names   CMakeFiles/cmTC_74c7b.dir/src.c.o  -o cmTC_74c7b 


...and run output:

Return value: 1
Source file was:

#include <unistd.h>
#include <sys/types.h>
#include <sys/wait.h>
#include <stdlib.h>

int
main(int argc, char** argv)
{
    pid_t pid;
    int status;
    if ((pid = fork()) == 0) _exit(0);
    _exit(waitpid(pid, &status, WNOWAIT) == -1);
}
Determining if the _MINIX exist failed with the following output:
Change Dir: /Users/qiaoyifan/mysql-server/CMakeFiles/CMakeTmp

Run Build Command(s):/usr/bin/make cmTC_60937/fast && /Library/Developer/CommandLineTools/usr/bin/make -f CMakeFiles/cmTC_60937.dir/build.make CMakeFiles/cmTC_60937.dir/build
Building C object CMakeFiles/cmTC_60937.dir/CheckSymbolExists.c.o
/Library/Developer/CommandLineTools/usr/bin/cc -D_FILE_OFFSET_BITS=64 -D_GNU_SOURCE -D__STDC_CONSTANT_MACROS -D__STDC_FORMAT_MACROS -D__STDC_LIMIT_MACROS -I/usr/local/opt/openssl/include  -fPIC -fno-omit-frame-pointer  -Wno-error=deprecated-declarations -Wno-unused-function -Qunused-arguments  -isysroot /Library/Developer/CommandLineTools/SDKs/MacOSX10.14.sdk   -o CMakeFiles/cmTC_60937.dir/CheckSymbolExists.c.o   -c /Users/qiaoyifan/mysql-server/CMakeFiles/CMakeTmp/CheckSymbolExists.c
/Users/qiaoyifan/mysql-server/CMakeFiles/CMakeTmp/CheckSymbolExists.c:8:19: error: use of undeclared identifier '_MINIX'
  return ((int*)(&_MINIX))[argc];
                  ^
1 error generated.
make[1]: *** [CMakeFiles/cmTC_60937.dir/CheckSymbolExists.c.o] Error 1
make: *** [cmTC_60937/fast] Error 2


File /Users/qiaoyifan/mysql-server/CMakeFiles/CMakeTmp/CheckSymbolExists.c:
/* */
#include <stdio.h>

int main(int argc, char** argv)
{
  (void)argv;
#ifndef _MINIX
  return ((int*)(&_MINIX))[argc];
#else
  (void)argc;
  return 0;
#endif
}

Determining if the _POSIX_1_SOURCE exist failed with the following output:
Change Dir: /Users/qiaoyifan/mysql-server/CMakeFiles/CMakeTmp

Run Build Command(s):/usr/bin/make cmTC_bc6f4/fast && /Library/Developer/CommandLineTools/usr/bin/make -f CMakeFiles/cmTC_bc6f4.dir/build.make CMakeFiles/cmTC_bc6f4.dir/build
Building C object CMakeFiles/cmTC_bc6f4.dir/CheckSymbolExists.c.o
/Library/Developer/CommandLineTools/usr/bin/cc -D_FILE_OFFSET_BITS=64 -D_GNU_SOURCE -D__STDC_CONSTANT_MACROS -D__STDC_FORMAT_MACROS -D__STDC_LIMIT_MACROS -I/usr/local/opt/openssl/include  -fPIC -fno-omit-frame-pointer  -Wno-error=deprecated-declarations -Wno-unused-function -Qunused-arguments  -isysroot /Library/Developer/CommandLineTools/SDKs/MacOSX10.14.sdk   -o CMakeFiles/cmTC_bc6f4.dir/CheckSymbolExists.c.o   -c /Users/qiaoyifan/mysql-server/CMakeFiles/CMakeTmp/CheckSymbolExists.c
/Users/qiaoyifan/mysql-server/CMakeFiles/CMakeTmp/CheckSymbolExists.c:8:19: error: use of undeclared identifier '_POSIX_1_SOURCE'
  return ((int*)(&_POSIX_1_SOURCE))[argc];
                  ^
1 error generated.
make[1]: *** [CMakeFiles/cmTC_bc6f4.dir/CheckSymbolExists.c.o] Error 1
make: *** [cmTC_bc6f4/fast] Error 2


File /Users/qiaoyifan/mysql-server/CMakeFiles/CMakeTmp/CheckSymbolExists.c:
/* */
#include <stdio.h>

int main(int argc, char** argv)
{
  (void)argv;
#ifndef _POSIX_1_SOURCE
  return ((int*)(&_POSIX_1_SOURCE))[argc];
#else
  (void)argc;
  return 0;
#endif
}

Determining if the _POSIX_SOURCE exist failed with the following output:
Change Dir: /Users/qiaoyifan/mysql-server/CMakeFiles/CMakeTmp

Run Build Command(s):/usr/bin/make cmTC_4e5ca/fast && /Library/Developer/CommandLineTools/usr/bin/make -f CMakeFiles/cmTC_4e5ca.dir/build.make CMakeFiles/cmTC_4e5ca.dir/build
Building C object CMakeFiles/cmTC_4e5ca.dir/CheckSymbolExists.c.o
/Library/Developer/CommandLineTools/usr/bin/cc -D_FILE_OFFSET_BITS=64 -D_GNU_SOURCE -D__STDC_CONSTANT_MACROS -D__STDC_FORMAT_MACROS -D__STDC_LIMIT_MACROS -I/usr/local/opt/openssl/include  -fPIC -fno-omit-frame-pointer  -Wno-error=deprecated-declarations -Wno-unused-function -Qunused-arguments  -isysroot /Library/Developer/CommandLineTools/SDKs/MacOSX10.14.sdk   -o CMakeFiles/cmTC_4e5ca.dir/CheckSymbolExists.c.o   -c /Users/qiaoyifan/mysql-server/CMakeFiles/CMakeTmp/CheckSymbolExists.c
/Users/qiaoyifan/mysql-server/CMakeFiles/CMakeTmp/CheckSymbolExists.c:8:19: error: use of undeclared identifier '_POSIX_SOURCE'
  return ((int*)(&_POSIX_SOURCE))[argc];
                  ^
1 error generated.
make[1]: *** [CMakeFiles/cmTC_4e5ca.dir/CheckSymbolExists.c.o] Error 1
make: *** [cmTC_4e5ca/fast] Error 2


File /Users/qiaoyifan/mysql-server/CMakeFiles/CMakeTmp/CheckSymbolExists.c:
/* */
#include <stdio.h>

int main(int argc, char** argv)
{
  (void)argv;
#ifndef _POSIX_SOURCE
  return ((int*)(&_POSIX_SOURCE))[argc];
#else
  (void)argc;
  return 0;
#endif
}

Performing C SOURCE FILE Test EVENT__HAVE_STRUCT_IN6_ADDR_S6_ADDR16 failed with the following output:
Change Dir: /Users/qiaoyifan/mysql-server/CMakeFiles/CMakeTmp

Run Build Command(s):/usr/bin/make cmTC_28d02/fast && /Library/Developer/CommandLineTools/usr/bin/make -f CMakeFiles/cmTC_28d02.dir/build.make CMakeFiles/cmTC_28d02.dir/build
Building C object CMakeFiles/cmTC_28d02.dir/src.c.o
/Library/Developer/CommandLineTools/usr/bin/cc -D_FILE_OFFSET_BITS=64 -D_GNU_SOURCE -D__STDC_CONSTANT_MACROS -D__STDC_FORMAT_MACROS -D__STDC_LIMIT_MACROS -I/usr/local/opt/openssl/include  -fPIC -fno-omit-frame-pointer  -Wno-error=deprecated-declarations -Wno-unused-function -Qunused-arguments -DEVENT__HAVE_STRUCT_IN6_ADDR_S6_ADDR16 -isysroot /Library/Developer/CommandLineTools/SDKs/MacOSX10.14.sdk   -o CMakeFiles/cmTC_28d02.dir/src.c.o   -c /Users/qiaoyifan/mysql-server/CMakeFiles/CMakeTmp/src.c
/Users/qiaoyifan/mysql-server/CMakeFiles/CMakeTmp/src.c:8:40: error: no member named 's6_addr16' in 'struct in6_addr'
  (void)sizeof(((struct in6_addr *)0)->s6_addr16);
               ~~~~~~~~~~~~~~~~~~~~~~  ^
1 error generated.
make[1]: *** [CMakeFiles/cmTC_28d02.dir/src.c.o] Error 1
make: *** [cmTC_28d02/fast] Error 2


Source file was:

#include <netinet/in.h>
#include <sys/socket.h>
#include <netdb.h>

int main()
{
  (void)sizeof(((struct in6_addr *)0)->s6_addr16);
  return 0;
}

Performing C SOURCE FILE Test EVENT__HAVE_STRUCT_IN6_ADDR_S6_ADDR32 failed with the following output:
Change Dir: /Users/qiaoyifan/mysql-server/CMakeFiles/CMakeTmp

Run Build Command(s):/usr/bin/make cmTC_671db/fast && /Library/Developer/CommandLineTools/usr/bin/make -f CMakeFiles/cmTC_671db.dir/build.make CMakeFiles/cmTC_671db.dir/build
Building C object CMakeFiles/cmTC_671db.dir/src.c.o
/Library/Developer/CommandLineTools/usr/bin/cc -D_FILE_OFFSET_BITS=64 -D_GNU_SOURCE -D__STDC_CONSTANT_MACROS -D__STDC_FORMAT_MACROS -D__STDC_LIMIT_MACROS -I/usr/local/opt/openssl/include  -fPIC -fno-omit-frame-pointer  -Wno-error=deprecated-declarations -Wno-unused-function -Qunused-arguments -DEVENT__HAVE_STRUCT_IN6_ADDR_S6_ADDR32 -isysroot /Library/Developer/CommandLineTools/SDKs/MacOSX10.14.sdk   -o CMakeFiles/cmTC_671db.dir/src.c.o   -c /Users/qiaoyifan/mysql-server/CMakeFiles/CMakeTmp/src.c
/Users/qiaoyifan/mysql-server/CMakeFiles/CMakeTmp/src.c:8:40: error: no member named 's6_addr32' in 'struct in6_addr'
  (void)sizeof(((struct in6_addr *)0)->s6_addr32);
               ~~~~~~~~~~~~~~~~~~~~~~  ^
1 error generated.
make[1]: *** [CMakeFiles/cmTC_671db.dir/src.c.o] Error 1
make: *** [cmTC_671db/fast] Error 2


Source file was:

#include <netinet/in.h>
#include <sys/socket.h>
#include <netdb.h>

int main()
{
  (void)sizeof(((struct in6_addr *)0)->s6_addr32);
  return 0;
}

Performing C SOURCE FILE Test EVENT__HAVE_STRUCT_SOCKADDR_IN_SIN_LEN failed with the following output:
Change Dir: /Users/qiaoyifan/mysql-server/CMakeFiles/CMakeTmp

Run Build Command(s):/usr/bin/make cmTC_834f0/fast && /Library/Developer/CommandLineTools/usr/bin/make -f CMakeFiles/cmTC_834f0.dir/build.make CMakeFiles/cmTC_834f0.dir/build
Building C object CMakeFiles/cmTC_834f0.dir/src.c.o
/Library/Developer/CommandLineTools/usr/bin/cc -D_FILE_OFFSET_BITS=64 -D_GNU_SOURCE -D__STDC_CONSTANT_MACROS -D__STDC_FORMAT_MACROS -D__STDC_LIMIT_MACROS -I/usr/local/opt/openssl/include  -fPIC -fno-omit-frame-pointer  -Wno-error=deprecated-declarations -Wno-unused-function -Qunused-arguments -DEVENT__HAVE_STRUCT_SOCKADDR_IN_SIN_LEN -isysroot /Library/Developer/CommandLineTools/SDKs/MacOSX10.14.sdk   -o CMakeFiles/cmTC_834f0.dir/src.c.o   -c /Users/qiaoyifan/mysql-server/CMakeFiles/CMakeTmp/src.c
/Users/qiaoyifan/mysql-server/CMakeFiles/CMakeTmp/src.c:8:44: error: no member named 'sin_len' in 'struct sockaddr_in6'; did you mean 'sin6_len'?
  (void)sizeof(((struct sockaddr_in6 *)0)->sin_len);
                                           ^~~~~~~
                                           sin6_len
/Library/Developer/CommandLineTools/SDKs/MacOSX10.14.sdk/usr/include/netinet6/in6.h:170:18: note: 'sin6_len' declared here
        __uint8_t       sin6_len;       /* length of this struct(sa_family_t) */
                        ^
1 error generated.
make[1]: *** [CMakeFiles/cmTC_834f0.dir/src.c.o] Error 1
make: *** [cmTC_834f0/fast] Error 2


Source file was:

#include <netinet/in.h>
#include <sys/socket.h>
#include <netdb.h>

int main()
{
  (void)sizeof(((struct sockaddr_in6 *)0)->sin_len);
  return 0;
}

Performing C SOURCE FILE Test EVENT__HAVE_STRUCT_SOCKADDR_STORAGE___SS_FAMILY failed with the following output:
Change Dir: /Users/qiaoyifan/mysql-server/CMakeFiles/CMakeTmp

Run Build Command(s):/usr/bin/make cmTC_06522/fast && /Library/Developer/CommandLineTools/usr/bin/make -f CMakeFiles/cmTC_06522.dir/build.make CMakeFiles/cmTC_06522.dir/build
Building C object CMakeFiles/cmTC_06522.dir/src.c.o
/Library/Developer/CommandLineTools/usr/bin/cc -D_FILE_OFFSET_BITS=64 -D_GNU_SOURCE -D__STDC_CONSTANT_MACROS -D__STDC_FORMAT_MACROS -D__STDC_LIMIT_MACROS -I/usr/local/opt/openssl/include  -fPIC -fno-omit-frame-pointer  -Wno-error=deprecated-declarations -Wno-unused-function -Qunused-arguments -DEVENT__HAVE_STRUCT_SOCKADDR_STORAGE___SS_FAMILY -isysroot /Library/Developer/CommandLineTools/SDKs/MacOSX10.14.sdk   -o CMakeFiles/cmTC_06522.dir/src.c.o   -c /Users/qiaoyifan/mysql-server/CMakeFiles/CMakeTmp/src.c
/Users/qiaoyifan/mysql-server/CMakeFiles/CMakeTmp/src.c:8:48: error: no member named '__ss_family' in 'struct sockaddr_storage'; did you mean 'ss_family'?
  (void)sizeof(((struct sockaddr_storage *)0)->__ss_family);
                                               ^~~~~~~~~~~
                                               ss_family
/Library/Developer/CommandLineTools/SDKs/MacOSX10.14.sdk/usr/include/sys/socket.h:439:18: note: 'ss_family' declared here
        sa_family_t     ss_family;      /* [XSI] address family */
                        ^
1 error generated.
make[1]: *** [CMakeFiles/cmTC_06522.dir/src.c.o] Error 1
make: *** [cmTC_06522/fast] Error 2


Source file was:

#include <netinet/in.h>
#include <sys/socket.h>
#include <netdb.h>

int main()
{
  (void)sizeof(((struct sockaddr_storage *)0)->__ss_family);
  return 0;
}

Performing C++ SOURCE FILE Test HAVE_CXX_W_unused_but_set_variable failed with the following output:
Change Dir: /Users/qiaoyifan/mysql-server/CMakeFiles/CMakeTmp

Run Build Command(s):/usr/bin/make cmTC_05ca7/fast && /Library/Developer/CommandLineTools/usr/bin/make -f CMakeFiles/cmTC_05ca7.dir/build.make CMakeFiles/cmTC_05ca7.dir/build
Building CXX object CMakeFiles/cmTC_05ca7.dir/src.cxx.o
/Library/Developer/CommandLineTools/usr/bin/c++  -D_FILE_OFFSET_BITS=64 -D_GNU_SOURCE -D__STDC_CONSTANT_MACROS -D__STDC_FORMAT_MACROS -D__STDC_LIMIT_MACROS -I/usr/local/opt/openssl/include  -fPIC -std=c++14 -fno-omit-frame-pointer  -DHAVE_CXX_W_unused_but_set_variable  -Wunused-but-set-variable -isysroot /Library/Developer/CommandLineTools/SDKs/MacOSX10.14.sdk   -o CMakeFiles/cmTC_05ca7.dir/src.cxx.o -c /Users/qiaoyifan/mysql-server/CMakeFiles/CMakeTmp/src.cxx
warning: unknown warning option '-Wunused-but-set-variable'; did you mean '-Wunused-const-variable'? [-Wunknown-warning-option]
1 warning generated.
Linking CXX executable cmTC_05ca7
/usr/local/Cellar/cmake/3.15.3/bin/cmake -E cmake_link_script CMakeFiles/cmTC_05ca7.dir/link.txt --verbose=1
/Library/Developer/CommandLineTools/usr/bin/c++  -fPIC -std=c++14 -fno-omit-frame-pointer  -DHAVE_CXX_W_unused_but_set_variable  -Wunused-but-set-variable -isysroot /Library/Developer/CommandLineTools/SDKs/MacOSX10.14.sdk -Wl,-search_paths_first -Wl,-headerpad_max_install_names   CMakeFiles/cmTC_05ca7.dir/src.cxx.o  -o cmTC_05ca7 


Source file was:
int main(void) { return 0; }
Performing C++ SOURCE FILE Test HAVE_CXX_W_misleading_indentation failed with the following output:
Change Dir: /Users/qiaoyifan/mysql-server/CMakeFiles/CMakeTmp

Run Build Command(s):/usr/bin/make cmTC_b9679/fast && /Library/Developer/CommandLineTools/usr/bin/make -f CMakeFiles/cmTC_b9679.dir/build.make CMakeFiles/cmTC_b9679.dir/build
Building CXX object CMakeFiles/cmTC_b9679.dir/src.cxx.o
/Library/Developer/CommandLineTools/usr/bin/c++  -D_FILE_OFFSET_BITS=64 -D_GNU_SOURCE -D__STDC_CONSTANT_MACROS -D__STDC_FORMAT_MACROS -D__STDC_LIMIT_MACROS -I/usr/local/opt/openssl/include  -fPIC -std=c++14 -fno-omit-frame-pointer  -DHAVE_CXX_W_misleading_indentation  -Wmisleading-indentation -isysroot /Library/Developer/CommandLineTools/SDKs/MacOSX10.14.sdk   -o CMakeFiles/cmTC_b9679.dir/src.cxx.o -c /Users/qiaoyifan/mysql-server/CMakeFiles/CMakeTmp/src.cxx
warning: unknown warning option '-Wmisleading-indentation'; did you mean '-Wbinding-in-condition'? [-Wunknown-warning-option]
1 warning generated.
Linking CXX executable cmTC_b9679
/usr/local/Cellar/cmake/3.15.3/bin/cmake -E cmake_link_script CMakeFiles/cmTC_b9679.dir/link.txt --verbose=1
/Library/Developer/CommandLineTools/usr/bin/c++  -fPIC -std=c++14 -fno-omit-frame-pointer  -DHAVE_CXX_W_misleading_indentation  -Wmisleading-indentation -isysroot /Library/Developer/CommandLineTools/SDKs/MacOSX10.14.sdk -Wl,-search_paths_first -Wl,-headerpad_max_install_names   CMakeFiles/cmTC_b9679.dir/src.cxx.o  -o cmTC_b9679 


Source file was:
int main(void) { return 0; }
Performing C++ SOURCE FILE Test HAVE_CXX_W_maybe_uninitialized failed with the following output:
Change Dir: /Users/qiaoyifan/mysql-server/CMakeFiles/CMakeTmp

Run Build Command(s):/usr/bin/make cmTC_a00b7/fast && /Library/Developer/CommandLineTools/usr/bin/make -f CMakeFiles/cmTC_a00b7.dir/build.make CMakeFiles/cmTC_a00b7.dir/build
Building CXX object CMakeFiles/cmTC_a00b7.dir/src.cxx.o
/Library/Developer/CommandLineTools/usr/bin/c++  -D_FILE_OFFSET_BITS=64 -D_GNU_SOURCE -D__STDC_CONSTANT_MACROS -D__STDC_FORMAT_MACROS -D__STDC_LIMIT_MACROS -I/usr/local/opt/openssl/include  -fPIC -std=c++14 -fno-omit-frame-pointer  -DHAVE_CXX_W_maybe_uninitialized  -Wmaybe-uninitialized -isysroot /Library/Developer/CommandLineTools/SDKs/MacOSX10.14.sdk   -o CMakeFiles/cmTC_a00b7.dir/src.cxx.o -c /Users/qiaoyifan/mysql-server/CMakeFiles/CMakeTmp/src.cxx
warning: unknown warning option '-Wmaybe-uninitialized'; did you mean '-Wuninitialized'? [-Wunknown-warning-option]
1 warning generated.
Linking CXX executable cmTC_a00b7
/usr/local/Cellar/cmake/3.15.3/bin/cmake -E cmake_link_script CMakeFiles/cmTC_a00b7.dir/link.txt --verbose=1
/Library/Developer/CommandLineTools/usr/bin/c++  -fPIC -std=c++14 -fno-omit-frame-pointer  -DHAVE_CXX_W_maybe_uninitialized  -Wmaybe-uninitialized -isysroot /Library/Developer/CommandLineTools/SDKs/MacOSX10.14.sdk -Wl,-search_paths_first -Wl,-headerpad_max_install_names   CMakeFiles/cmTC_a00b7.dir/src.cxx.o  -o cmTC_a00b7 


Source file was:
int main(void) { return 0; }
Performing C++ SOURCE FILE Test HAVE_CXX_W_deprecated_copy failed with the following output:
Change Dir: /Users/qiaoyifan/mysql-server/CMakeFiles/CMakeTmp

Run Build Command(s):/usr/bin/make cmTC_86710/fast && /Library/Developer/CommandLineTools/usr/bin/make -f CMakeFiles/cmTC_86710.dir/build.make CMakeFiles/cmTC_86710.dir/build
Building CXX object CMakeFiles/cmTC_86710.dir/src.cxx.o
/Library/Developer/CommandLineTools/usr/bin/c++  -D_FILE_OFFSET_BITS=64 -D_GNU_SOURCE -D__STDC_CONSTANT_MACROS -D__STDC_FORMAT_MACROS -D__STDC_LIMIT_MACROS -I/usr/local/opt/openssl/include  -fPIC -std=c++14 -fno-omit-frame-pointer  -Wno-sign-compare -Wno-unused-function -Wno-inconsistent-missing-override -DHAVE_CXX_W_deprecated_copy  -Wdeprecated-copy -isysroot /Library/Developer/CommandLineTools/SDKs/MacOSX10.14.sdk   -o CMakeFiles/cmTC_86710.dir/src.cxx.o -c /Users/qiaoyifan/mysql-server/CMakeFiles/CMakeTmp/src.cxx
warning: unknown warning option '-Wdeprecated-copy'; did you mean '-Wdeprecated'? [-Wunknown-warning-option]
1 warning generated.
Linking CXX executable cmTC_86710
/usr/local/Cellar/cmake/3.15.3/bin/cmake -E cmake_link_script CMakeFiles/cmTC_86710.dir/link.txt --verbose=1
/Library/Developer/CommandLineTools/usr/bin/c++  -fPIC -std=c++14 -fno-omit-frame-pointer  -Wno-sign-compare -Wno-unused-function -Wno-inconsistent-missing-override -DHAVE_CXX_W_deprecated_copy  -Wdeprecated-copy -isysroot /Library/Developer/CommandLineTools/SDKs/MacOSX10.14.sdk -Wl,-search_paths_first -Wl,-headerpad_max_install_names   CMakeFiles/cmTC_86710.dir/src.cxx.o  -o cmTC_86710 


Source file was:
int main(void) { return 0; }
Performing C++ SOURCE FILE Test HAVE_CXX_W_nonnull_compare failed with the following output:
Change Dir: /Users/qiaoyifan/mysql-server/CMakeFiles/CMakeTmp

Run Build Command(s):/usr/bin/make cmTC_990c9/fast && /Library/Developer/CommandLineTools/usr/bin/make -f CMakeFiles/cmTC_990c9.dir/build.make CMakeFiles/cmTC_990c9.dir/build
Building CXX object CMakeFiles/cmTC_990c9.dir/src.cxx.o
/Library/Developer/CommandLineTools/usr/bin/c++  -D_FILE_OFFSET_BITS=64 -D_GNU_SOURCE -D__STDC_CONSTANT_MACROS -D__STDC_FORMAT_MACROS -D__STDC_LIMIT_MACROS -I/usr/local/opt/openssl/include  -fPIC -std=c++14 -fno-omit-frame-pointer  -DHAVE_CXX_W_nonnull_compare  -Wnonnull-compare -isysroot /Library/Developer/CommandLineTools/SDKs/MacOSX10.14.sdk   -o CMakeFiles/cmTC_990c9.dir/src.cxx.o -c /Users/qiaoyifan/mysql-server/CMakeFiles/CMakeTmp/src.cxx
warning: unknown warning option '-Wnonnull-compare'; did you mean '-Wenum-compare'? [-Wunknown-warning-option]
1 warning generated.
Linking CXX executable cmTC_990c9
/usr/local/Cellar/cmake/3.15.3/bin/cmake -E cmake_link_script CMakeFiles/cmTC_990c9.dir/link.txt --verbose=1
/Library/Developer/CommandLineTools/usr/bin/c++  -fPIC -std=c++14 -fno-omit-frame-pointer  -DHAVE_CXX_W_nonnull_compare  -Wnonnull-compare -isysroot /Library/Developer/CommandLineTools/SDKs/MacOSX10.14.sdk -Wl,-search_paths_first -Wl,-headerpad_max_install_names   CMakeFiles/cmTC_990c9.dir/src.cxx.o  -o cmTC_990c9 


Source file was:
int main(void) { return 0; }
Determining if the function sched_getcpu exists failed with the following output:
Change Dir: /Users/qiaoyifan/mysql-server/CMakeFiles/CMakeTmp

Run Build Command(s):/usr/bin/make cmTC_be474/fast && /Library/Developer/CommandLineTools/usr/bin/make -f CMakeFiles/cmTC_be474.dir/build.make CMakeFiles/cmTC_be474.dir/build
Building C object CMakeFiles/cmTC_be474.dir/CheckFunctionExists.c.o
/Library/Developer/CommandLineTools/usr/bin/cc -D_FILE_OFFSET_BITS=64 -D_GNU_SOURCE -D__STDC_CONSTANT_MACROS -D__STDC_FORMAT_MACROS -D__STDC_LIMIT_MACROS -I/usr/local/opt/openssl/include  -fPIC -fno-omit-frame-pointer  -Wall -Wextra -Wformat-security -Wvla -Wundef -Wmissing-format-attribute -Wwrite-strings -Wconditional-uninitialized -Wextra-semi -Wmissing-noreturn -Wunreachable-code-break -Wunreachable-code-return -DCHECK_FUNCTION_EXISTS=sched_getcpu -isysroot /Library/Developer/CommandLineTools/SDKs/MacOSX10.14.sdk   -o CMakeFiles/cmTC_be474.dir/CheckFunctionExists.c.o   -c /usr/local/Cellar/cmake/3.15.3/share/cmake/Modules/CheckFunctionExists.c
Linking C executable cmTC_be474
/usr/local/Cellar/cmake/3.15.3/bin/cmake -E cmake_link_script CMakeFiles/cmTC_be474.dir/link.txt --verbose=1
/Library/Developer/CommandLineTools/usr/bin/cc -fPIC -fno-omit-frame-pointer  -Wall -Wextra -Wformat-security -Wvla -Wundef -Wmissing-format-attribute -Wwrite-strings -Wconditional-uninitialized -Wextra-semi -Wmissing-noreturn -Wunreachable-code-break -Wunreachable-code-return -DCHECK_FUNCTION_EXISTS=sched_getcpu -isysroot /Library/Developer/CommandLineTools/SDKs/MacOSX10.14.sdk -Wl,-search_paths_first -Wl,-headerpad_max_install_names   CMakeFiles/cmTC_be474.dir/CheckFunctionExists.c.o  -o cmTC_be474 
Undefined symbols for architecture x86_64:
  "_sched_getcpu", referenced from:
      _main in CheckFunctionExists.c.o
ld: symbol(s) not found for architecture x86_64
clang: error: linker command failed with exit code 1 (use -v to see invocation)
make[1]: *** [cmTC_be474] Error 1
make: *** [cmTC_be474/fast] Error 2



Performing C SOURCE FILE Test HAVE_FALLOC_PUNCH_HOLE_AND_KEEP_SIZE failed with the following compile output:
Change Dir: /Users/qiaoyifan/mysql-server/CMakeFiles/CMakeTmp

Run Build Command(s):/usr/bin/make cmTC_e31bd/fast && /Library/Developer/CommandLineTools/usr/bin/make -f CMakeFiles/cmTC_e31bd.dir/build.make CMakeFiles/cmTC_e31bd.dir/build
Building C object CMakeFiles/cmTC_e31bd.dir/src.c.o
/Library/Developer/CommandLineTools/usr/bin/cc -D_FILE_OFFSET_BITS=64 -D_GNU_SOURCE -D__STDC_CONSTANT_MACROS -D__STDC_FORMAT_MACROS -D__STDC_LIMIT_MACROS -I/usr/local/opt/openssl/include  -fPIC -fno-omit-frame-pointer  -Wall -Wextra -Wformat-security -Wvla -Wundef -Wmissing-format-attribute -Wwrite-strings -Wconditional-uninitialized -Wextra-semi -Wmissing-noreturn -Wunreachable-code-break -Wunreachable-code-return -DHAVE_FALLOC_PUNCH_HOLE_AND_KEEP_SIZE -isysroot /Library/Developer/CommandLineTools/SDKs/MacOSX10.14.sdk   -o CMakeFiles/cmTC_e31bd.dir/src.c.o   -c /Users/qiaoyifan/mysql-server/CMakeFiles/CMakeTmp/src.c
/Users/qiaoyifan/mysql-server/CMakeFiles/CMakeTmp/src.c:6:12: fatal error: 'linux/falloc.h' file not found
  #include <linux/falloc.h>
           ^~~~~~~~~~~~~~~~
1 error generated.
make[1]: *** [CMakeFiles/cmTC_e31bd.dir/src.c.o] Error 1
make: *** [cmTC_e31bd/fast] Error 2


...and run output:

Return value: 1
Source file was:

  #ifndef _GNU_SOURCE
  #define _GNU_SOURCE
  #endif
  #include <fcntl.h>
  #include <linux/falloc.h>
  int main()
  {
    /* Ignore the return value for now. Check if the flags exist.
    The return value is checked  at runtime. */
    fallocate(0, FALLOC_FL_PUNCH_HOLE | FALLOC_FL_KEEP_SIZE, 0, 0);

    return(0);
  }
Performing C SOURCE FILE Test HAVE_IB_LINUX_FUTEX failed with the following compile output:
Change Dir: /Users/qiaoyifan/mysql-server/CMakeFiles/CMakeTmp

Run Build Command(s):/usr/bin/make cmTC_20d31/fast && /Library/Developer/CommandLineTools/usr/bin/make -f CMakeFiles/cmTC_20d31.dir/build.make CMakeFiles/cmTC_20d31.dir/build
Building C object CMakeFiles/cmTC_20d31.dir/src.c.o
/Library/Developer/CommandLineTools/usr/bin/cc -D_FILE_OFFSET_BITS=64 -D_GNU_SOURCE -D__STDC_CONSTANT_MACROS -D__STDC_FORMAT_MACROS -D__STDC_LIMIT_MACROS -I/usr/local/opt/openssl/include  -fPIC -fno-omit-frame-pointer  -Wall -Wextra -Wformat-security -Wvla -Wundef -Wmissing-format-attribute -Wwrite-strings -Wconditional-uninitialized -Wextra-semi -Wmissing-noreturn -Wunreachable-code-break -Wunreachable-code-return -DHAVE_IB_LINUX_FUTEX -isysroot /Library/Developer/CommandLineTools/SDKs/MacOSX10.14.sdk   -o CMakeFiles/cmTC_20d31.dir/src.c.o   -c /Users/qiaoyifan/mysql-server/CMakeFiles/CMakeTmp/src.c
/Users/qiaoyifan/mysql-server/CMakeFiles/CMakeTmp/src.c:6:12: fatal error: 'linux/futex.h' file not found
  #include <linux/futex.h>
           ^~~~~~~~~~~~~~~
1 error generated.
make[1]: *** [CMakeFiles/cmTC_20d31.dir/src.c.o] Error 1
make: *** [cmTC_20d31/fast] Error 2


...and run output:

Return value: 1
Source file was:

  #include <stdio.h>
  #include <unistd.h>
  #include <errno.h>
  #include <assert.h>
  #include <linux/futex.h>
  #include <unistd.h>
  #include <sys/syscall.h>

   int futex_wait(int* futex, int v) {
	return(syscall(SYS_futex, futex, FUTEX_WAIT_PRIVATE, v, NULL, NULL, 0));
   }

   int futex_signal(int* futex) {
	return(syscall(SYS_futex, futex, FUTEX_WAKE, 1, NULL, NULL, 0));
   }

  int main() {
	int	ret;
	int	m = 1;

	/* It is setup to fail and return EWOULDBLOCK. */
	ret = futex_wait(&m, 0);
	assert(ret == -1 && errno == EWOULDBLOCK);
	/* Shouldn't wake up any threads. */
	assert(futex_signal(&m) == 0);

	return(0);
  }
Performing C++ SOURCE FILE Test HAVE_CXX_W_logical_op failed with the following output:
Change Dir: /Users/qiaoyifan/mysql-server/CMakeFiles/CMakeTmp

Run Build Command(s):/usr/bin/make cmTC_d4970/fast && /Library/Developer/CommandLineTools/usr/bin/make -f CMakeFiles/cmTC_d4970.dir/build.make CMakeFiles/cmTC_d4970.dir/build
Building CXX object CMakeFiles/cmTC_d4970.dir/src.cxx.o
/Library/Developer/CommandLineTools/usr/bin/c++  -D_FILE_OFFSET_BITS=64 -D_GNU_SOURCE -D__STDC_CONSTANT_MACROS -D__STDC_FORMAT_MACROS -D__STDC_LIMIT_MACROS -I/usr/local/opt/openssl/include  -fPIC -std=c++14 -fno-omit-frame-pointer  -Wall -Wextra -Wformat-security -Wvla -Wundef -Wmissing-format-attribute -Woverloaded-virtual -Wno-null-conversion -Wno-unused-private-field -Wconditional-uninitialized -Wdeprecated -Wextra-semi -Wheader-hygiene -Wnon-virtual-dtor -Wundefined-reinterpret-cast -Winconsistent-missing-destructor-override -Wshadow-field -Wno-unused-parameter -Wno-cast-qual -DHAVE_CXX_W_logical_op  -Wlogical-op -isysroot /Library/Developer/CommandLineTools/SDKs/MacOSX10.14.sdk   -o CMakeFiles/cmTC_d4970.dir/src.cxx.o -c /Users/qiaoyifan/mysql-server/CMakeFiles/CMakeTmp/src.cxx
warning: unknown warning option '-Wlogical-op'; did you mean '-Wlong-long'? [-Wunknown-warning-option]
1 warning generated.
Linking CXX executable cmTC_d4970
/usr/local/Cellar/cmake/3.15.3/bin/cmake -E cmake_link_script CMakeFiles/cmTC_d4970.dir/link.txt --verbose=1
/Library/Developer/CommandLineTools/usr/bin/c++  -fPIC -std=c++14 -fno-omit-frame-pointer  -Wall -Wextra -Wformat-security -Wvla -Wundef -Wmissing-format-attribute -Woverloaded-virtual -Wno-null-conversion -Wno-unused-private-field -Wconditional-uninitialized -Wdeprecated -Wextra-semi -Wheader-hygiene -Wnon-virtual-dtor -Wundefined-reinterpret-cast -Winconsistent-missing-destructor-override -Wshadow-field -Wno-unused-parameter -Wno-cast-qual -DHAVE_CXX_W_logical_op  -Wlogical-op -isysroot /Library/Developer/CommandLineTools/SDKs/MacOSX10.14.sdk -Wl,-search_paths_first -Wl,-headerpad_max_install_names   CMakeFiles/cmTC_d4970.dir/src.cxx.o  -o cmTC_d4970 


Source file was:
int main(void) { return 0; }
Performing C++ SOURCE FILE Test HAVE_CXX_W_cast_function_type failed with the following output:
Change Dir: /Users/qiaoyifan/mysql-server/CMakeFiles/CMakeTmp

Run Build Command(s):/usr/bin/make cmTC_36e5c/fast && /Library/Developer/CommandLineTools/usr/bin/make -f CMakeFiles/cmTC_36e5c.dir/build.make CMakeFiles/cmTC_36e5c.dir/build
Building CXX object CMakeFiles/cmTC_36e5c.dir/src.cxx.o
/Library/Developer/CommandLineTools/usr/bin/c++  -D_FILE_OFFSET_BITS=64 -D_GNU_SOURCE -D__STDC_CONSTANT_MACROS -D__STDC_FORMAT_MACROS -D__STDC_LIMIT_MACROS -I/usr/local/opt/openssl/include  -fPIC -std=c++14 -fno-omit-frame-pointer  -Wall -Wextra -Wformat-security -Wvla -Wundef -Wmissing-format-attribute -Woverloaded-virtual -Wno-null-conversion -Wno-unused-private-field -Wconditional-uninitialized -Wdeprecated -Wextra-semi -Wheader-hygiene -Wnon-virtual-dtor -Wundefined-reinterpret-cast -Winconsistent-missing-destructor-override -Wshadow-field -Wno-unused-parameter -Wno-cast-qual -DHAVE_CXX_W_cast_function_type  -Wcast-function-type -isysroot /Library/Developer/CommandLineTools/SDKs/MacOSX10.14.sdk   -o CMakeFiles/cmTC_36e5c.dir/src.cxx.o -c /Users/qiaoyifan/mysql-server/CMakeFiles/CMakeTmp/src.cxx
warning: unknown warning option '-Wcast-function-type'; did you mean '-Wbad-function-cast'? [-Wunknown-warning-option]
1 warning generated.
Linking CXX executable cmTC_36e5c
/usr/local/Cellar/cmake/3.15.3/bin/cmake -E cmake_link_script CMakeFiles/cmTC_36e5c.dir/link.txt --verbose=1
/Library/Developer/CommandLineTools/usr/bin/c++  -fPIC -std=c++14 -fno-omit-frame-pointer  -Wall -Wextra -Wformat-security -Wvla -Wundef -Wmissing-format-attribute -Woverloaded-virtual -Wno-null-conversion -Wno-unused-private-field -Wconditional-uninitialized -Wdeprecated -Wextra-semi -Wheader-hygiene -Wnon-virtual-dtor -Wundefined-reinterpret-cast -Winconsistent-missing-destructor-override -Wshadow-field -Wno-unused-parameter -Wno-cast-qual -DHAVE_CXX_W_cast_function_type  -Wcast-function-type -isysroot /Library/Developer/CommandLineTools/SDKs/MacOSX10.14.sdk -Wl,-search_paths_first -Wl,-headerpad_max_install_names   CMakeFiles/cmTC_36e5c.dir/src.cxx.o  -o cmTC_36e5c 


Source file was:
int main(void) { return 0; }
Performing C++ SOURCE FILE Test HAVE_PEERCRED failed with the following output:
Change Dir: /Users/qiaoyifan/mysql-server/CMakeFiles/CMakeTmp

Run Build Command(s):/usr/bin/make cmTC_45421/fast && /Library/Developer/CommandLineTools/usr/bin/make -f CMakeFiles/cmTC_45421.dir/build.make CMakeFiles/cmTC_45421.dir/build
Building CXX object CMakeFiles/cmTC_45421.dir/src.cxx.o
/Library/Developer/CommandLineTools/usr/bin/c++  -D_FILE_OFFSET_BITS=64 -D_GNU_SOURCE -D__STDC_CONSTANT_MACROS -D__STDC_FORMAT_MACROS -D__STDC_LIMIT_MACROS -I/usr/local/opt/openssl/include  -fPIC -std=c++14 -fno-omit-frame-pointer  -Wall -Wextra -Wformat-security -Wvla -Wundef -Wmissing-format-attribute -Woverloaded-virtual -Wno-null-conversion -Wno-unused-private-field -Wconditional-uninitialized -Wdeprecated -Wextra-semi -Wheader-hygiene -Wnon-virtual-dtor -Wundefined-reinterpret-cast -Winconsistent-missing-destructor-override -Wshadow-field -DHAVE_PEERCRED -isysroot /Library/Developer/CommandLineTools/SDKs/MacOSX10.14.sdk   -o CMakeFiles/cmTC_45421.dir/src.cxx.o -c /Users/qiaoyifan/mysql-server/CMakeFiles/CMakeTmp/src.cxx
/Users/qiaoyifan/mysql-server/CMakeFiles/CMakeTmp/src.cxx:6:16: error: variable has incomplete type 'struct ucred'
  struct ucred cred;
               ^
/Users/qiaoyifan/mysql-server/CMakeFiles/CMakeTmp/src.cxx:6:10: note: forward declaration of 'ucred'
  struct ucred cred;
         ^
/Users/qiaoyifan/mysql-server/CMakeFiles/CMakeTmp/src.cxx:7:29: error: use of undeclared identifier 'SO_PEERCRED'
  getsockopt(0, SOL_SOCKET, SO_PEERCRED, &cred, 0);
                            ^
2 errors generated.
make[1]: *** [CMakeFiles/cmTC_45421.dir/src.cxx.o] Error 1
make: *** [cmTC_45421/fast] Error 2


Source file was:
#ifndef _GNU_SOURCE
#define _GNU_SOURCE
#endif
#include <sys/socket.h>
int main() {
  struct ucred cred;
  getsockopt(0, SOL_SOCKET, SO_PEERCRED, &cred, 0);
}
Performing C SOURCE FILE Test HAVE_XDR_OPS_X_PUTINT32 failed with the following output:
Change Dir: /Users/qiaoyifan/mysql-server/CMakeFiles/CMakeTmp

Run Build Command(s):/usr/bin/make cmTC_81cf8/fast && /Library/Developer/CommandLineTools/usr/bin/make -f CMakeFiles/cmTC_81cf8.dir/build.make CMakeFiles/cmTC_81cf8.dir/build
Building C object CMakeFiles/cmTC_81cf8.dir/src.c.o
/Library/Developer/CommandLineTools/usr/bin/cc -D_FILE_OFFSET_BITS=64 -D_GNU_SOURCE -D__STDC_CONSTANT_MACROS -D__STDC_FORMAT_MACROS -D__STDC_LIMIT_MACROS  -fPIC -fno-omit-frame-pointer  -Wall -Wextra -Wformat-security -Wvla -Wundef -Wmissing-format-attribute -Wwrite-strings -Wconditional-uninitialized -Wextra-semi -Wmissing-noreturn -Wunreachable-code-break -Wunreachable-code-return -DHAVE_XDR_OPS_X_PUTINT32 -Wno-error -isysroot /Library/Developer/CommandLineTools/SDKs/MacOSX10.14.sdk   -o CMakeFiles/cmTC_81cf8.dir/src.c.o   -c /Users/qiaoyifan/mysql-server/CMakeFiles/CMakeTmp/src.c
In file included from /Users/qiaoyifan/mysql-server/CMakeFiles/CMakeTmp/src.c:2:
/Library/Developer/CommandLineTools/SDKs/MacOSX10.14.sdk/usr/include/rpc/xdr.h:126:3: error: type name requires a specifier or qualifier
                bool_t  (*x_getlong)(struct __rpc_xdr *, int *);
                ^
/Library/Developer/CommandLineTools/SDKs/MacOSX10.14.sdk/usr/include/rpc/xdr.h:128:3: error: type name requires a specifier or qualifier
                bool_t  (*x_putlong)(struct __rpc_xdr *, const int *);
                ^
/Library/Developer/CommandLineTools/SDKs/MacOSX10.14.sdk/usr/include/rpc/xdr.h:128:3: error: duplicate member 'bool_t'
/Library/Developer/CommandLineTools/SDKs/MacOSX10.14.sdk/usr/include/rpc/xdr.h:126:3: note: previous declaration is here
                bool_t  (*x_getlong)(struct __rpc_xdr *, int *);
                ^
/Library/Developer/CommandLineTools/SDKs/MacOSX10.14.sdk/usr/include/rpc/xdr.h:136:3: error: type name requires a specifier or qualifier
                bool_t  (*x_getbytes)(struct __rpc_xdr *, char *, unsigned int);
                ^
/Library/Developer/CommandLineTools/SDKs/MacOSX10.14.sdk/usr/include/rpc/xdr.h:136:3: error: duplicate member 'bool_t'
/Library/Developer/CommandLineTools/SDKs/MacOSX10.14.sdk/usr/include/rpc/xdr.h:126:3: note: previous declaration is here
                bool_t  (*x_getlong)(struct __rpc_xdr *, int *);
                ^
/Library/Developer/CommandLineTools/SDKs/MacOSX10.14.sdk/usr/include/rpc/xdr.h:138:3: error: type name requires a specifier or qualifier
                bool_t  (*x_putbytes)(struct __rpc_xdr *, const char *, unsigned int);
                ^
/Library/Developer/CommandLineTools/SDKs/MacOSX10.14.sdk/usr/include/rpc/xdr.h:138:3: error: duplicate member 'bool_t'
/Library/Developer/CommandLineTools/SDKs/MacOSX10.14.sdk/usr/include/rpc/xdr.h:126:3: note: previous declaration is here
                bool_t  (*x_getlong)(struct __rpc_xdr *, int *);
                ^
/Library/Developer/CommandLineTools/SDKs/MacOSX10.14.sdk/usr/include/rpc/xdr.h:142:3: error: type name requires a specifier or qualifier
                bool_t  (*x_setpostn)(struct __rpc_xdr *, unsigned int);
                ^
/Library/Developer/CommandLineTools/SDKs/MacOSX10.14.sdk/usr/include/rpc/xdr.h:142:3: error: duplicate member 'bool_t'
/Library/Developer/CommandLineTools/SDKs/MacOSX10.14.sdk/usr/include/rpc/xdr.h:126:3: note: previous declaration is here
                bool_t  (*x_getlong)(struct __rpc_xdr *, int *);
                ^
/Library/Developer/CommandLineTools/SDKs/MacOSX10.14.sdk/usr/include/rpc/xdr.h:144:3: error: unknown type name 'int32_t'
                int32_t *(*x_inline)(struct __rpc_xdr *, unsigned int);
                ^
/Library/Developer/CommandLineTools/SDKs/MacOSX10.14.sdk/usr/include/rpc/xdr.h:147:3: error: type name requires a specifier or qualifier
                bool_t  (*x_control)(struct __rpc_xdr *, int, void *);
                ^
/Library/Developer/CommandLineTools/SDKs/MacOSX10.14.sdk/usr/include/rpc/xdr.h:147:3: error: duplicate member 'bool_t'
/Library/Developer/CommandLineTools/SDKs/MacOSX10.14.sdk/usr/include/rpc/xdr.h:126:3: note: previous declaration is here
                bool_t  (*x_getlong)(struct __rpc_xdr *, int *);
                ^
/Library/Developer/CommandLineTools/SDKs/MacOSX10.14.sdk/usr/include/rpc/xdr.h:191:16: error: function cannot return function type 'int (XDR *, void *, unsigned int)' (aka 'int (struct __rpc_xdr *, void *, unsigned int)')
typedef bool_t (*xdrproc_t)(XDR *, void *, unsigned int);
               ^
/Library/Developer/CommandLineTools/SDKs/MacOSX10.14.sdk/usr/include/rpc/xdr.h:215:25: error: unknown type name 'int32_t'
xdr_getint32(XDR *xdrs, int32_t *ip)
                        ^
/Library/Developer/CommandLineTools/SDKs/MacOSX10.14.sdk/usr/include/rpc/xdr.h:217:2: error: use of undeclared identifier 'int32_t'
        int32_t l;
        ^
/Library/Developer/CommandLineTools/SDKs/MacOSX10.14.sdk/usr/include/rpc/xdr.h:219:7: error: no member named 'x_getlong' in 'struct xdr_ops'
        if (!xdr_getlong(xdrs, &l))
             ^~~~~~~~~~~~~~~~~~~~~
/Library/Developer/CommandLineTools/SDKs/MacOSX10.14.sdk/usr/include/rpc/xdr.h:205:19: note: expanded from macro 'xdr_getlong'
        (*(xdrs)->x_ops->x_getlong)(xdrs, longp)
          ~~~~~~~~~~~~~  ^
/Library/Developer/CommandLineTools/SDKs/MacOSX10.14.sdk/usr/include/rpc/xdr.h:219:26: error: use of undeclared identifier 'l'
        if (!xdr_getlong(xdrs, &l))
                                ^
/Library/Developer/CommandLineTools/SDKs/MacOSX10.14.sdk/usr/include/rpc/xdr.h:220:11: error: use of undeclared identifier 'FALSE'
                return (FALSE);
                        ^
/Library/Developer/CommandLineTools/SDKs/MacOSX10.14.sdk/usr/include/rpc/xdr.h:221:8: error: use of undeclared identifier 'l'
        *ip = l;
              ^
fatal error: too many errors emitted, stopping now [-ferror-limit=]
20 errors generated.
make[1]: *** [CMakeFiles/cmTC_81cf8.dir/src.c.o] Error 1
make: *** [cmTC_81cf8/fast] Error 2


Source file was:

#include <rpc/xdr.h>

int main()
{
  (void)sizeof(((struct xdr_ops *)0)->x_putint32);
  return 0;
}

Performing C SOURCE FILE Test HAVE_XDR_OPS_X_GETINT32 failed with the following output:
Change Dir: /Users/qiaoyifan/mysql-server/CMakeFiles/CMakeTmp

Run Build Command(s):/usr/bin/make cmTC_9329a/fast && /Library/Developer/CommandLineTools/usr/bin/make -f CMakeFiles/cmTC_9329a.dir/build.make CMakeFiles/cmTC_9329a.dir/build
Building C object CMakeFiles/cmTC_9329a.dir/src.c.o
/Library/Developer/CommandLineTools/usr/bin/cc -D_FILE_OFFSET_BITS=64 -D_GNU_SOURCE -D__STDC_CONSTANT_MACROS -D__STDC_FORMAT_MACROS -D__STDC_LIMIT_MACROS  -fPIC -fno-omit-frame-pointer  -Wall -Wextra -Wformat-security -Wvla -Wundef -Wmissing-format-attribute -Wwrite-strings -Wconditional-uninitialized -Wextra-semi -Wmissing-noreturn -Wunreachable-code-break -Wunreachable-code-return -DHAVE_XDR_OPS_X_GETINT32 -Wno-error -isysroot /Library/Developer/CommandLineTools/SDKs/MacOSX10.14.sdk   -o CMakeFiles/cmTC_9329a.dir/src.c.o   -c /Users/qiaoyifan/mysql-server/CMakeFiles/CMakeTmp/src.c
In file included from /Users/qiaoyifan/mysql-server/CMakeFiles/CMakeTmp/src.c:2:
/Library/Developer/CommandLineTools/SDKs/MacOSX10.14.sdk/usr/include/rpc/xdr.h:126:3: error: type name requires a specifier or qualifier
                bool_t  (*x_getlong)(struct __rpc_xdr *, int *);
                ^
/Library/Developer/CommandLineTools/SDKs/MacOSX10.14.sdk/usr/include/rpc/xdr.h:128:3: error: type name requires a specifier or qualifier
                bool_t  (*x_putlong)(struct __rpc_xdr *, const int *);
                ^
/Library/Developer/CommandLineTools/SDKs/MacOSX10.14.sdk/usr/include/rpc/xdr.h:128:3: error: duplicate member 'bool_t'
/Library/Developer/CommandLineTools/SDKs/MacOSX10.14.sdk/usr/include/rpc/xdr.h:126:3: note: previous declaration is here
                bool_t  (*x_getlong)(struct __rpc_xdr *, int *);
                ^
/Library/Developer/CommandLineTools/SDKs/MacOSX10.14.sdk/usr/include/rpc/xdr.h:136:3: error: type name requires a specifier or qualifier
                bool_t  (*x_getbytes)(struct __rpc_xdr *, char *, unsigned int);
                ^
/Library/Developer/CommandLineTools/SDKs/MacOSX10.14.sdk/usr/include/rpc/xdr.h:136:3: error: duplicate member 'bool_t'
/Library/Developer/CommandLineTools/SDKs/MacOSX10.14.sdk/usr/include/rpc/xdr.h:126:3: note: previous declaration is here
                bool_t  (*x_getlong)(struct __rpc_xdr *, int *);
                ^
/Library/Developer/CommandLineTools/SDKs/MacOSX10.14.sdk/usr/include/rpc/xdr.h:138:3: error: type name requires a specifier or qualifier
                bool_t  (*x_putbytes)(struct __rpc_xdr *, const char *, unsigned int);
                ^
/Library/Developer/CommandLineTools/SDKs/MacOSX10.14.sdk/usr/include/rpc/xdr.h:138:3: error: duplicate member 'bool_t'
/Library/Developer/CommandLineTools/SDKs/MacOSX10.14.sdk/usr/include/rpc/xdr.h:126:3: note: previous declaration is here
                bool_t  (*x_getlong)(struct __rpc_xdr *, int *);
                ^
/Library/Developer/CommandLineTools/SDKs/MacOSX10.14.sdk/usr/include/rpc/xdr.h:142:3: error: type name requires a specifier or qualifier
                bool_t  (*x_setpostn)(struct __rpc_xdr *, unsigned int);
                ^
/Library/Developer/CommandLineTools/SDKs/MacOSX10.14.sdk/usr/include/rpc/xdr.h:142:3: error: duplicate member 'bool_t'
/Library/Developer/CommandLineTools/SDKs/MacOSX10.14.sdk/usr/include/rpc/xdr.h:126:3: note: previous declaration is here
                bool_t  (*x_getlong)(struct __rpc_xdr *, int *);
                ^
/Library/Developer/CommandLineTools/SDKs/MacOSX10.14.sdk/usr/include/rpc/xdr.h:144:3: error: unknown type name 'int32_t'
                int32_t *(*x_inline)(struct __rpc_xdr *, unsigned int);
                ^
/Library/Developer/CommandLineTools/SDKs/MacOSX10.14.sdk/usr/include/rpc/xdr.h:147:3: error: type name requires a specifier or qualifier
                bool_t  (*x_control)(struct __rpc_xdr *, int, void *);
                ^
/Library/Developer/CommandLineTools/SDKs/MacOSX10.14.sdk/usr/include/rpc/xdr.h:147:3: error: duplicate member 'bool_t'
/Library/Developer/CommandLineTools/SDKs/MacOSX10.14.sdk/usr/include/rpc/xdr.h:126:3: note: previous declaration is here
                bool_t  (*x_getlong)(struct __rpc_xdr *, int *);
                ^
/Library/Developer/CommandLineTools/SDKs/MacOSX10.14.sdk/usr/include/rpc/xdr.h:191:16: error: function cannot return function type 'int (XDR *, void *, unsigned int)' (aka 'int (struct __rpc_xdr *, void *, unsigned int)')
typedef bool_t (*xdrproc_t)(XDR *, void *, unsigned int);
               ^
/Library/Developer/CommandLineTools/SDKs/MacOSX10.14.sdk/usr/include/rpc/xdr.h:215:25: error: unknown type name 'int32_t'
xdr_getint32(XDR *xdrs, int32_t *ip)
                        ^
/Library/Developer/CommandLineTools/SDKs/MacOSX10.14.sdk/usr/include/rpc/xdr.h:217:2: error: use of undeclared identifier 'int32_t'
        int32_t l;
        ^
/Library/Developer/CommandLineTools/SDKs/MacOSX10.14.sdk/usr/include/rpc/xdr.h:219:7: error: no member named 'x_getlong' in 'struct xdr_ops'
        if (!xdr_getlong(xdrs, &l))
             ^~~~~~~~~~~~~~~~~~~~~
/Library/Developer/CommandLineTools/SDKs/MacOSX10.14.sdk/usr/include/rpc/xdr.h:205:19: note: expanded from macro 'xdr_getlong'
        (*(xdrs)->x_ops->x_getlong)(xdrs, longp)
          ~~~~~~~~~~~~~  ^
/Library/Developer/CommandLineTools/SDKs/MacOSX10.14.sdk/usr/include/rpc/xdr.h:219:26: error: use of undeclared identifier 'l'
        if (!xdr_getlong(xdrs, &l))
                                ^
/Library/Developer/CommandLineTools/SDKs/MacOSX10.14.sdk/usr/include/rpc/xdr.h:220:11: error: use of undeclared identifier 'FALSE'
                return (FALSE);
                        ^
/Library/Developer/CommandLineTools/SDKs/MacOSX10.14.sdk/usr/include/rpc/xdr.h:221:8: error: use of undeclared identifier 'l'
        *ip = l;
              ^
fatal error: too many errors emitted, stopping now [-ferror-limit=]
20 errors generated.
make[1]: *** [CMakeFiles/cmTC_9329a.dir/src.c.o] Error 1
make: *** [cmTC_9329a/fast] Error 2


Source file was:

#include <rpc/xdr.h>

int main()
{
  (void)sizeof(((struct xdr_ops *)0)->x_getint32);
  return 0;
}

Performing C SOURCE FILE Test HAVE_RPC_INLINE_T failed with the following output:
Change Dir: /Users/qiaoyifan/mysql-server/CMakeFiles/CMakeTmp

Run Build Command(s):/usr/bin/make cmTC_bba5d/fast && /Library/Developer/CommandLineTools/usr/bin/make -f CMakeFiles/cmTC_bba5d.dir/build.make CMakeFiles/cmTC_bba5d.dir/build
Building C object CMakeFiles/cmTC_bba5d.dir/src.c.o
/Library/Developer/CommandLineTools/usr/bin/cc -D_FILE_OFFSET_BITS=64 -D_GNU_SOURCE -D__STDC_CONSTANT_MACROS -D__STDC_FORMAT_MACROS -D__STDC_LIMIT_MACROS  -fPIC -fno-omit-frame-pointer  -Wall -Wextra -Wformat-security -Wvla -Wundef -Wmissing-format-attribute -Wwrite-strings -Wconditional-uninitialized -Wextra-semi -Wmissing-noreturn -Wunreachable-code-break -Wunreachable-code-return -DHAVE_RPC_INLINE_T -Wno-error -isysroot /Library/Developer/CommandLineTools/SDKs/MacOSX10.14.sdk   -o CMakeFiles/cmTC_bba5d.dir/src.c.o   -c /Users/qiaoyifan/mysql-server/CMakeFiles/CMakeTmp/src.c
/Users/qiaoyifan/mysql-server/CMakeFiles/CMakeTmp/src.c:3:20: error: use of undeclared identifier 'rpc_inline_t'
  int main(void) { rpc_inline_t x; return 0; }
                   ^
1 error generated.
make[1]: *** [CMakeFiles/cmTC_bba5d.dir/src.c.o] Error 1
make: *** [cmTC_bba5d/fast] Error 2


Source file was:

  #include <rpc/types.h>
  int main(void) { rpc_inline_t x; return 0; }
  
Performing C SOURCE FILE Test HAVE_CAST_FUNCTION_TYPE failed with the following output:
Change Dir: /Users/qiaoyifan/mysql-server/CMakeFiles/CMakeTmp

Run Build Command(s):/usr/bin/make cmTC_1697b/fast && /Library/Developer/CommandLineTools/usr/bin/make -f CMakeFiles/cmTC_1697b.dir/build.make CMakeFiles/cmTC_1697b.dir/build
Building C object CMakeFiles/cmTC_1697b.dir/src.c.o
/Library/Developer/CommandLineTools/usr/bin/cc -D_FILE_OFFSET_BITS=64 -D_GNU_SOURCE -D__STDC_CONSTANT_MACROS -D__STDC_FORMAT_MACROS -D__STDC_LIMIT_MACROS  -fPIC -fno-omit-frame-pointer  -Wall -Wextra -Wformat-security -Wvla -Wundef -Wmissing-format-attribute -Wwrite-strings -Wconditional-uninitialized -Wextra-semi -Wmissing-noreturn -Wunreachable-code-break -Wunreachable-code-return -DHAVE_CAST_FUNCTION_TYPE  -Wcast-function-type -isysroot /Library/Developer/CommandLineTools/SDKs/MacOSX10.14.sdk   -o CMakeFiles/cmTC_1697b.dir/src.c.o   -c /Users/qiaoyifan/mysql-server/CMakeFiles/CMakeTmp/src.c
warning: unknown warning option '-Wcast-function-type'; did you mean '-Wbad-function-cast'? [-Wunknown-warning-option]
1 warning generated.
Linking C executable cmTC_1697b
/usr/local/Cellar/cmake/3.15.3/bin/cmake -E cmake_link_script CMakeFiles/cmTC_1697b.dir/link.txt --verbose=1
/Library/Developer/CommandLineTools/usr/bin/cc -fPIC -fno-omit-frame-pointer  -Wall -Wextra -Wformat-security -Wvla -Wundef -Wmissing-format-attribute -Wwrite-strings -Wconditional-uninitialized -Wextra-semi -Wmissing-noreturn -Wunreachable-code-break -Wunreachable-code-return -DHAVE_CAST_FUNCTION_TYPE  -Wcast-function-type -isysroot /Library/Developer/CommandLineTools/SDKs/MacOSX10.14.sdk -Wl,-search_paths_first -Wl,-headerpad_max_install_names   CMakeFiles/cmTC_1697b.dir/src.c.o  -o cmTC_1697b 


Source file was:
int main(void) { return 0; }
Performing C++ SOURCE FILE Test HAVE_CXX_W_unused_but_set_parameter failed with the following output:
Change Dir: /Users/qiaoyifan/mysql-server/CMakeFiles/CMakeTmp

Run Build Command(s):/usr/bin/make cmTC_5862c/fast && /Library/Developer/CommandLineTools/usr/bin/make -f CMakeFiles/cmTC_5862c.dir/build.make CMakeFiles/cmTC_5862c.dir/build
Building CXX object CMakeFiles/cmTC_5862c.dir/src.cxx.o
/Library/Developer/CommandLineTools/usr/bin/c++  -D_FILE_OFFSET_BITS=64 -D_GNU_SOURCE -D__STDC_CONSTANT_MACROS -D__STDC_FORMAT_MACROS -D__STDC_LIMIT_MACROS -I/usr/local/opt/openssl/include  -fPIC -std=c++14 -fno-omit-frame-pointer  -Wall -Wextra -Wformat-security -Wvla -Wundef -Wmissing-format-attribute -Woverloaded-virtual -Wno-null-conversion -Wno-unused-private-field -Wconditional-uninitialized -Wdeprecated -Wextra-semi -Wheader-hygiene -Wnon-virtual-dtor -Wundefined-reinterpret-cast -Winconsistent-missing-destructor-override -Wshadow-field -DHAVE_CXX_W_unused_but_set_parameter  -Wunused-but-set-parameter -isysroot /Library/Developer/CommandLineTools/SDKs/MacOSX10.14.sdk   -o CMakeFiles/cmTC_5862c.dir/src.cxx.o -c /Users/qiaoyifan/mysql-server/CMakeFiles/CMakeTmp/src.cxx
warning: unknown warning option '-Wunused-but-set-parameter'; did you mean '-Wunused-parameter'? [-Wunknown-warning-option]
1 warning generated.
Linking CXX executable cmTC_5862c
/usr/local/Cellar/cmake/3.15.3/bin/cmake -E cmake_link_script CMakeFiles/cmTC_5862c.dir/link.txt --verbose=1
/Library/Developer/CommandLineTools/usr/bin/c++  -fPIC -std=c++14 -fno-omit-frame-pointer  -Wall -Wextra -Wformat-security -Wvla -Wundef -Wmissing-format-attribute -Woverloaded-virtual -Wno-null-conversion -Wno-unused-private-field -Wconditional-uninitialized -Wdeprecated -Wextra-semi -Wheader-hygiene -Wnon-virtual-dtor -Wundefined-reinterpret-cast -Winconsistent-missing-destructor-override -Wshadow-field -DHAVE_CXX_W_unused_but_set_parameter  -Wunused-but-set-parameter -isysroot /Library/Developer/CommandLineTools/SDKs/MacOSX10.14.sdk -Wl,-search_paths_first -Wl,-headerpad_max_install_names   CMakeFiles/cmTC_5862c.dir/src.cxx.o  -o cmTC_5862c 


Source file was:
int main(void) { return 0; }
Determining if the prlimit exist failed with the following output:
Change Dir: /Users/qiaoyifan/mysql-server/CMakeFiles/CMakeTmp

Run Build Command(s):/usr/bin/make cmTC_e5117/fast && /Library/Developer/CommandLineTools/usr/bin/make -f CMakeFiles/cmTC_e5117.dir/build.make CMakeFiles/cmTC_e5117.dir/build
Building C object CMakeFiles/cmTC_e5117.dir/CheckSymbolExists.c.o
/Library/Developer/CommandLineTools/usr/bin/cc   -fPIC -fno-omit-frame-pointer  -Wall -Wextra -Wformat-security -Wvla -Wundef -Wmissing-format-attribute -Wwrite-strings -Wconditional-uninitialized -Wextra-semi -Wmissing-noreturn -Wunreachable-code-break -Wunreachable-code-return -D_GNU_SOURCE -isysroot /Library/Developer/CommandLineTools/SDKs/MacOSX10.14.sdk   -o CMakeFiles/cmTC_e5117.dir/CheckSymbolExists.c.o   -c /Users/qiaoyifan/mysql-server/CMakeFiles/CMakeTmp/CheckSymbolExists.c
/Users/qiaoyifan/mysql-server/CMakeFiles/CMakeTmp/CheckSymbolExists.c:8:19: error: use of undeclared identifier 'prlimit'
  return ((int*)(&prlimit))[argc];
                  ^
1 error generated.
make[1]: *** [CMakeFiles/cmTC_e5117.dir/CheckSymbolExists.c.o] Error 1
make: *** [cmTC_e5117/fast] Error 2


File /Users/qiaoyifan/mysql-server/CMakeFiles/CMakeTmp/CheckSymbolExists.c:
/* */
#include <sys/resource.h>

int main(int argc, char** argv)
{
  (void)argv;
#ifndef prlimit
  return ((int*)(&prlimit))[argc];
#else
  (void)argc;
  return 0;
#endif
}

Performing C++ SOURCE FILE Test COMPILER_HAS_PROFILE_INSTR_GENERATE failed with the following output:
Change Dir: /Users/qiaoyifan/mysql-server/CMakeFiles/CMakeTmp

Run Build Command(s):/usr/bin/make cmTC_d30da/fast && /Library/Developer/CommandLineTools/usr/bin/make -f CMakeFiles/cmTC_d30da.dir/build.make CMakeFiles/cmTC_d30da.dir/build
Building CXX object CMakeFiles/cmTC_d30da.dir/src.cxx.o
/Library/Developer/CommandLineTools/usr/bin/c++    -fPIC -std=c++14 -fno-omit-frame-pointer  -Wall -Wextra -Wformat-security -Wvla -Wundef -Wmissing-format-attribute -Woverloaded-virtual -Wno-null-conversion -Wno-unused-private-field -Wconditional-uninitialized -Wdeprecated -Wextra-semi -Wheader-hygiene -Wnon-virtual-dtor -Wundefined-reinterpret-cast -Winconsistent-missing-destructor-override -Wshadow-field -DCOMPILER_HAS_PROFILE_INSTR_GENERATE -isysroot /Library/Developer/CommandLineTools/SDKs/MacOSX10.14.sdk   -fprofile-instr-generate -o CMakeFiles/cmTC_d30da.dir/src.cxx.o -c /Users/qiaoyifan/mysql-server/CMakeFiles/CMakeTmp/src.cxx
Linking CXX executable cmTC_d30da
/usr/local/Cellar/cmake/3.15.3/bin/cmake -E cmake_link_script CMakeFiles/cmTC_d30da.dir/link.txt --verbose=1
/Library/Developer/CommandLineTools/usr/bin/c++  -fPIC -std=c++14 -fno-omit-frame-pointer  -Wall -Wextra -Wformat-security -Wvla -Wundef -Wmissing-format-attribute -Woverloaded-virtual -Wno-null-conversion -Wno-unused-private-field -Wconditional-uninitialized -Wdeprecated -Wextra-semi -Wheader-hygiene -Wnon-virtual-dtor -Wundefined-reinterpret-cast -Winconsistent-missing-destructor-override -Wshadow-field -DCOMPILER_HAS_PROFILE_INSTR_GENERATE -isysroot /Library/Developer/CommandLineTools/SDKs/MacOSX10.14.sdk -Wl,-search_paths_first -Wl,-headerpad_max_install_names   CMakeFiles/cmTC_d30da.dir/src.cxx.o  -o cmTC_d30da 
Undefined symbols for architecture x86_64:
  "___llvm_profile_runtime", referenced from:
      ___llvm_profile_runtime_user in src.cxx.o
     (maybe you meant: ___llvm_profile_runtime_user)
ld: symbol(s) not found for architecture x86_64
clang: error: linker command failed with exit code 1 (use -v to see invocation)
make[1]: *** [cmTC_d30da] Error 1
make: *** [cmTC_d30da/fast] Error 2


Source file was:
int main() { return 0; }
Performing C++ SOURCE FILE Test COMPILER_HAS_SANITIZE_FUZZER failed with the following output:
Change Dir: /Users/qiaoyifan/mysql-server/CMakeFiles/CMakeTmp

Run Build Command(s):/usr/bin/make cmTC_adf46/fast && /Library/Developer/CommandLineTools/usr/bin/make -f CMakeFiles/cmTC_adf46.dir/build.make CMakeFiles/cmTC_adf46.dir/build
Building CXX object CMakeFiles/cmTC_adf46.dir/src.cxx.o
/Library/Developer/CommandLineTools/usr/bin/c++    -fPIC -std=c++14 -fno-omit-frame-pointer  -Wall -Wextra -Wformat-security -Wvla -Wundef -Wmissing-format-attribute -Woverloaded-virtual -Wno-null-conversion -Wno-unused-private-field -Wconditional-uninitialized -Wdeprecated -Wextra-semi -Wheader-hygiene -Wnon-virtual-dtor -Wundefined-reinterpret-cast -Winconsistent-missing-destructor-override -Wshadow-field -DCOMPILER_HAS_SANITIZE_FUZZER -fsanitize=fuzzer -isysroot /Library/Developer/CommandLineTools/SDKs/MacOSX10.14.sdk   -o CMakeFiles/cmTC_adf46.dir/src.cxx.o -c /Users/qiaoyifan/mysql-server/CMakeFiles/CMakeTmp/src.cxx
Linking CXX executable cmTC_adf46
/usr/local/Cellar/cmake/3.15.3/bin/cmake -E cmake_link_script CMakeFiles/cmTC_adf46.dir/link.txt --verbose=1
/Library/Developer/CommandLineTools/usr/bin/c++  -fPIC -std=c++14 -fno-omit-frame-pointer  -Wall -Wextra -Wformat-security -Wvla -Wundef -Wmissing-format-attribute -Woverloaded-virtual -Wno-null-conversion -Wno-unused-private-field -Wconditional-uninitialized -Wdeprecated -Wextra-semi -Wheader-hygiene -Wnon-virtual-dtor -Wundefined-reinterpret-cast -Winconsistent-missing-destructor-override -Wshadow-field -DCOMPILER_HAS_SANITIZE_FUZZER -fsanitize=fuzzer -isysroot /Library/Developer/CommandLineTools/SDKs/MacOSX10.14.sdk -Wl,-search_paths_first -Wl,-headerpad_max_install_names   CMakeFiles/cmTC_adf46.dir/src.cxx.o  -o cmTC_adf46 -fsanitize=fuzzer 
ld: file not found: /Library/Developer/CommandLineTools/usr/lib/clang/10.0.1/lib/darwin/libclang_rt.fuzzer_osx.a
clang: error: linker command failed with exit code 1 (use -v to see invocation)
make[1]: *** [cmTC_adf46] Error 1
make: *** [cmTC_adf46/fast] Error 2


Source file was:

extern "C" int LLVMFuzzerTestOneInput (void *, int)
{ return 0; }
Performing C++ SOURCE FILE Test CLANG_HAS_LIBFUZZER failed with the following output:
Change Dir: /Users/qiaoyifan/mysql-server/CMakeFiles/CMakeTmp

Run Build Command(s):/usr/bin/make cmTC_9f916/fast && /Library/Developer/CommandLineTools/usr/bin/make -f CMakeFiles/cmTC_9f916.dir/build.make CMakeFiles/cmTC_9f916.dir/build
Building CXX object CMakeFiles/cmTC_9f916.dir/src.cxx.o
/Library/Developer/CommandLineTools/usr/bin/c++    -fPIC -std=c++14 -fno-omit-frame-pointer  -Wall -Wextra -Wformat-security -Wvla -Wundef -Wmissing-format-attribute -Woverloaded-virtual -Wno-null-conversion -Wno-unused-private-field -Wconditional-uninitialized -Wdeprecated -Wextra-semi -Wheader-hygiene -Wnon-virtual-dtor -Wundefined-reinterpret-cast -Winconsistent-missing-destructor-override -Wshadow-field -DCLANG_HAS_LIBFUZZER -fsanitize-coverage=trace-pc-guard -isysroot /Library/Developer/CommandLineTools/SDKs/MacOSX10.14.sdk   -o CMakeFiles/cmTC_9f916.dir/src.cxx.o -c /Users/qiaoyifan/mysql-server/CMakeFiles/CMakeTmp/src.cxx
Linking CXX executable cmTC_9f916
/usr/local/Cellar/cmake/3.15.3/bin/cmake -E cmake_link_script CMakeFiles/cmTC_9f916.dir/link.txt --verbose=1
/Library/Developer/CommandLineTools/usr/bin/c++  -fPIC -std=c++14 -fno-omit-frame-pointer  -Wall -Wextra -Wformat-security -Wvla -Wundef -Wmissing-format-attribute -Woverloaded-virtual -Wno-null-conversion -Wno-unused-private-field -Wconditional-uninitialized -Wdeprecated -Wextra-semi -Wheader-hygiene -Wnon-virtual-dtor -Wundefined-reinterpret-cast -Winconsistent-missing-destructor-override -Wshadow-field -DCLANG_HAS_LIBFUZZER -fsanitize-coverage=trace-pc-guard -isysroot /Library/Developer/CommandLineTools/SDKs/MacOSX10.14.sdk -Wl,-search_paths_first -Wl,-headerpad_max_install_names   CMakeFiles/cmTC_9f916.dir/src.cxx.o  -o cmTC_9f916 -lFuzzer 
ld: library not found for -lFuzzer
clang: error: linker command failed with exit code 1 (use -v to see invocation)
make[1]: *** [cmTC_9f916] Error 1
make: *** [cmTC_9f916/fast] Error 2


Source file was:

      extern "C" int LLVMFuzzerTestOneInput (void *, int)
      { return 0; }
Performing C++ SOURCE FILE Test HAVE_CXX_W_suggest_attribute_format failed with the following output:
Change Dir: /Users/qiaoyifan/mysql-server/CMakeFiles/CMakeTmp

Run Build Command(s):/usr/bin/make cmTC_967dc/fast && /Library/Developer/CommandLineTools/usr/bin/make -f CMakeFiles/cmTC_967dc.dir/build.make CMakeFiles/cmTC_967dc.dir/build
Building CXX object CMakeFiles/cmTC_967dc.dir/src.cxx.o
/Library/Developer/CommandLineTools/usr/bin/c++  -D_FILE_OFFSET_BITS=64 -D_GNU_SOURCE -D__STDC_CONSTANT_MACROS -D__STDC_FORMAT_MACROS -D__STDC_LIMIT_MACROS -I/usr/local/opt/openssl/include  -fPIC -std=c++14 -fno-omit-frame-pointer  -Wall -Wextra -Wformat-security -Wvla -Wundef -Wmissing-format-attribute -Woverloaded-virtual -Wno-null-conversion -Wno-unused-private-field -Wconditional-uninitialized -Wdeprecated -Wextra-semi -Wheader-hygiene -Wnon-virtual-dtor -Wundefined-reinterpret-cast -Winconsistent-missing-destructor-override -Wshadow-field -DHAVE_CXX_W_suggest_attribute_format  -Wsuggest-attribute=format -isysroot /Library/Developer/CommandLineTools/SDKs/MacOSX10.14.sdk   -o CMakeFiles/cmTC_967dc.dir/src.cxx.o -c /Users/qiaoyifan/mysql-server/CMakeFiles/CMakeTmp/src.cxx
warning: unknown warning option '-Wsuggest-attribute=format'; did you mean '-Wproperty-attribute-mismatch'? [-Wunknown-warning-option]
1 warning generated.
Linking CXX executable cmTC_967dc
/usr/local/Cellar/cmake/3.15.3/bin/cmake -E cmake_link_script CMakeFiles/cmTC_967dc.dir/link.txt --verbose=1
/Library/Developer/CommandLineTools/usr/bin/c++  -fPIC -std=c++14 -fno-omit-frame-pointer  -Wall -Wextra -Wformat-security -Wvla -Wundef -Wmissing-format-attribute -Woverloaded-virtual -Wno-null-conversion -Wno-unused-private-field -Wconditional-uninitialized -Wdeprecated -Wextra-semi -Wheader-hygiene -Wnon-virtual-dtor -Wundefined-reinterpret-cast -Winconsistent-missing-destructor-override -Wshadow-field -DHAVE_CXX_W_suggest_attribute_format  -Wsuggest-attribute=format -isysroot /Library/Developer/CommandLineTools/SDKs/MacOSX10.14.sdk -Wl,-search_paths_first -Wl,-headerpad_max_install_names   CMakeFiles/cmTC_967dc.dir/src.cxx.o  -o cmTC_967dc 


Source file was:
int main(void) { return 0; }
Performing C++ SOURCE FILE Test HAVE_CXX_W_format_truncation failed with the following output:
Change Dir: /Users/qiaoyifan/mysql-server/CMakeFiles/CMakeTmp

Run Build Command(s):/usr/bin/make cmTC_96333/fast && /Library/Developer/CommandLineTools/usr/bin/make -f CMakeFiles/cmTC_96333.dir/build.make CMakeFiles/cmTC_96333.dir/build
Building CXX object CMakeFiles/cmTC_96333.dir/src.cxx.o
/Library/Developer/CommandLineTools/usr/bin/c++  -D_FILE_OFFSET_BITS=64 -D_GNU_SOURCE -D__STDC_CONSTANT_MACROS -D__STDC_FORMAT_MACROS -D__STDC_LIMIT_MACROS -I/usr/local/opt/openssl/include  -fPIC -std=c++14 -fno-omit-frame-pointer  -Wall -Wextra -Wformat-security -Wvla -Wundef -Wmissing-format-attribute -Woverloaded-virtual -Wno-null-conversion -Wno-unused-private-field -Wconditional-uninitialized -Wdeprecated -Wextra-semi -Wheader-hygiene -Wnon-virtual-dtor -Wundefined-reinterpret-cast -Winconsistent-missing-destructor-override -Wshadow-field -DHAVE_CXX_W_format_truncation  -Wformat-truncation -isysroot /Library/Developer/CommandLineTools/SDKs/MacOSX10.14.sdk   -o CMakeFiles/cmTC_96333.dir/src.cxx.o -c /Users/qiaoyifan/mysql-server/CMakeFiles/CMakeTmp/src.cxx
warning: unknown warning option '-Wformat-truncation' [-Wunknown-warning-option]
1 warning generated.
Linking CXX executable cmTC_96333
/usr/local/Cellar/cmake/3.15.3/bin/cmake -E cmake_link_script CMakeFiles/cmTC_96333.dir/link.txt --verbose=1
/Library/Developer/CommandLineTools/usr/bin/c++  -fPIC -std=c++14 -fno-omit-frame-pointer  -Wall -Wextra -Wformat-security -Wvla -Wundef -Wmissing-format-attribute -Woverloaded-virtual -Wno-null-conversion -Wno-unused-private-field -Wconditional-uninitialized -Wdeprecated -Wextra-semi -Wheader-hygiene -Wnon-virtual-dtor -Wundefined-reinterpret-cast -Winconsistent-missing-destructor-override -Wshadow-field -DHAVE_CXX_W_format_truncation  -Wformat-truncation -isysroot /Library/Developer/CommandLineTools/SDKs/MacOSX10.14.sdk -Wl,-search_paths_first -Wl,-headerpad_max_install_names   CMakeFiles/cmTC_96333.dir/src.cxx.o  -o cmTC_96333 


Source file was:
int main(void) { return 0; }
Performing C++ SOURCE FILE Test HAVE_CXX_W_format_overflow failed with the following output:
Change Dir: /Users/qiaoyifan/mysql-server/CMakeFiles/CMakeTmp

Run Build Command(s):/usr/bin/make cmTC_71e1c/fast && /Library/Developer/CommandLineTools/usr/bin/make -f CMakeFiles/cmTC_71e1c.dir/build.make CMakeFiles/cmTC_71e1c.dir/build
Building CXX object CMakeFiles/cmTC_71e1c.dir/src.cxx.o
/Library/Developer/CommandLineTools/usr/bin/c++  -D_FILE_OFFSET_BITS=64 -D_GNU_SOURCE -D__STDC_CONSTANT_MACROS -D__STDC_FORMAT_MACROS -D__STDC_LIMIT_MACROS -I/usr/local/opt/openssl/include  -fPIC -std=c++14 -fno-omit-frame-pointer  -Wall -Wextra -Wformat-security -Wvla -Wundef -Wmissing-format-attribute -Woverloaded-virtual -Wno-null-conversion -Wno-unused-private-field -Wconditional-uninitialized -Wdeprecated -Wextra-semi -Wheader-hygiene -Wnon-virtual-dtor -Wundefined-reinterpret-cast -Winconsistent-missing-destructor-override -Wshadow-field -DHAVE_CXX_W_format_overflow  -Wformat-overflow -isysroot /Library/Developer/CommandLineTools/SDKs/MacOSX10.14.sdk   -o CMakeFiles/cmTC_71e1c.dir/src.cxx.o -c /Users/qiaoyifan/mysql-server/CMakeFiles/CMakeTmp/src.cxx
warning: unknown warning option '-Wformat-overflow'; did you mean '-Wshift-overflow'? [-Wunknown-warning-option]
1 warning generated.
Linking CXX executable cmTC_71e1c
/usr/local/Cellar/cmake/3.15.3/bin/cmake -E cmake_link_script CMakeFiles/cmTC_71e1c.dir/link.txt --verbose=1
/Library/Developer/CommandLineTools/usr/bin/c++  -fPIC -std=c++14 -fno-omit-frame-pointer  -Wall -Wextra -Wformat-security -Wvla -Wundef -Wmissing-format-attribute -Woverloaded-virtual -Wno-null-conversion -Wno-unused-private-field -Wconditional-uninitialized -Wdeprecated -Wextra-semi -Wheader-hygiene -Wnon-virtual-dtor -Wundefined-reinterpret-cast -Winconsistent-missing-destructor-override -Wshadow-field -DHAVE_CXX_W_format_overflow  -Wformat-overflow -isysroot /Library/Developer/CommandLineTools/SDKs/MacOSX10.14.sdk -Wl,-search_paths_first -Wl,-headerpad_max_install_names   CMakeFiles/cmTC_71e1c.dir/src.cxx.o  -o cmTC_71e1c 


Source file was:
int main(void) { return 0; }
